ClkCycle  pc_rdata  pc_wdata  insn      mode      rs1_addr  rs1_rdata rs2_addr  rs2_rdata rd_addr   rd_wdata  mem_addr  mem_rdata mem_wdata inst_str
6         00000000  00000004  feedc0b7  3         27        00000000  14        00000000  1         feedc000  feedc000  00000000  00000000  lui     ra, 0xfeedc
7         00000004  00000008  ead08093  3         1         00000000  13        00000000  1         feedbead  feedbead  00000000  00000000  addi    ra, ra, -339
8         00000008  0000000c  ff76e137  3         13        00000000  23        00000000  2         ff76e000  ff76e000  00000000  00000000  lui     sp, 0xff76e
9         0000000c  00000010  f5610113  3         2         00000000  22        00000000  2         ff76df56  ff76df56  00000000  00000000  addi    sp, sp, -170
10        00000010  00000014  7fbb71b7  3         22        00000000  27        00000000  3         7fbb7000  7fbb7000  00000000  00000000  lui     gp, 0x7fbb7
11        00000014  00000018  fab18193  3         3         00000000  11        00000000  3         7fbb6fab  7fbb6fab  00000000  00000000  addi    gp, gp, -85
12        00000018  0000001c  bfddb237  3         27        00000000  29        00000000  4         bfddb000  bfddb000  00000000  00000000  lui     tp, 0xbfddb
13        0000001c  00000020  7d520213  3         4         00000000  21        00000000  4         bfddb7d5  bfddb7d5  00000000  00000000  addi    tp, tp, 2005
14        00000020  00000024  dfeee2b7  3         29        00000000  30        00000000  5         dfeee000  dfeee000  00000000  00000000  lui     t0, 0xdfeee
15        00000024  00000028  bea28293  3         5         00000000  10        00000000  5         dfeedbea  dfeedbea  00000000  00000000  addi    t0, t0, -1046
16        00000028  0000002c  6ff77337  3         14        00000000  31        00000000  6         6ff77000  6ff77000  00000000  00000000  lui     t1, 0x6ff77
17        0000002c  00000030  df530313  3         6         00000000  21        00000000  6         6ff76df5  6ff76df5  00000000  00000000  addi    t1, t1, -523
18        00000030  00000034  b7fbb3b7  3         23        00000000  31        00000000  7         b7fbb000  b7fbb000  00000000  00000000  lui     t2, 0xb7fbb
19        00000034  00000038  6fa38393  3         7         00000000  26        00000000  7         b7fbb6fa  b7fbb6fa  00000000  00000000  addi    t2, t2, 1786
20        00000038  0000003c  5bfde437  3         27        00000000  31        00000000  8         5bfde000  5bfde000  00000000  00000000  lui     s0, 0x5bfde
21        0000003c  00000040  b7d40413  3         8         00000000  29        00000000  8         5bfddb7d  5bfddb7d  00000000  00000000  addi    s0, s0, -1155
22        00000040  00000044  adfef4b7  3         29        00000000  31        00000000  9         adfef000  adfef000  00000000  00000000  lui     s1, 0xadfef
23        00000044  00000048  dbe48493  3         9         00000000  30        00000000  9         adfeedbe  adfeedbe  00000000  00000000  addi    s1, s1, -578
24        00000048  0000004c  56ff7537  3         30        00000000  15        00000000  10        56ff7000  56ff7000  00000000  00000000  lui     a0, 0x56ff7
25        0000004c  00000050  6df50513  3         10        00000000  31        00000000  10        56ff76df  56ff76df  00000000  00000000  addi    a0, a0, 1759
26        00000050  00000054  ab7fc5b7  3         31        00000000  23        00000000  11        ab7fc000  ab7fc000  00000000  00000000  lui     a1, 0xab7fc
27        00000054  00000058  b6f58593  3         11        00000000  15        00000000  11        ab7fbb6f  ab7fbb6f  00000000  00000000  addi    a1, a1, -1169
28        00000058  0000005c  d5bfe637  3         31        00000000  27        00000000  12        d5bfe000  d5bfe000  00000000  00000000  lui     a2, 0xd5bfe
29        0000005c  00000060  db760613  3         12        00000000  23        00000000  12        d5bfddb7  d5bfddb7  00000000  00000000  addi    a2, a2, -585
30        00000060  00000064  eadff6b7  3         31        00000000  13        00000000  13        eadff000  eadff000  00000000  00000000  lui     a3, 0xeadff
31        00000064  00000068  edb68693  3         13        00000000  27        00000000  13        eadfeedb  eadfeedb  00000000  00000000  addi    a3, a3, -293
32        00000068  0000006c  f56ff737  3         31        00000000  22        00000000  14        f56ff000  f56ff000  00000000  00000000  lui     a4, 0xf56ff
33        0000006c  00000070  76d70713  3         14        00000000  13        eadff000  14        f56ff76d  f56ff76d  00000000  eadfeedb  addi    a4, a4, 1901
34        00000070  00000074  fab807b7  3         16        00000000  11        ab7fbb6f  15        fab80000  fab80000  00000000  ab7fbb6f  lui     a5, 0xfab80
35        00000074  00000078  bb678793  3         15        00000000  22        00000000  15        fab7fbb6  fab7fbb6  00000000  00000000  addi    a5, a5, -1098
36        00000078  0000007c  7d5c0837  3         24        00000000  21        00000000  16        7d5c0000  7d5c0000  00000000  00000000  lui     a6, 0x7d5c0
37        0000007c  00000080  ddb80813  3         16        00000000  27        00000000  16        7d5bfddb  7d5bfddb  00000000  00000000  addi    a6, a6, -549
38        00000080  00000084  beae08b7  3         28        00000000  10        56ff76df  17        beae0000  beae0000  00000000  56ff76df  lui     a7, 0xbeae0
39        00000084  00000088  eed88893  3         17        00000000  13        eadfeedb  17        beadfeed  beadfeed  00000000  eadfeedb  addi    a7, a7, -275
40        00000088  0000008c  df570937  3         14        f56ff76d  21        00000000  18        df570000  df570000  00000000  00000000  lui     s2, 0xdf570
41        0000008c  00000090  f7690913  3         18        00000000  22        00000000  18        df56ff76  df56ff76  00000000  00000000  addi    s2, s2, -138
42        00000090  00000094  6fab89b7  3         23        00000000  26        00000000  19        6fab8000  6fab8000  00000000  00000000  lui     s3, 0x6fab8
43        00000094  00000098  fbb98993  3         19        00000000  27        00000000  19        6fab7fbb  6fab7fbb  00000000  00000000  addi    s3, s3, -69
44        00000098  0000009c  b7d5ca37  3         11        ab7fbb6f  29        00000000  20        b7d5c000  b7d5c000  00000000  00000000  lui     s4, 0xb7d5c
45        0000009c  000000a0  fdda0a13  3         20        00000000  29        00000000  20        b7d5bfdd  b7d5bfdd  00000000  00000000  addi    s4, s4, -35
46        000000a0  000000a4  dbeaeab7  3         21        00000000  30        00000000  21        dbeae000  dbeae000  00000000  00000000  lui     s5, 0xdbeae
47        000000a4  000000a8  feea8a93  3         21        00000000  14        f56ff76d  21        dbeadfee  dbeadfee  00000000  f56ff76d  addi    s5, s5, -18
48        000000a8  000000ac  6df57b37  3         10        56ff76df  31        00000000  22        6df57000  6df57000  00000000  00000000  lui     s6, 0x6df57
49        000000ac  000000b0  ff7b0b13  3         22        00000000  23        00000000  22        6df56ff7  6df56ff7  00000000  00000000  addi    s6, s6, -9
50        000000b0  000000b4  b6fabbb7  3         21        dbeadfee  15        fab7fbb6  23        b6fab000  b6fab000  00000000  fab7fbb6  lui     s7, 0xb6fab
51        000000b4  000000b8  7fbb8b93  3         23        00000000  27        00000000  23        b6fab7fb  b6fab7fb  00000000  00000000  addi    s7, s7, 2043
52        000000b8  000000bc  db7d6c37  3         26        00000000  23        00000000  24        db7d6000  db7d6000  00000000  b6fab7fb  lui     s8, 0xdb7d6
53        000000bc  000000c0  bfdc0c13  3         24        00000000  29        00000000  24        db7d5bfd  db7d5bfd  00000000  00000000  addi    s8, s8, -1027
54        000000c0  000000c4  edbebcb7  3         29        00000000  27        00000000  25        edbeb000  edbeb000  00000000  00000000  lui     s9, 0xedbeb
55        000000c4  000000c8  dfec8c93  3         25        00000000  30        00000000  25        edbeadfe  edbeadfe  00000000  00000000  addi    s9, s9, -514
56        000000c8  000000cc  76df5d37  3         30        00000000  13        eadfeedb  26        76df5000  76df5000  00000000  eadfeedb  lui     s10, 0x76df5
57        000000cc  000000d0  6ffd0d13  3         26        00000000  31        00000000  26        76df56ff  76df56ff  00000000  00000000  addi    s10, s10, 1791
58        000000d0  000000d4  bb6fbdb7  3         31        00000000  22        6df56ff7  27        bb6fb000  bb6fb000  00000000  6df56ff7  lui     s11, 0xbb6fb
59        000000d4  000000d8  b7fd8d93  3         27        00000000  31        00000000  27        bb6fab7f  bb6fab7f  00000000  00000000  addi    s11, s11, -1153
60        000000d8  000000dc  ddb7de37  3         15        fab7fbb6  27        00000000  28        ddb7d000  ddb7d000  00000000  bb6fab7f  lui     t3, 0xddb7d
61        000000dc  000000e0  5bfe0e13  3         28        00000000  31        00000000  28        ddb7d5bf  ddb7d5bf  00000000  00000000  addi    t3, t3, 1471
62        000000e0  000000e4  eedbfeb7  3         23        b6fab7fb  13        eadfeedb  29        eedbf000  eedbf000  00000000  eadfeedb  lui     t4, 0xeedbf
63        000000e4  000000e8  adfe8e93  3         29        00000000  31        00000000  29        eedbeadf  eedbeadf  00000000  00000000  addi    t4, t4, -1313
64        000000e8  000000ec  f76dff37  3         27        bb6fab7f  22        6df56ff7  30        f76df000  f76df000  00000000  6df56ff7  lui     t5, 0xf76df
65        000000ec  000000f0  56ff0f13  3         30        00000000  15        fab7fbb6  30        f76df56f  f76df56f  00000000  fab7fbb6  addi    t5, t5, 1391
66        000000f0  000000f4  fbb70fb7  3         14        f56ff76d  27        bb6fab7f  31        fbb70000  fbb70000  00000000  bb6fab7f  lui     t6, 0xfbb70
67        000000f4  000000f8  ab7f8f93  3         31        00000000  23        b6fab7fb  31        fbb6fab7  fbb6fab7  00000000  b6fab7fb  addi    t6, t6, -1353
68        000000f8  000000fc  00000013  3         0         00000000  0         00000000  0         00000000  00000000  00000000  00000000  nop
69        000000fc  00000100  00000013  3         0         00000000  0         00000000  0         00000000  00000000  00000000  00000000  nop
70        00000100  00000104  00002497  3         0         00000000  0         00000000  9         00002100  00002100  00000000  00000000  auipc   s1, 0x2
71        00000104  00000108  f0048493  3         9         adfeedbe  0         00000000  9         00002000  00002000  00000000  00000000  addi    s1, s1, -256
72        00000108  0000010c  00000013  3         0         00000000  0         00000000  0         00000000  00000000  00000000  00000000  nop
73        0000010c  00000110  00000013  3         0         00000000  0         00000000  0         00000000  00000000  00000000  00000000  nop
74        00000110  00000114  00000013  3         0         00000000  0         00000000  0         00000000  00000000  00000000  00000000  nop
75        00000114  00000118  00000013  3         0         00000000  0         00000000  0         00000000  00000000  00000000  00000000  nop
76        00000118  0000011c  00000013  3         0         00000000  0         00000000  0         00000000  00000000  00000000  00000000  nop
77        0000011c  00000120  00000013  3         0         00000000  0         00000000  0         00000000  00000000  00000000  00000000  nop
78        00000120  00000124  fff00413  3         0         00000000  31        fbb6fab7  8         ffffffff  ffffffff  00000000  fbb6fab7  li      s0, -1
79        00000124  00000128  0084a023  3         9         00002000  8         5bfddb7d  0         00002000  00002000  00000000  ffffffff  sw      s0, 0(s1)
80        00000128  0000012c  0ff0000f  3         0         00000000  31        fbb6fab7  0         000000ff  000000ff  00000000  fbb6fab7  fence
81        0000012c  00000130  0004a183  3         9         00002000  0         00000000  3         ffffffff  00002000  ffffffff  00000000  lw      gp, 0(s1)
82        00000130  00000134  00000013  3         0         00000000  0         00000000  0         00000000  00000000  00000000  00000000  nop
83        00000134  00000138  00000013  3         0         00000000  0         00000000  0         00000000  00000000  00000000  00000000  nop
84        00000138  0000013c  00000013  3         0         00000000  0         00000000  0         00000000  00000000  00000000  00000000  nop
85        0000013c  00000140  00000013  3         0         00000000  0         00000000  0         00000000  00000000  00000000  00000000  nop
86        00000140  00000144  00003497  3         0         00000000  0         00000000  9         00003140  00003140  00000000  00000000  auipc   s1, 0x3
87        00000144  00000148  fd448493  3         9         00002000  20        b7d5bfdd  9         00003114  00003114  00000000  b7d5bfdd  addi    s1, s1, -44
88        00000148  0000014c  00000013  3         0         00000000  0         00000000  0         00000000  00000000  00000000  00000000  nop
89        0000014c  00000150  00000013  3         0         00000000  0         00000000  0         00000000  00000000  00000000  00000000  nop
90        00000150  00000154  00000013  3         0         00000000  0         00000000  0         00000000  00000000  00000000  00000000  nop
91        00000154  00000158  00000013  3         0         00000000  0         00000000  0         00000000  00000000  00000000  00000000  nop
92        00000158  0000015c  00000013  3         0         00000000  0         00000000  0         00000000  00000000  00000000  00000000  nop
93        0000015c  00000160  00000013  3         0         00000000  0         00000000  0         00000000  00000000  00000000  00000000  nop
94        00000160  00000164  0034a023  3         9         00003114  3         ffffffff  0         00003114  00003114  ffffffff  ffffffff  sw      gp, 0(s1)
95        00000164  00000168  0200006f  3         0         00000000  0         00000000  0         00000168  00000020  00000000  00000000  j       80000184
97        00000184  00000188  00100093  3         0         00000000  1         feedbead  1         00000001  00000001  00000000  feedbead  li      ra, 1
98        00000188  0000018c  00001f17  3         0         00000000  0         00000000  30        00001188  00001188  00000000  00000000  auipc   t5, 0x1
99        0000018c  00000190  e61f2c23  3         30        f76df56f  1         feedbead  24        00001000  00001000  ffffffff  00000001  sw      ra, -392(t5)
4096      00004000  00004004  feedc0b7  3         27        bb6fab7f  14        f56ff76d  1         feedc000  feedc000  00000000  f56ff76d  lui     ra, 0xfeedc
4097      00004004  00004008  ead08093  3         1         00000001  13        eadfeedb  1         feedbead  feedbead  00000000  eadfeedb  addi    ra, ra, -339
4098      00004008  0000400c  ff76e137  3         13        eadfeedb  23        b6fab7fb  2         ff76e000  ff76e000  00000000  b6fab7fb  lui     sp, 0xff76e
4099      0000400c  00004010  f5610113  3         2         ff76df56  22        6df56ff7  2         ff76df56  ff76df56  00000000  6df56ff7  addi    sp, sp, -170
4100      00004010  00004014  7fbb71b7  3         22        6df56ff7  27        bb6fab7f  3         7fbb7000  7fbb7000  00000000  bb6fab7f  lui     gp, 0x7fbb7
4101      00004014  00004018  fab18193  3         3         ffffffff  11        ab7fbb6f  3         7fbb6fab  7fbb6fab  00000000  ab7fbb6f  addi    gp, gp, -85
4102      00004018  0000401c  bfddb237  3         27        bb6fab7f  29        eedbeadf  4         bfddb000  bfddb000  00000000  eedbeadf  lui     tp, 0xbfddb
4103      0000401c  00004020  7d520213  3         4         bfddb7d5  21        dbeadfee  4         bfddb7d5  bfddb7d5  00000000  dbeadfee  addi    tp, tp, 2005
4104      00004020  00004024  dfeee2b7  3         29        eedbeadf  30        00001188  5         dfeee000  dfeee000  00000000  00001188  lui     t0, 0xdfeee
4105      00004024  00004028  bea28293  3         5         dfeedbea  10        56ff76df  5         dfeedbea  dfeedbea  00000000  56ff76df  addi    t0, t0, -1046
4106      00004028  0000402c  6ff77337  3         14        f56ff76d  31        fbb6fab7  6         6ff77000  6ff77000  00000000  fbb6fab7  lui     t1, 0x6ff77
4107      0000402c  00004030  df530313  3         6         6ff76df5  21        dbeadfee  6         6ff76df5  6ff76df5  00000000  dbeadfee  addi    t1, t1, -523
4108      00004030  00004034  b7fbb3b7  3         23        b6fab7fb  31        fbb6fab7  7         b7fbb000  b7fbb000  00000000  fbb6fab7  lui     t2, 0xb7fbb
4109      00004034  00004038  6fa38393  3         7         b7fbb6fa  26        76df56ff  7         b7fbb6fa  b7fbb6fa  00000000  76df56ff  addi    t2, t2, 1786
4110      00004038  0000403c  5bfde437  3         27        bb6fab7f  31        fbb6fab7  8         5bfde000  5bfde000  00000000  fbb6fab7  lui     s0, 0x5bfde
4111      0000403c  00004040  b7d40413  3         8         ffffffff  29        eedbeadf  8         5bfddb7d  5bfddb7d  00000000  eedbeadf  addi    s0, s0, -1155
4112      00004040  00004044  adfef4b7  3         29        eedbeadf  31        fbb6fab7  9         adfef000  adfef000  00000000  fbb6fab7  lui     s1, 0xadfef
4113      00004044  00004048  dbe48493  3         9         00003114  30        00001188  9         adfeedbe  adfeedbe  00000000  00001188  addi    s1, s1, -578
4114      00004048  0000404c  56ff7537  3         30        00001188  15        fab7fbb6  10        56ff7000  56ff7000  00000000  fab7fbb6  lui     a0, 0x56ff7
4115      0000404c  00004050  6df50513  3         10        56ff76df  31        fbb6fab7  10        56ff76df  56ff76df  00000000  fbb6fab7  addi    a0, a0, 1759
4116      00004050  00004054  ab7fc5b7  3         31        fbb6fab7  23        b6fab7fb  11        ab7fc000  ab7fc000  00000000  b6fab7fb  lui     a1, 0xab7fc
4117      00004054  00004058  b6f58593  3         11        ab7fbb6f  15        fab7fbb6  11        ab7fbb6f  ab7fbb6f  00000000  fab7fbb6  addi    a1, a1, -1169
4118      00004058  0000405c  d5bfe637  3         31        fbb6fab7  27        bb6fab7f  12        d5bfe000  d5bfe000  00000000  bb6fab7f  lui     a2, 0xd5bfe
4119      0000405c  00004060  db760613  3         12        d5bfddb7  23        b6fab7fb  12        d5bfddb7  d5bfddb7  00000000  b6fab7fb  addi    a2, a2, -585
4120      00004060  00004064  eadff6b7  3         31        fbb6fab7  13        eadfeedb  13        eadff000  eadff000  00000000  eadfeedb  lui     a3, 0xeadff
4121      00004064  00004068  edb68693  3         13        eadfeedb  27        bb6fab7f  13        eadfeedb  eadfeedb  00000000  bb6fab7f  addi    a3, a3, -293
4122      00004068  0000406c  f56ff737  3         31        fbb6fab7  22        6df56ff7  14        f56ff000  f56ff000  00000000  6df56ff7  lui     a4, 0xf56ff
4123      0000406c  00004070  76d70713  3         14        f56ff76d  13        eadff000  14        f56ff76d  f56ff76d  00000000  eadfeedb  addi    a4, a4, 1901
4124      00004070  00004074  fab807b7  3         16        7d5bfddb  11        ab7fbb6f  15        fab80000  fab80000  00000000  ab7fbb6f  lui     a5, 0xfab80
4125      00004074  00004078  bb678793  3         15        fab7fbb6  22        6df56ff7  15        fab7fbb6  fab7fbb6  00000000  6df56ff7  addi    a5, a5, -1098
4126      00004078  0000407c  7d5c0837  3         24        db7d5bfd  21        dbeadfee  16        7d5c0000  7d5c0000  00000000  dbeadfee  lui     a6, 0x7d5c0
4127      0000407c  00004080  ddb80813  3         16        7d5bfddb  27        bb6fab7f  16        7d5bfddb  7d5bfddb  00000000  bb6fab7f  addi    a6, a6, -549
4128      00004080  00004084  beae08b7  3         28        ddb7d5bf  10        56ff76df  17        beae0000  beae0000  00000000  56ff76df  lui     a7, 0xbeae0
4129      00004084  00004088  eed88893  3         17        beadfeed  13        eadfeedb  17        beadfeed  beadfeed  00000000  eadfeedb  addi    a7, a7, -275
4130      00004088  0000408c  df570937  3         14        f56ff76d  21        dbeadfee  18        df570000  df570000  00000000  dbeadfee  lui     s2, 0xdf570
4131      0000408c  00004090  f7690913  3         18        df56ff76  22        6df56ff7  18        df56ff76  df56ff76  00000000  6df56ff7  addi    s2, s2, -138
4132      00004090  00004094  6fab89b7  3         23        b6fab7fb  26        76df56ff  19        6fab8000  6fab8000  00000000  76df56ff  lui     s3, 0x6fab8
4133      00004094  00004098  fbb98993  3         19        6fab7fbb  27        bb6fab7f  19        6fab7fbb  6fab7fbb  00000000  bb6fab7f  addi    s3, s3, -69
4134      00004098  0000409c  b7d5ca37  3         11        ab7fbb6f  29        eedbeadf  20        b7d5c000  b7d5c000  00000000  eedbeadf  lui     s4, 0xb7d5c
4135      0000409c  000040a0  fdda0a13  3         20        b7d5bfdd  29        eedbeadf  20        b7d5bfdd  b7d5bfdd  00000000  eedbeadf  addi    s4, s4, -35
4136      000040a0  000040a4  dbeaeab7  3         21        dbeadfee  30        00001188  21        dbeae000  dbeae000  00000000  00001188  lui     s5, 0xdbeae
4137      000040a4  000040a8  feea8a93  3         21        dbeadfee  14        f56ff76d  21        dbeadfee  dbeadfee  00000000  f56ff76d  addi    s5, s5, -18
4138      000040a8  000040ac  6df57b37  3         10        56ff76df  31        fbb6fab7  22        6df57000  6df57000  00000000  fbb6fab7  lui     s6, 0x6df57
4139      000040ac  000040b0  ff7b0b13  3         22        6df56ff7  23        b6fab7fb  22        6df56ff7  6df56ff7  00000000  b6fab7fb  addi    s6, s6, -9
4140      000040b0  000040b4  b6fabbb7  3         21        dbeadfee  15        fab7fbb6  23        b6fab000  b6fab000  00000000  fab7fbb6  lui     s7, 0xb6fab
4141      000040b4  000040b8  7fbb8b93  3         23        b6fab7fb  27        bb6fab7f  23        b6fab7fb  b6fab7fb  00000000  bb6fab7f  addi    s7, s7, 2043
4142      000040b8  000040bc  db7d6c37  3         26        76df56ff  23        b6fab7fb  24        db7d6000  db7d6000  00000000  b6fab7fb  lui     s8, 0xdb7d6
4143      000040bc  000040c0  bfdc0c13  3         24        db7d5bfd  29        eedbeadf  24        db7d5bfd  db7d5bfd  00000000  eedbeadf  addi    s8, s8, -1027
4144      000040c0  000040c4  edbebcb7  3         29        eedbeadf  27        bb6fab7f  25        edbeb000  edbeb000  00000000  bb6fab7f  lui     s9, 0xedbeb
4145      000040c4  000040c8  dfec8c93  3         25        edbeadfe  30        00001188  25        edbeadfe  edbeadfe  00000000  00001188  addi    s9, s9, -514
4146      000040c8  000040cc  76df5d37  3         30        00001188  13        eadfeedb  26        76df5000  76df5000  00000000  eadfeedb  lui     s10, 0x76df5
4147      000040cc  000040d0  6ffd0d13  3         26        76df56ff  31        fbb6fab7  26        76df56ff  76df56ff  00000000  fbb6fab7  addi    s10, s10, 1791
4148      000040d0  000040d4  bb6fbdb7  3         31        fbb6fab7  22        6df56ff7  27        bb6fb000  bb6fb000  00000000  6df56ff7  lui     s11, 0xbb6fb
4149      000040d4  000040d8  b7fd8d93  3         27        bb6fab7f  31        fbb6fab7  27        bb6fab7f  bb6fab7f  00000000  fbb6fab7  addi    s11, s11, -1153
4150      000040d8  000040dc  ddb7de37  3         15        fab7fbb6  27        bb6fab7f  28        ddb7d000  ddb7d000  00000000  bb6fab7f  lui     t3, 0xddb7d
4151      000040dc  000040e0  5bfe0e13  3         28        ddb7d5bf  31        fbb6fab7  28        ddb7d5bf  ddb7d5bf  00000000  fbb6fab7  addi    t3, t3, 1471
4152      000040e0  000040e4  eedbfeb7  3         23        b6fab7fb  13        eadfeedb  29        eedbf000  eedbf000  00000000  eadfeedb  lui     t4, 0xeedbf
4153      000040e4  000040e8  adfe8e93  3         29        eedbeadf  31        fbb6fab7  29        eedbeadf  eedbeadf  00000000  fbb6fab7  addi    t4, t4, -1313
4154      000040e8  000040ec  f76dff37  3         27        bb6fab7f  22        6df56ff7  30        f76df000  f76df000  00000000  6df56ff7  lui     t5, 0xf76df
4155      000040ec  000040f0  56ff0f13  3         30        00001188  15        fab7fbb6  30        f76df56f  f76df56f  00000000  fab7fbb6  addi    t5, t5, 1391
4156      000040f0  000040f4  fbb70fb7  3         14        f56ff76d  27        bb6fab7f  31        fbb70000  fbb70000  00000000  bb6fab7f  lui     t6, 0xfbb70
4157      000040f4  000040f8  ab7f8f93  3         31        fbb6fab7  23        b6fab7fb  31        fbb6fab7  fbb6fab7  00000000  b6fab7fb  addi    t6, t6, -1353
4158      000040f8  000040fc  00000013  3         0         00000000  0         00000000  0         00000000  00000000  00000000  00000000  nop
4159      000040fc  00004100  00000013  3         0         00000000  0         00000000  0         00000000  00000000  00000000  00000000  nop
4160      00004100  00004104  00002497  3         0         00000000  0         00000000  9         00006100  00006100  00000000  00000000  auipc   s1, 0x2
4161      00004104  00004108  f0048493  3         9         adfeedbe  0         00000000  9         00006000  00006000  00000000  00000000  addi    s1, s1, -256
4162      00004108  0000410c  00000013  3         0         00000000  0         00000000  0         00000000  00000000  00000000  00000000  nop
4163      0000410c  00004110  00000013  3         0         00000000  0         00000000  0         00000000  00000000  00000000  00000000  nop
4164      00004110  00004114  00000013  3         0         00000000  0         00000000  0         00000000  00000000  00000000  00000000  nop
4165      00004114  00004118  00000013  3         0         00000000  0         00000000  0         00000000  00000000  00000000  00000000  nop
4166      00004118  0000411c  00000013  3         0         00000000  0         00000000  0         00000000  00000000  00000000  00000000  nop
4167      0000411c  00004120  00000013  3         0         00000000  0         00000000  0         00000000  00000000  00000000  00000000  nop
4168      00004120  00004124  fff00413  3         0         00000000  31        fbb6fab7  8         ffffffff  ffffffff  00000000  fbb6fab7  li      s0, -1
4169      00004124  00004128  0084a023  3         9         00006000  8         5bfddb7d  0         00006000  00006000  ffffffff  ffffffff  sw      s0, 0(s1)
4170      00004128  0000412c  0ff0000f  3         0         00000000  31        fbb6fab7  0         000000ff  000000ff  00000000  fbb6fab7  fence
4171      0000412c  00004130  0004a183  3         9         00006000  0         00000000  3         ffffffff  00006000  ffffffff  00000000  lw      gp, 0(s1)
4172      00004130  00004134  00000013  3         0         00000000  0         00000000  0         00000000  00000000  00000000  00000000  nop
4173      00004134  00004138  00000013  3         0         00000000  0         00000000  0         00000000  00000000  00000000  00000000  nop
4174      00004138  0000413c  00000013  3         0         00000000  0         00000000  0         00000000  00000000  00000000  00000000  nop
4175      0000413c  00004140  00000013  3         0         00000000  0         00000000  0         00000000  00000000  00000000  00000000  nop
4176      00004140  00004144  00003497  3         0         00000000  0         00000000  9         00007140  00007140  00000000  00000000  auipc   s1, 0x3
4177      00004144  00004148  fd448493  3         9         00006000  20        b7d5bfdd  9         00007114  00007114  00000000  b7d5bfdd  addi    s1, s1, -44
4178      00004148  0000414c  00000013  3         0         00000000  0         00000000  0         00000000  00000000  00000000  00000000  nop
4179      0000414c  00004150  00000013  3         0         00000000  0         00000000  0         00000000  00000000  00000000  00000000  nop
4180      00004150  00004154  00000013  3         0         00000000  0         00000000  0         00000000  00000000  00000000  00000000  nop
4181      00004154  00004158  00000013  3         0         00000000  0         00000000  0         00000000  00000000  00000000  00000000  nop
4182      00004158  0000415c  00000013  3         0         00000000  0         00000000  0         00000000  00000000  00000000  00000000  nop
4183      0000415c  00004160  00000013  3         0         00000000  0         00000000  0         00000000  00000000  00000000  00000000  nop
4184      00004160  00004164  0034a023  3         9         00007114  3         ffffffff  0         00007114  00007114  ffffffff  ffffffff  sw      gp, 0(s1)
4185      00004164  00004168  0200006f  3         0         00000000  0         00000000  0         00004168  00000020  00000000  00000000  j       80000184
4187      00004184  00004188  00100093  3         0         00000000  1         feedbead  1         00000001  00000001  00000000  feedbead  li      ra, 1
4188      00004188  0000418c  00001f17  3         0         00000000  0         00000000  30        00005188  00005188  00000000  00000000  auipc   t5, 0x1
4189      0000418c  00004190  e61f2c23  3         30        f76df56f  1         feedbead  24        00005000  00005000  ffffffff  00000001  sw      ra, -392(t5)
