%Warning-EOFNEWLINE: sram_top.v:85:10: Missing newline at end of file (POSIX 3.206).
                                     : ... Suggest add newline.
   85 | endmodule
      |          ^
                     ... For warning description see https://verilator.org/warn/EOFNEWLINE?v=4.228
                     ... Use "/* verilator lint_off EOFNEWLINE */" and lint_on around source to disable this message.
%Warning-WIDTH: Top.v:3344:6: Input port connection 'addr_i' expects 12 bits on the pin connection, but pin connection's VARREF 'sram_addr_i' generates 13 bits.
                            : ... In instance Top.imem
 3344 |     .addr_i(sram_addr_i),
      |      ^~~~~~
%Warning-WIDTH: Top.v:3252:6: Input port connection 'addr_i' expects 12 bits on the pin connection, but pin connection's VARREF 'sram_addr_i' generates 13 bits.
                            : ... In instance Top.dmem
 3252 |     .addr_i(sram_addr_i),
      |      ^~~~~~
%Warning-SYNCASYNCNET: Top.v:3235:9: Signal flopped as both synchronous and async: 'Top.dmem.sram_rst_i'
                       sram_top.v:76:9: ... Location of async usage
   76 |     if (rst_i) begin
      |         ^~~~~
                       Top.v:3248:1: ... note: In file included from Top.v
                       sram_top.v:33:6: ... Location of sync usage
   33 |   if(rst_i) begin
      |      ^~~~~
%Warning-SYNCASYNCNET: Top.v:3330:9: Signal flopped as both synchronous and async: 'Top.imem.sram_rst_i'
                       sram_top.v:76:9: ... Location of async usage
   76 |     if (rst_i) begin
      |         ^~~~~
                       Top.v:3248:1: ... note: In file included from Top.v
                       sram_top.v:33:6: ... Location of sync usage
   33 |   if(rst_i) begin
      |      ^~~~~
%Error: Exiting due to 5 warning(s)
make[1]: Entering directory '/home/hassan/Documents/nucleusrv/obj_dir'
ccache g++  -I.  -MMD -I/home/hassan/verilator/include -I/home/hassan/verilator/include/vltstd -DVM_COVERAGE=0 -DVM_SC=0 -DVM_TRACE=0 -DVM_TRACE_FST=0 -DVM_TRACE_VCD=0 -faligned-new -fcf-protection=none -Wno-bool-operation -Wno-sign-compare -Wno-uninitialized -Wno-unused-but-set-variable -Wno-unused-parameter -Wno-unused-variable -Wno-shadow      -std=gnu++17 -Os -c -o tb_Top.o ../tb_Top.cpp
ccache g++  -I.  -MMD -I/home/hassan/verilator/include -I/home/hassan/verilator/include/vltstd -DVM_COVERAGE=0 -DVM_SC=0 -DVM_TRACE=0 -DVM_TRACE_FST=0 -DVM_TRACE_VCD=0 -faligned-new -fcf-protection=none -Wno-bool-operation -Wno-sign-compare -Wno-uninitialized -Wno-unused-but-set-variable -Wno-unused-parameter -Wno-unused-variable -Wno-shadow      -std=gnu++17 -Os -c -o verilated.o /home/hassan/verilator/include/verilated.cpp
/usr/bin/perl /home/hassan/verilator/bin/verilator_includer -DVL_INCLUDE_OPT=include VTop.cpp VTop___024root__DepSet_h0d2e5939__0.cpp VTop__ConstPool_0.cpp VTop___024root__Slow.cpp VTop___024root__DepSet_h0d2e5939__0__Slow.cpp VTop__Syms.cpp > VTop__ALL.cpp
ccache g++  -I.  -MMD -I/home/hassan/verilator/include -I/home/hassan/verilator/include/vltstd -DVM_COVERAGE=0 -DVM_SC=0 -DVM_TRACE=0 -DVM_TRACE_FST=0 -DVM_TRACE_VCD=0 -faligned-new -fcf-protection=none -Wno-bool-operation -Wno-sign-compare -Wno-uninitialized -Wno-unused-but-set-variable -Wno-unused-parameter -Wno-unused-variable -Wno-shadow      -std=gnu++17 -Os -c -o VTop__ALL.o VTop__ALL.cpp
echo "" > VTop__ALL.verilator_deplist.tmp
Archive ar -rcs VTop__ALL.a VTop__ALL.o
g++    tb_Top.o verilated.o VTop__ALL.a      -o VTop
rm VTop__ALL.verilator_deplist.tmp
make[1]: Leaving directory '/home/hassan/Documents/nucleusrv/obj_dir'
