ClkCycle  pc_rdata  pc_wdata  insn      mode      rs1_addr  rs1_rdata rs2_addr  rs2_rdata rd_addr   rd_wdata  mem_addr  mem_rdata mem_wdata inst_str
6         00000000  00000004  feedc0b7  3         27        00000000  14        00000000  1         feedc000  feedc000  00000000  00000000  lui     ra, 0xfeedc
7         00000004  00000008  ead08093  3         1         00000000  13        00000000  1         feedbead  feedbead  00000000  00000000  addi    ra, ra, -339
8         00000008  0000000c  ff76e137  3         13        00000000  23        00000000  2         ff76e000  ff76e000  00000000  00000000  lui     sp, 0xff76e
9         0000000c  00000010  f5610113  3         2         00000000  22        00000000  2         ff76df56  ff76df56  00000000  00000000  addi    sp, sp, -170
10        00000010  00000014  7fbb71b7  3         22        00000000  27        00000000  3         7fbb7000  7fbb7000  00000000  00000000  lui     gp, 0x7fbb7
11        00000014  00000018  fab18193  3         3         00000000  11        00000000  3         7fbb6fab  7fbb6fab  00000000  00000000  addi    gp, gp, -85
12        00000018  0000001c  bfddb237  3         27        00000000  29        00000000  4         bfddb000  bfddb000  00000000  00000000  lui     tp, 0xbfddb
13        0000001c  00000020  7d520213  3         4         00000000  21        00000000  4         bfddb7d5  bfddb7d5  00000000  00000000  addi    tp, tp, 2005
14        00000020  00000024  dfeee2b7  3         29        00000000  30        00000000  5         dfeee000  dfeee000  00000000  00000000  lui     t0, 0xdfeee
15        00000024  00000028  bea28293  3         5         00000000  10        00000000  5         dfeedbea  dfeedbea  00000000  00000000  addi    t0, t0, -1046
16        00000028  0000002c  6ff77337  3         14        00000000  31        00000000  6         6ff77000  6ff77000  00000000  00000000  lui     t1, 0x6ff77
17        0000002c  00000030  df530313  3         6         00000000  21        00000000  6         6ff76df5  6ff76df5  00000000  00000000  addi    t1, t1, -523
18        00000030  00000034  b7fbb3b7  3         23        00000000  31        00000000  7         b7fbb000  b7fbb000  00000000  00000000  lui     t2, 0xb7fbb
19        00000034  00000038  6fa38393  3         7         00000000  26        00000000  7         b7fbb6fa  b7fbb6fa  00000000  00000000  addi    t2, t2, 1786
20        00000038  0000003c  5bfde437  3         27        00000000  31        00000000  8         5bfde000  5bfde000  00000000  00000000  lui     s0, 0x5bfde
21        0000003c  00000040  b7d40413  3         8         00000000  29        00000000  8         5bfddb7d  5bfddb7d  00000000  00000000  addi    s0, s0, -1155
22        00000040  00000044  adfef4b7  3         29        00000000  31        00000000  9         adfef000  adfef000  00000000  00000000  lui     s1, 0xadfef
23        00000044  00000048  dbe48493  3         9         00000000  30        00000000  9         adfeedbe  adfeedbe  00000000  00000000  addi    s1, s1, -578
24        00000048  0000004c  56ff7537  3         30        00000000  15        00000000  10        56ff7000  56ff7000  00000000  00000000  lui     a0, 0x56ff7
25        0000004c  00000050  6df50513  3         10        00000000  31        00000000  10        56ff76df  56ff76df  00000000  00000000  addi    a0, a0, 1759
26        00000050  00000054  ab7fc5b7  3         31        00000000  23        00000000  11        ab7fc000  ab7fc000  00000000  00000000  lui     a1, 0xab7fc
27        00000054  00000058  b6f58593  3         11        00000000  15        00000000  11        ab7fbb6f  ab7fbb6f  00000000  00000000  addi    a1, a1, -1169
28        00000058  0000005c  d5bfe637  3         31        00000000  27        00000000  12        d5bfe000  d5bfe000  00000000  00000000  lui     a2, 0xd5bfe
29        0000005c  00000060  db760613  3         12        00000000  23        00000000  12        d5bfddb7  d5bfddb7  00000000  00000000  addi    a2, a2, -585
30        00000060  00000064  eadff6b7  3         31        00000000  13        00000000  13        eadff000  eadff000  00000000  00000000  lui     a3, 0xeadff
31        00000064  00000068  edb68693  3         13        00000000  27        00000000  13        eadfeedb  eadfeedb  00000000  00000000  addi    a3, a3, -293
32        00000068  0000006c  f56ff737  3         31        00000000  22        00000000  14        f56ff000  f56ff000  00000000  00000000  lui     a4, 0xf56ff
33        0000006c  00000070  76d70713  3         14        00000000  13        eadff000  14        f56ff76d  f56ff76d  00000000  eadfeedb  addi    a4, a4, 1901
34        00000070  00000074  fab807b7  3         16        00000000  11        ab7fbb6f  15        fab80000  fab80000  00000000  ab7fbb6f  lui     a5, 0xfab80
35        00000074  00000078  bb678793  3         15        00000000  22        00000000  15        fab7fbb6  fab7fbb6  00000000  00000000  addi    a5, a5, -1098
36        00000078  0000007c  7d5c0837  3         24        00000000  21        00000000  16        7d5c0000  7d5c0000  00000000  00000000  lui     a6, 0x7d5c0
37        0000007c  00000080  ddb80813  3         16        00000000  27        00000000  16        7d5bfddb  7d5bfddb  00000000  00000000  addi    a6, a6, -549
38        00000080  00000084  beae08b7  3         28        00000000  10        56ff76df  17        beae0000  beae0000  00000000  56ff76df  lui     a7, 0xbeae0
39        00000084  00000088  eed88893  3         17        00000000  13        eadfeedb  17        beadfeed  beadfeed  00000000  eadfeedb  addi    a7, a7, -275
40        00000088  0000008c  df570937  3         14        f56ff76d  21        00000000  18        df570000  df570000  00000000  00000000  lui     s2, 0xdf570
41        0000008c  00000090  f7690913  3         18        00000000  22        00000000  18        df56ff76  df56ff76  00000000  00000000  addi    s2, s2, -138
42        00000090  00000094  6fab89b7  3         23        00000000  26        00000000  19        6fab8000  6fab8000  00000000  00000000  lui     s3, 0x6fab8
43        00000094  00000098  fbb98993  3         19        00000000  27        00000000  19        6fab7fbb  6fab7fbb  00000000  00000000  addi    s3, s3, -69
44        00000098  0000009c  b7d5ca37  3         11        ab7fbb6f  29        00000000  20        b7d5c000  b7d5c000  00000000  00000000  lui     s4, 0xb7d5c
45        0000009c  000000a0  fdda0a13  3         20        00000000  29        00000000  20        b7d5bfdd  b7d5bfdd  00000000  00000000  addi    s4, s4, -35
46        000000a0  000000a4  dbeaeab7  3         21        00000000  30        00000000  21        dbeae000  dbeae000  00000000  00000000  lui     s5, 0xdbeae
47        000000a4  000000a8  feea8a93  3         21        00000000  14        f56ff76d  21        dbeadfee  dbeadfee  00000000  f56ff76d  addi    s5, s5, -18
48        000000a8  000000ac  6df57b37  3         10        56ff76df  31        00000000  22        6df57000  6df57000  00000000  00000000  lui     s6, 0x6df57
49        000000ac  000000b0  ff7b0b13  3         22        00000000  23        00000000  22        6df56ff7  6df56ff7  00000000  00000000  addi    s6, s6, -9
50        000000b0  000000b4  b6fabbb7  3         21        dbeadfee  15        fab7fbb6  23        b6fab000  b6fab000  00000000  fab7fbb6  lui     s7, 0xb6fab
51        000000b4  000000b8  7fbb8b93  3         23        00000000  27        00000000  23        b6fab7fb  b6fab7fb  00000000  00000000  addi    s7, s7, 2043
52        000000b8  000000bc  db7d6c37  3         26        00000000  23        00000000  24        db7d6000  db7d6000  00000000  b6fab7fb  lui     s8, 0xdb7d6
53        000000bc  000000c0  bfdc0c13  3         24        00000000  29        00000000  24        db7d5bfd  db7d5bfd  00000000  00000000  addi    s8, s8, -1027
54        000000c0  000000c4  edbebcb7  3         29        00000000  27        00000000  25        edbeb000  edbeb000  00000000  00000000  lui     s9, 0xedbeb
55        000000c4  000000c8  dfec8c93  3         25        00000000  30        00000000  25        edbeadfe  edbeadfe  00000000  00000000  addi    s9, s9, -514
56        000000c8  000000cc  76df5d37  3         30        00000000  13        eadfeedb  26        76df5000  76df5000  00000000  eadfeedb  lui     s10, 0x76df5
57        000000cc  000000d0  6ffd0d13  3         26        00000000  31        00000000  26        76df56ff  76df56ff  00000000  00000000  addi    s10, s10, 1791
58        000000d0  000000d4  bb6fbdb7  3         31        00000000  22        6df56ff7  27        bb6fb000  bb6fb000  00000000  6df56ff7  lui     s11, 0xbb6fb
59        000000d4  000000d8  b7fd8d93  3         27        00000000  31        00000000  27        bb6fab7f  bb6fab7f  00000000  00000000  addi    s11, s11, -1153
60        000000d8  000000dc  ddb7de37  3         15        fab7fbb6  27        00000000  28        ddb7d000  ddb7d000  00000000  bb6fab7f  lui     t3, 0xddb7d
61        000000dc  000000e0  5bfe0e13  3         28        00000000  31        00000000  28        ddb7d5bf  ddb7d5bf  00000000  00000000  addi    t3, t3, 1471
62        000000e0  000000e4  eedbfeb7  3         23        b6fab7fb  13        eadfeedb  29        eedbf000  eedbf000  00000000  eadfeedb  lui     t4, 0xeedbf
63        000000e4  000000e8  adfe8e93  3         29        00000000  31        00000000  29        eedbeadf  eedbeadf  00000000  00000000  addi    t4, t4, -1313
64        000000e8  000000ec  f76dff37  3         27        bb6fab7f  22        6df56ff7  30        f76df000  f76df000  00000000  6df56ff7  lui     t5, 0xf76df
65        000000ec  000000f0  56ff0f13  3         30        00000000  15        fab7fbb6  30        f76df56f  f76df56f  00000000  fab7fbb6  addi    t5, t5, 1391
66        000000f0  000000f4  fbb70fb7  3         14        f56ff76d  27        bb6fab7f  31        fbb70000  fbb70000  00000000  bb6fab7f  lui     t6, 0xfbb70
67        000000f4  000000f8  ab7f8f93  3         31        00000000  23        b6fab7fb  31        fbb6fab7  fbb6fab7  00000000  b6fab7fb  addi    t6, t6, -1353
68        000000f8  000000fc  00000013  3         0         00000000  0         00000000  0         00000000  00000000  00000000  00000000  nop
69        000000fc  00000100  00000013  3         0         00000000  0         00000000  0         00000000  00000000  00000000  00000000  nop
70        00000100  00000104  00006097  3         0         00000000  0         00000000  1         00006100  00006100  00000000  00000000  auipc   ra, 0x6
71        00000104  00000108  01408093  3         1         feedbead  20        b7d5bfdd  1         00006114  00006114  00000000  b7d5bfdd  addi    ra, ra, 20
72        00000108  0000010c  00000013  3         0         00000000  0         00000000  0         00000000  00000000  00000000  00000000  nop
73        0000010c  00000110  00000013  3         0         00000000  0         00000000  0         00000000  00000000  00000000  00000000  nop
74        00000110  00000114  00000013  3         0         00000000  0         00000000  0         00000000  00000000  00000000  00000000  nop
75        00000114  00000118  00000013  3         0         00000000  0         00000000  0         00000000  00000000  00000000  00000000  nop
76        00000118  0000011c  00000013  3         0         00000000  0         00000000  0         00000000  00000000  00000000  00000000  nop
77        0000011c  00000120  00000013  3         0         00000000  0         00000000  0         00000000  00000000  00000000  00000000  nop
78        00000120  00000124  00010fb7  3         2         ff76df56  0         00000000  31        00010000  00010000  00000000  00000000  lui     t6, 0x10
79        00000124  00000128  00010fb7  3         2         ff76df56  0         00000000  31        00010000  00010000  00000000  00000000  lui     t6, 0x10
80        00000128  00000128  03ffffb3  3         31        fbb6fab7  31        fbb6fab7  31        00010000  00010000  00000000  00010000  remu    t6, t6, t6
116       0000012c  00000130  01f0a023  3         1         00006114  31        00000000  0         00006114  00006114  00000000  00000000  sw      t6, 0(ra)
117       00000130  00000134  fff00f13  3         0         00000000  31        00000000  30        ffffffff  ffffffff  00000000  00000000  li      t5, -1
118       00000134  00000138  00010eb7  3         2         ff76df56  0         00000000  29        00010000  00010000  00000000  00000000  lui     t4, 0x10
119       00000138  00000138  03df7f33  3         30        f76df56f  29        eedbeadf  30        00000000  00000000  00000000  00010000  remu    t5, t5, t4
155       0000013c  00000140  01e0a223  3         1         00006114  30        0000ffff  4         00006118  00006118  00000000  0000ffff  sw      t5, 4(ra)
156       00000140  00000144  00000e93  3         0         00000000  0         00000000  29        00000000  00000000  00000000  00000000  li      t4, 0
157       00000144  00000148  00010e37  3         2         ff76df56  0         00000000  28        00010000  00010000  00000000  00000000  lui     t3, 0x10
158       00000148  00000148  03cefe33  3         29        00010000  28        ddb7d5bf  28        00000000  00000000  00000000  00010000  remu    t3, t4, t3
194       0000014c  00000150  01c0a423  3         1         00006114  28        00000000  8         0000611c  0000611c  00000000  00000000  sw      t3, 8(ra)
195       00000150  00000154  00010e37  3         2         ff76df56  0         00000000  28        00010000  00010000  00000000  00000000  lui     t3, 0x10
196       00000154  00000158  00010f37  3         2         ff76df56  0         00000000  30        00010000  00010000  00000000  00000000  lui     t5, 0x10
197       00000158  00000158  03ee7eb3  3         28        00000000  30        0000ffff  29        00000000  00000000  00000000  00010000  remu    t4, t3, t5
233       0000015c  00000160  01d0a623  3         1         00006114  29        00000000  12        00006120  00006120  00000000  00000000  sw      t4, 12(ra)
234       00000160  00000164  00010d37  3         2         ff76df56  0         00000000  26        00010000  00010000  00000000  00000000  lui     s10, 0x10
235       00000164  00000168  00010d37  3         2         ff76df56  0         00000000  26        00010000  00010000  00000000  00000000  lui     s10, 0x10
236       00000168  00000168  03ad7db3  3         26        76df56ff  26        76df56ff  27        00000000  00000000  00000000  00010000  remu    s11, s10, s10
272       0000016c  00000170  01b0a823  3         1         00006114  27        00000000  16        00006124  00006124  00000000  00000000  sw      s11, 16(ra)
273       00000170  00000174  00300d93  3         0         00000000  3         7fbb6fab  27        00000003  00000003  00000000  7fbb6fab  li      s11, 3
274       00000174  00000178  00300c93  3         0         00000000  3         7fbb6fab  25        00000003  00000003  00000000  7fbb6fab  li      s9, 3
275       00000178  00000178  039dfd33  3         27        00000000  25        edbeadfe  26        00000000  00000000  00000000  00000003  remu    s10, s11, s9
311       0000017c  00000180  01a0aa23  3         1         00006114  26        00000000  20        00006128  00006128  00000000  00000000  sw      s10, 20(ra)
312       00000180  00000184  00010c37  3         2         ff76df56  0         00000000  24        00010000  00010000  00000000  00000000  lui     s8, 0x10
313       00000184  00000188  ffe00d93  3         0         00000000  30        00010000  27        fffffffe  fffffffe  00000000  00010000  li      s11, -2
314       00000188  00000188  03bc7cb3  3         24        db7d5bfd  27        00000003  25        00000000  00000000  00000000  fffffffe  remu    s9, s8, s11
350       0000018c  00000190  0190ac23  3         1         00006114  25        00010000  24        0000612c  0000612c  00000000  00010000  sw      s9, 24(ra)
351       00000190  00000194  00010cb7  3         2         ff76df56  0         00000000  25        00010000  00010000  00000000  00000000  lui     s9, 0x10
352       00000194  00000198  ffd00b93  3         0         00000000  29        00000000  23        fffffffd  fffffffd  00000000  00000000  li      s7, -3
353       00000198  00000198  037cfc33  3         25        00010000  23        b6fab7fb  24        00000000  00000000  00000000  fffffffd  remu    s8, s9, s7
389       0000019c  000001a0  0180ae23  3         1         00006114  24        00010000  28        00006130  00006130  00000000  00010000  sw      s8, 28(ra)
390       000001a0  000001a4  00010b37  3         2         ff76df56  0         00000000  22        00010000  00010000  00000000  00000000  lui     s6, 0x10
391       000001a4  000001a8  ffb00c13  3         0         00000000  27        fffffffe  24        fffffffb  fffffffb  00000000  fffffffe  li      s8, -5
392       000001a8  000001a8  038b7bb3  3         22        6df56ff7  24        00010000  23        00000000  00000000  00000000  fffffffb  remu    s7, s6, s8
428       000001ac  000001b0  0370a023  3         1         00006114  23        00010000  0         00006134  00006134  00000000  00010000  sw      s7, 32(ra)
429       000001b0  000001b4  00010bb7  3         2         ff76df56  0         00000000  23        00010000  00010000  00000000  00000000  lui     s7, 0x10
430       000001b4  000001b8  ff700a93  3         0         00000000  23        00010000  21        fffffff7  fffffff7  00000000  00010000  li      s5, -9
431       000001b8  000001b8  035bfb33  3         23        00010000  21        dbeadfee  22        00000000  00000000  00000000  fffffff7  remu    s6, s7, s5
467       000001bc  000001c0  0360a223  3         1         00006114  22        00010000  4         00006138  00006138  00000000  00010000  sw      s6, 36(ra)
468       000001c0  000001c4  00010a37  3         2         ff76df56  0         00000000  20        00010000  00010000  00000000  00000000  lui     s4, 0x10
469       000001c4  000001c8  fef00b13  3         0         00000000  15        fab7fbb6  22        ffffffef  ffffffef  00000000  fab7fbb6  li      s6, -17
470       000001c8  000001c8  036a7ab3  3         20        b7d5bfdd  22        00010000  21        00000000  00000000  00000000  ffffffef  remu    s5, s4, s6
506       000001cc  000001d0  0350a423  3         1         00006114  21        00010000  8         0000613c  0000613c  00000000  00010000  sw      s5, 40(ra)
507       000001d0  000001d4  00010ab7  3         2         ff76df56  0         00000000  21        00010000  00010000  00000000  00000000  lui     s5, 0x10
508       000001d4  000001d8  fdf00993  3         0         00000000  31        00000000  19        ffffffdf  ffffffdf  00000000  00000000  li      s3, -33
509       000001d8  000001d8  033afa33  3         21        00010000  19        6fab7fbb  20        00000000  00000000  00000000  ffffffdf  remu    s4, s5, s3
545       000001dc  000001e0  0340a623  3         1         00006114  20        00010000  12        00006140  00006140  00000000  00010000  sw      s4, 44(ra)
546       000001e0  000001e4  00010937  3         2         ff76df56  0         00000000  18        00010000  00010000  00000000  00000000  lui     s2, 0x10
547       000001e4  000001e8  fbf00a13  3         0         00000000  31        00000000  20        ffffffbf  ffffffbf  00000000  00000000  li      s4, -65
548       000001e8  000001e8  034979b3  3         18        df56ff76  20        00010000  19        00000000  00000000  00000000  ffffffbf  remu    s3, s2, s4
584       000001ec  000001f0  0330a823  3         1         00006114  19        00010000  16        00006144  00006144  00000000  00010000  sw      s3, 48(ra)
585       000001f0  000001f4  000109b7  3         2         ff76df56  0         00000000  19        00010000  00010000  00000000  00000000  lui     s3, 0x10
586       000001f4  000001f8  f7f00893  3         0         00000000  31        00000000  17        ffffff7f  ffffff7f  00000000  00000000  li      a7, -129
587       000001f8  000001f8  0319f933  3         19        00010000  17        beadfeed  18        00000000  00000000  00000000  ffffff7f  remu    s2, s3, a7
623       000001fc  00000200  0320aa23  3         1         00006114  18        00010000  20        00006148  00006148  00000000  00010000  sw      s2, 52(ra)
624       00000200  00000204  00010837  3         2         ff76df56  0         00000000  16        00010000  00010000  00000000  00000000  lui     a6, 0x10
625       00000204  00000208  eff00913  3         0         00000000  31        00000000  18        fffffeff  fffffeff  00000000  00000000  li      s2, -257
626       00000208  00000208  032878b3  3         16        7d5bfddb  18        00010000  17        00000000  00000000  00000000  fffffeff  remu    a7, a6, s2
662       0000020c  00000210  0310ac23  3         1         00006114  17        00010000  24        0000614c  0000614c  00000000  00010000  sw      a7, 56(ra)
663       00000210  00000214  000108b7  3         2         ff76df56  0         00000000  17        00010000  00010000  00000000  00000000  lui     a7, 0x10
664       00000214  00000218  dff00793  3         0         00000000  31        00000000  15        fffffdff  fffffdff  00000000  00000000  li      a5, -513
665       00000218  00000218  02f8f833  3         17        00010000  15        fab7fbb6  16        00000000  00000000  00000000  fffffdff  remu    a6, a7, a5
701       0000021c  00000220  0300ae23  3         1         00006114  16        00010000  28        00006150  00006150  00000000  00010000  sw      a6, 60(ra)
702       00000220  00000224  00010737  3         2         ff76df56  0         00000000  14        00010000  00010000  00000000  00000000  lui     a4, 0x10
703       00000224  00000228  bff00813  3         0         00000000  31        00000000  16        fffffbff  fffffbff  00000000  00000000  li      a6, -1025
704       00000228  00000228  030777b3  3         14        f56ff76d  16        00010000  15        00000000  00000000  00000000  fffffbff  remu    a5, a4, a6
740       0000022c  00000230  04f0a023  3         1         00006114  15        00010000  0         00006154  00006154  00000000  00010000  sw      a5, 64(ra)
741       00000230  00000234  000107b7  3         2         ff76df56  0         00000000  15        00010000  00010000  00000000  00000000  lui     a5, 0x10
742       00000234  00000238  fffff6b7  3         31        00000000  31        00000000  13        fffff000  fffff000  00000000  00000000  lui     a3, 0xfffff
743       00000238  0000023c  7ff68693  3         13        eadfeedb  31        00000000  13        fffff7ff  fffff7ff  00000000  00000000  addi    a3, a3, 2047
744       0000023c  0000023c  02d7f733  3         15        00010000  13        eadfeedb  14        00000000  00000000  00000000  fffff7ff  remu    a4, a5, a3
780       00000240  00000244  04e0a223  3         1         00006114  14        00010000  4         00006158  00006158  00000000  00010000  sw      a4, 68(ra)
781       00000244  00000248  00010637  3         2         ff76df56  0         00000000  12        00010000  00010000  00000000  00000000  lui     a2, 0x10
782       00000248  0000024c  fffff737  3         31        00000000  31        00000000  14        fffff000  fffff000  00000000  00000000  lui     a4, 0xfffff
783       0000024c  00000250  fff70713  3         14        00010000  31        00000000  14        ffffefff  ffffefff  00000000  00000000  addi    a4, a4, -1
784       00000250  00000250  02e676b3  3         12        00010000  14        00010000  13        00000000  00000000  00000000  ffffefff  remu    a3, a2, a4
820       00000254  00000258  04d0a423  3         1         00006114  13        00010000  8         0000615c  0000615c  00000000  00010000  sw      a3, 72(ra)
821       00000258  0000025c  000106b7  3         2         ff76df56  0         00000000  13        00010000  00010000  00000000  00000000  lui     a3, 0x10
822       0000025c  00000260  ffffe5b7  3         31        00000000  31        00000000  11        ffffe000  ffffe000  00000000  00000000  lui     a1, 0xffffe
823       00000260  00000264  fff58593  3         11        ab7fbb6f  31        00000000  11        ffffdfff  ffffdfff  00000000  00000000  addi    a1, a1, -1
824       00000264  00000264  02b6f633  3         13        00010000  11        ab7fbb6f  12        00000000  00000000  00000000  ffffdfff  remu    a2, a3, a1
860       00000268  0000026c  04c0a623  3         1         00006114  12        00010000  12        00006160  00006160  00000000  00010000  sw      a2, 76(ra)
861       0000026c  00000270  00010537  3         2         ff76df56  0         00000000  10        00010000  00010000  00000000  00000000  lui     a0, 0x10
862       00000270  00000274  ffffc637  3         31        00000000  31        00000000  12        ffffc000  ffffc000  00000000  00000000  lui     a2, 0xffffc
863       00000274  00000278  fff60613  3         12        00010000  31        00000000  12        ffffbfff  ffffbfff  00000000  00000000  addi    a2, a2, -1
864       00000278  00000278  02c575b3  3         10        00010000  12        00010000  11        00000000  00000000  00000000  ffffbfff  remu    a1, a0, a2
900       0000027c  00000280  04b0a823  3         1         00006114  11        00010000  16        00006164  00006164  00000000  00010000  sw      a1, 80(ra)
901       00000280  00000284  000105b7  3         2         ff76df56  0         00000000  11        00010000  00010000  00000000  00000000  lui     a1, 0x10
902       00000284  00000288  ffff84b7  3         31        00000000  31        00000000  9         ffff8000  ffff8000  00000000  00000000  lui     s1, 0xffff8
903       00000288  0000028c  fff48493  3         9         adfeedbe  31        00000000  9         ffff7fff  ffff7fff  00000000  00000000  addi    s1, s1, -1
904       0000028c  0000028c  0295f533  3         11        00010000  9         adfeedbe  10        00000000  00000000  00000000  ffff7fff  remu    a0, a1, s1
940       00000290  00000294  04a0aa23  3         1         00006114  10        00010000  20        00006168  00006168  00000000  00010000  sw      a0, 84(ra)
941       00000294  00000298  00010437  3         2         ff76df56  0         00000000  8         00010000  00010000  00000000  00000000  lui     s0, 0x10
942       00000298  0000029c  ffff0537  3         30        00010000  31        00000000  10        ffff0000  ffff0000  00000000  00000000  lui     a0, 0xffff0
943       0000029c  000002a0  fff50513  3         10        00010000  31        00000000  10        fffeffff  fffeffff  00000000  00000000  addi    a0, a0, -1
944       000002a0  000002a0  02a474b3  3         8         00010000  10        00010000  9         00000000  00000000  00000000  fffeffff  remu    s1, s0, a0
980       000002a4  000002a8  0490ac23  3         1         00006114  9         00010000  24        0000616c  0000616c  00000000  00010000  sw      s1, 88(ra)
981       000002a8  000002ac  000104b7  3         2         ff76df56  0         00000000  9         00010000  00010000  00000000  00000000  lui     s1, 0x10
982       000002ac  000002b0  fffe03b7  3         28        00010000  31        00000000  7         fffe0000  fffe0000  00000000  00000000  lui     t2, 0xfffe0
983       000002b0  000002b4  fff38393  3         7         b7fbb6fa  31        00000000  7         fffdffff  fffdffff  00000000  00000000  addi    t2, t2, -1
984       000002b4  000002b4  0274f433  3         9         00010000  7         b7fbb6fa  8         00000000  00000000  00000000  fffdffff  remu    s0, s1, t2
1020      000002b8  000002bc  0480ae23  3         1         00006114  8         00010000  28        00006170  00006170  00000000  00010000  sw      s0, 92(ra)
1021      000002bc  000002c0  00010337  3         2         ff76df56  0         00000000  6         00010000  00010000  00000000  00000000  lui     t1, 0x10
1022      000002c0  000002c4  fffc0437  3         24        fffffffb  31        00000000  8         fffc0000  fffc0000  00000000  00000000  lui     s0, 0xfffc0
1023      000002c4  000002c8  fff40413  3         8         00010000  31        00000000  8         fffbffff  fffbffff  00000000  00000000  addi    s0, s0, -1
1024      000002c8  000002c8  028373b3  3         6         00010000  8         00010000  7         00000000  00000000  00000000  fffbffff  remu    t2, t1, s0
1060      000002cc  000002d0  0670a023  3         1         00006114  7         00010000  0         00006174  00006174  00000000  00010000  sw      t2, 96(ra)
1061      000002d0  000002d4  00000013  3         0         00000000  0         00000000  0         00000000  00000000  00000000  00000000  nop
1062      000002d4  000002d8  00000013  3         0         00000000  0         00000000  0         00000000  00000000  00000000  00000000  nop
1063      000002d8  000002dc  00000013  3         0         00000000  0         00000000  0         00000000  00000000  00000000  00000000  nop
1064      000002dc  000002e0  00000013  3         0         00000000  0         00000000  0         00000000  00000000  00000000  00000000  nop
1065      000002e0  000002e4  00006417  3         0         00000000  0         00000000  8         000062e0  000062e0  00000000  00000000  auipc   s0, 0x6
1066      000002e4  000002e8  e9840413  3         8         fffbffff  24        fffffffb  8         00006178  00006178  00000000  fffffffb  addi    s0, s0, -360
1067      000002e8  000002ec  00000013  3         0         00000000  0         00000000  0         00000000  00000000  00000000  00000000  nop
1068      000002ec  000002f0  00000013  3         0         00000000  0         00000000  0         00000000  00000000  00000000  00000000  nop
1069      000002f0  000002f4  00000013  3         0         00000000  0         00000000  0         00000000  00000000  00000000  00000000  nop
1070      000002f4  000002f8  00000013  3         0         00000000  0         00000000  0         00000000  00000000  00000000  00000000  nop
1071      000002f8  000002fc  00000013  3         0         00000000  0         00000000  0         00000000  00000000  00000000  00000000  nop
1072      000002fc  00000300  00000013  3         0         00000000  0         00000000  0         00000000  00000000  00000000  00000000  nop
1073      00000300  00000304  000103b7  3         2         ff76df56  0         00000000  7         00010000  00010000  00000000  00000000  lui     t2, 0x10
1074      00000304  00000308  fff802b7  3         16        fffffbff  31        00000000  5         fff80000  fff80000  00000000  00000000  lui     t0, 0xfff80
1075      00000308  0000030c  fff28293  3         5         dfeedbea  31        00000000  5         fff7ffff  fff7ffff  00000000  00000000  addi    t0, t0, -1
1076      0000030c  0000030c  0253f333  3         7         00010000  5         dfeedbea  6         00000000  00000000  00000000  fff7ffff  remu    t1, t2, t0
1112      00000310  00000314  00642023  3         8         00006178  6         00010000  0         00006178  00006178  00000000  00010000  sw      t1, 0(s0)
1113      00000314  00000318  00010237  3         2         ff76df56  0         00000000  4         00010000  00010000  00000000  00000000  lui     tp, 0x10
1114      00000318  0000031c  fff00337  3         0         00000000  31        00000000  6         fff00000  fff00000  00000000  00000000  lui     t1, 0xfff00
1115      0000031c  00000320  fff30313  3         6         00010000  31        00000000  6         ffefffff  ffefffff  00000000  00000000  addi    t1, t1, -1
1116      00000320  00000320  026272b3  3         4         00010000  6         00010000  5         00000000  00000000  00000000  ffefffff  remu    t0, tp, t1
1152      00000324  00000328  00542223  3         8         00006178  5         00010000  4         0000617c  0000617c  00000000  00010000  sw      t0, 4(s0)
1153      00000328  0000032c  000102b7  3         2         ff76df56  0         00000000  5         00010000  00010000  00000000  00000000  lui     t0, 0x10
1154      0000032c  00000330  ffe001b7  3         0         00000000  30        00010000  3         ffe00000  ffe00000  00000000  00010000  lui     gp, 0xffe00
1155      00000330  00000334  fff18193  3         3         7fbb6fab  31        00000000  3         ffdfffff  ffdfffff  00000000  00000000  addi    gp, gp, -1
1156      00000334  00000334  0232f233  3         5         00010000  3         7fbb6fab  4         00000000  00000000  00000000  ffdfffff  remu    tp, t0, gp
1192      00000338  0000033c  00442423  3         8         00006178  4         00010000  8         00006180  00006180  00000000  00010000  sw      tp, 8(s0)
1193      0000033c  00000340  00010137  3         2         ff76df56  0         00000000  2         00010000  00010000  00000000  00000000  lui     sp, 0x10
1194      00000340  00000344  ffc00237  3         0         00000000  28        00010000  4         ffc00000  ffc00000  00000000  00010000  lui     tp, 0xffc00
1195      00000344  00000348  fff20213  3         4         00010000  31        00000000  4         ffbfffff  ffbfffff  00000000  00000000  addi    tp, tp, -1
1196      00000348  00000348  024171b3  3         2         00010000  4         00010000  3         00000000  00000000  00000000  ffbfffff  remu    gp, sp, tp
1232      0000034c  00000350  00342623  3         8         00006178  3         00010000  12        00006184  00006184  00000000  00010000  sw      gp, 12(s0)
1233      00000350  00000354  000101b7  3         2         00010000  0         00000000  3         00010000  00010000  00000000  00000000  lui     gp, 0x10
1234      00000354  00000358  ff8000b7  3         0         00000000  24        fffffffb  1         ff800000  ff800000  00000000  fffffffb  lui     ra, 0xff800
1235      00000358  0000035c  fff08093  3         1         00006114  31        00000000  1         ff7fffff  ff7fffff  00000000  00000000  addi    ra, ra, -1
1236      0000035c  0000035c  0211f133  3         3         00010000  1         00006114  2         00000000  00000000  00000000  ff7fffff  remu    sp, gp, ra
1272      00000360  00000364  00242823  3         8         00006178  2         00010000  16        00006188  00006188  00000000  00010000  sw      sp, 16(s0)
1273      00000364  00000368  00000013  3         0         00000000  0         00000000  0         00000000  00000000  00000000  00000000  nop
1274      00000368  0000036c  ff000137  3         0         00000000  16        fffffbff  2         ff000000  ff000000  00000000  fffffbff  lui     sp, 0xff000
1275      0000036c  00000370  fff10113  3         2         00010000  31        00000000  2         feffffff  feffffff  00000000  00000000  addi    sp, sp, -1
1276      00000370  00000370  022070b3  3         0         00000000  2         00010000  1         00000000  00000000  00000000  feffffff  remu    ra, zero, sp
1312      00000374  00000378  00142a23  3         8         00006178  1         00000000  20        0000618c  0000618c  00000000  00000000  sw      ra, 20(s0)
1313      00000378  0000037c  000100b7  3         2         feffffff  0         00000000  1         00010000  00010000  00000000  00000000  lui     ra, 0x10
1314      0000037c  00000380  fe000f37  3         0         00000000  0         00000000  30        fe000000  fe000000  00000000  00000000  lui     t5, 0xfe000
1315      00000380  00000384  ffff0f13  3         30        00010000  31        00000000  30        fdffffff  fdffffff  00000000  00000000  addi    t5, t5, -1
1316      00000384  00000384  03e0ffb3  3         1         00010000  30        00010000  31        00000000  00000000  00000000  fdffffff  remu    t6, ra, t5
1352      00000388  0000038c  01f42c23  3         8         00006178  31        00010000  24        00006190  00006190  00000000  00010000  sw      t6, 24(s0)
1353      0000038c  00000390  00010f37  3         2         feffffff  0         00000000  30        00010000  00010000  00000000  00000000  lui     t5, 0x10
1354      00000390  00000394  00000013  3         0         00000000  0         00000000  0         00000000  00000000  00000000  00000000  nop
1355      00000394  00000394  020f7fb3  3         30        fdffffff  0         00000000  31        00000000  00000000  00000000  00000000  remu    t6, t5, zero
1391      00000398  0000039c  01f42e23  3         8         00006178  31        00010000  28        00006194  00006194  00000000  00010000  sw      t6, 28(s0)
1392      0000039c  000003a0  00010fb7  3         2         feffffff  0         00000000  31        00010000  00010000  00000000  00000000  lui     t6, 0x10
1393      000003a0  000003a4  f8000f37  3         0         00000000  0         00000000  30        f8000000  f8000000  00000000  00000000  lui     t5, 0xf8000
1394      000003a4  000003a8  ffff0f13  3         30        00010000  31        00010000  30        f7ffffff  f7ffffff  00000000  00010000  addi    t5, t5, -1
1395      000003a8  000003a8  03eff033  3         31        00010000  30        00010000  0         00000000  00000000  00000000  f7ffffff  remu    zero, t6, t5
1431      000003ac  000003b0  02042023  3         8         00006178  0         00000000  0         00006198  00006198  00000000  00000000  sw      zero, 32(s0)
1432      000003b0  000003b4  00010f37  3         2         feffffff  0         00000000  30        00010000  00010000  00000000  00000000  lui     t5, 0x10
1433      000003b4  000003b8  f0000eb7  3         0         00000000  0         00000000  29        f0000000  f0000000  00000000  00000000  lui     t4, 0xf0000
1434      000003b8  000003bc  fffe8e93  3         29        00000000  31        00010000  29        efffffff  efffffff  00000000  00010000  addi    t4, t4, -1
1435      000003bc  000003bc  03df7fb3  3         30        00010000  29        00000000  31        00000000  00000000  00000000  efffffff  remu    t6, t5, t4
1471      000003c0  000003c4  03f42223  3         8         00006178  31        00010000  4         0000619c  0000619c  00000000  00010000  sw      t6, 36(s0)
1472      000003c4  000003c8  00010f37  3         2         feffffff  0         00000000  30        00010000  00010000  00000000  00000000  lui     t5, 0x10
1473      000003c8  000003cc  e0000eb7  3         0         00000000  0         00000000  29        e0000000  e0000000  00000000  00000000  lui     t4, 0xe0000
1474      000003cc  000003d0  fffe8e93  3         29        efffffff  31        00010000  29        dfffffff  dfffffff  00000000  00010000  addi    t4, t4, -1
1475      000003d0  000003d0  03df7fb3  3         30        00010000  29        efffffff  31        00000000  00000000  00000000  dfffffff  remu    t6, t5, t4
1511      000003d4  000003d8  03f42423  3         8         00006178  31        00010000  8         000061a0  000061a0  00000000  00010000  sw      t6, 40(s0)
1512      000003d8  000003dc  00010f37  3         2         feffffff  0         00000000  30        00010000  00010000  00000000  00000000  lui     t5, 0x10
1513      000003dc  000003e0  c0000eb7  3         0         00000000  0         00000000  29        c0000000  c0000000  00000000  00000000  lui     t4, 0xc0000
1514      000003e0  000003e4  fffe8e93  3         29        dfffffff  31        00010000  29        bfffffff  bfffffff  00000000  00010000  addi    t4, t4, -1
1515      000003e4  000003e4  03df7fb3  3         30        00010000  29        dfffffff  31        00000000  00000000  00000000  bfffffff  remu    t6, t5, t4
1551      000003e8  000003ec  03f42623  3         8         00006178  31        00010000  12        000061a4  000061a4  00000000  00010000  sw      t6, 44(s0)
1552      000003ec  000003f0  00010f37  3         2         feffffff  0         00000000  30        00010000  00010000  00000000  00000000  lui     t5, 0x10
1553      000003f0  000003f4  80000eb7  3         0         00000000  0         00000000  29        80000000  80000000  00000000  00000000  lui     t4, 0x80000
1554      000003f4  000003f8  fffe8e93  3         29        bfffffff  31        00010000  29        7fffffff  7fffffff  00000000  00010000  addi    t4, t4, -1
1555      000003f8  000003f8  03df7fb3  3         30        00010000  29        bfffffff  31        00000000  00000000  00000000  7fffffff  remu    t6, t5, t4
1591      000003fc  00000400  03f42823  3         8         00006178  31        00010000  16        000061a8  000061a8  00000000  00010000  sw      t6, 48(s0)
1592      00000400  00000404  ffe00f13  3         0         00000000  30        00010000  30        fffffffe  fffffffe  00000000  00010000  li      t5, -2
1593      00000404  00000408  00010eb7  3         2         feffffff  0         00000000  29        00010000  00010000  00000000  00000000  lui     t4, 0x10
1594      00000408  00000408  03df7fb3  3         30        00010000  29        7fffffff  31        00000000  00000000  00000000  00010000  remu    t6, t5, t4
1630      0000040c  00000410  03f42a23  3         8         00006178  31        0000fffe  20        000061ac  000061ac  00000000  0000fffe  sw      t6, 52(s0)
1631      00000410  00000414  ffd00f13  3         0         00000000  29        00010000  30        fffffffd  fffffffd  00000000  00010000  li      t5, -3
1632      00000414  00000418  00010eb7  3         2         feffffff  0         00000000  29        00010000  00010000  00000000  00000000  lui     t4, 0x10
1633      00000418  00000418  03df7fb3  3         30        fffffffe  29        00010000  31        00000000  00000000  00000000  00010000  remu    t6, t5, t4
1669      0000041c  00000420  03f42c23  3         8         00006178  31        0000fffd  24        000061b0  000061b0  00000000  0000fffd  sw      t6, 56(s0)
1670      00000420  00000424  ffb00f13  3         0         00000000  27        fffffffe  30        fffffffb  fffffffb  00000000  fffffffe  li      t5, -5
1671      00000424  00000428  00010eb7  3         2         feffffff  0         00000000  29        00010000  00010000  00000000  00000000  lui     t4, 0x10
1672      00000428  00000428  03df7fb3  3         30        fffffffd  29        00010000  31        00000000  00000000  00000000  00010000  remu    t6, t5, t4
1708      0000042c  00000430  03f42e23  3         8         00006178  31        0000fffb  28        000061b4  000061b4  00000000  0000fffb  sw      t6, 60(s0)
1709      00000430  00000434  ff700f13  3         0         00000000  23        00010000  30        fffffff7  fffffff7  00000000  00010000  li      t5, -9
1710      00000434  00000438  00010eb7  3         2         feffffff  0         00000000  29        00010000  00010000  00000000  00000000  lui     t4, 0x10
1711      00000438  00000438  03df7fb3  3         30        fffffffb  29        00010000  31        00000000  00000000  00000000  00010000  remu    t6, t5, t4
1747      0000043c  00000440  05f42023  3         8         00006178  31        0000fff7  0         000061b8  000061b8  00000000  0000fff7  sw      t6, 64(s0)
1748      00000440  00000444  fef00f13  3         0         00000000  15        00010000  30        ffffffef  ffffffef  00000000  00010000  li      t5, -17
1749      00000444  00000448  00010eb7  3         2         feffffff  0         00000000  29        00010000  00010000  00000000  00000000  lui     t4, 0x10
1750      00000448  00000448  03df7fb3  3         30        fffffff7  29        00010000  31        00000000  00000000  00000000  00010000  remu    t6, t5, t4
1786      0000044c  00000450  05f42223  3         8         00006178  31        0000ffef  4         000061bc  000061bc  00000000  0000ffef  sw      t6, 68(s0)
1787      00000450  00000454  fdf00f13  3         0         00000000  31        0000ffef  30        ffffffdf  ffffffdf  00000000  0000ffef  li      t5, -33
1788      00000454  00000458  00010eb7  3         2         feffffff  0         00000000  29        00010000  00010000  00000000  00000000  lui     t4, 0x10
1789      00000458  00000458  03df7fb3  3         30        ffffffef  29        00010000  31        00000000  00000000  00000000  00010000  remu    t6, t5, t4
1825      0000045c  00000460  05f42423  3         8         00006178  31        0000ffdf  8         000061c0  000061c0  00000000  0000ffdf  sw      t6, 72(s0)
1826      00000460  00000464  fbf00f13  3         0         00000000  31        0000ffdf  30        ffffffbf  ffffffbf  00000000  0000ffdf  li      t5, -65
1827      00000464  00000468  00010eb7  3         2         feffffff  0         00000000  29        00010000  00010000  00000000  00000000  lui     t4, 0x10
1828      00000468  00000468  03df7fb3  3         30        ffffffdf  29        00010000  31        00000000  00000000  00000000  00010000  remu    t6, t5, t4
1864      0000046c  00000470  05f42623  3         8         00006178  31        0000ffbf  12        000061c4  000061c4  00000000  0000ffbf  sw      t6, 76(s0)
1865      00000470  00000474  f7f00f13  3         0         00000000  31        0000ffbf  30        ffffff7f  ffffff7f  00000000  0000ffbf  li      t5, -129
1866      00000474  00000478  00010eb7  3         2         feffffff  0         00000000  29        00010000  00010000  00000000  00000000  lui     t4, 0x10
1867      00000478  00000478  03df7fb3  3         30        ffffffbf  29        00010000  31        00000000  00000000  00000000  00010000  remu    t6, t5, t4
1903      0000047c  00000480  05f42823  3         8         00006178  31        0000ff7f  16        000061c8  000061c8  00000000  0000ff7f  sw      t6, 80(s0)
1904      00000480  00000484  eff00f13  3         0         00000000  31        0000ff7f  30        fffffeff  fffffeff  00000000  0000ff7f  li      t5, -257
1905      00000484  00000488  00010eb7  3         2         feffffff  0         00000000  29        00010000  00010000  00000000  00000000  lui     t4, 0x10
1906      00000488  00000488  03df7fb3  3         30        ffffff7f  29        00010000  31        00000000  00000000  00000000  00010000  remu    t6, t5, t4
1942      0000048c  00000490  05f42a23  3         8         00006178  31        0000feff  20        000061cc  000061cc  00000000  0000feff  sw      t6, 84(s0)
1943      00000490  00000494  dff00f13  3         0         00000000  31        0000feff  30        fffffdff  fffffdff  00000000  0000feff  li      t5, -513
1944      00000494  00000498  00010eb7  3         2         feffffff  0         00000000  29        00010000  00010000  00000000  00000000  lui     t4, 0x10
1945      00000498  00000498  03df7fb3  3         30        fffffeff  29        00010000  31        00000000  00000000  00000000  00010000  remu    t6, t5, t4
1981      0000049c  000004a0  05f42c23  3         8         00006178  31        0000fdff  24        000061d0  000061d0  00000000  0000fdff  sw      t6, 88(s0)
1982      000004a0  000004a4  bff00f13  3         0         00000000  31        0000fdff  30        fffffbff  fffffbff  00000000  0000fdff  li      t5, -1025
1983      000004a4  000004a8  00010eb7  3         2         feffffff  0         00000000  29        00010000  00010000  00000000  00000000  lui     t4, 0x10
1984      000004a8  000004a8  03df7fb3  3         30        fffffdff  29        00010000  31        00000000  00000000  00000000  00010000  remu    t6, t5, t4
2020      000004ac  000004b0  05f42e23  3         8         00006178  31        0000fbff  28        000061d4  000061d4  00000000  0000fbff  sw      t6, 92(s0)
2021      000004b0  000004b4  ffffff37  3         31        0000fbff  31        0000fbff  30        fffff000  fffff000  00000000  0000fbff  lui     t5, 0xfffff
2022      000004b4  000004b8  7fff0f13  3         30        fffffbff  31        0000fbff  30        fffff7ff  fffff7ff  00000000  0000fbff  addi    t5, t5, 2047
2023      000004b8  000004bc  00010eb7  3         2         feffffff  0         00000000  29        00010000  00010000  00000000  00000000  lui     t4, 0x10
2024      000004bc  000004bc  03df7fb3  3         30        fffff000  29        00010000  31        00000000  00000000  00000000  00010000  remu    t6, t5, t4
2060      000004c0  000004c4  07f42023  3         8         00006178  31        0000f7ff  0         000061d8  000061d8  00000000  0000f7ff  sw      t6, 96(s0)
2061      000004c4  000004c8  ffffff37  3         31        0000f7ff  31        0000f7ff  30        fffff000  fffff000  00000000  0000f7ff  lui     t5, 0xfffff
2062      000004c8  000004cc  ffff0f13  3         30        fffff7ff  31        0000f7ff  30        ffffefff  ffffefff  00000000  0000f7ff  addi    t5, t5, -1
2063      000004cc  000004d0  00010eb7  3         2         feffffff  0         00000000  29        00010000  00010000  00000000  00000000  lui     t4, 0x10
2064      000004d0  000004d0  03df7fb3  3         30        fffff000  29        00010000  31        00000000  00000000  00000000  00010000  remu    t6, t5, t4
2100      000004d4  000004d8  07f42223  3         8         00006178  31        0000efff  4         000061dc  000061dc  00000000  0000efff  sw      t6, 100(s0)
2101      000004d8  000004dc  ffffef37  3         31        0000efff  31        0000efff  30        ffffe000  ffffe000  00000000  0000efff  lui     t5, 0xffffe
2102      000004dc  000004e0  ffff0f13  3         30        ffffefff  31        0000efff  30        ffffdfff  ffffdfff  00000000  0000efff  addi    t5, t5, -1
2103      000004e0  000004e4  00010eb7  3         2         feffffff  0         00000000  29        00010000  00010000  00000000  00000000  lui     t4, 0x10
2104      000004e4  000004e4  03df7fb3  3         30        ffffe000  29        00010000  31        00000000  00000000  00000000  00010000  remu    t6, t5, t4
2140      000004e8  000004ec  07f42423  3         8         00006178  31        0000dfff  8         000061e0  000061e0  00000000  0000dfff  sw      t6, 104(s0)
2141      000004ec  000004f0  ffffcf37  3         31        0000dfff  31        0000dfff  30        ffffc000  ffffc000  00000000  0000dfff  lui     t5, 0xffffc
2142      000004f0  000004f4  ffff0f13  3         30        ffffdfff  31        0000dfff  30        ffffbfff  ffffbfff  00000000  0000dfff  addi    t5, t5, -1
2143      000004f4  000004f8  00010eb7  3         2         feffffff  0         00000000  29        00010000  00010000  00000000  00000000  lui     t4, 0x10
2144      000004f8  000004f8  03df7fb3  3         30        ffffc000  29        00010000  31        00000000  00000000  00000000  00010000  remu    t6, t5, t4
2180      000004fc  00000500  07f42623  3         8         00006178  31        0000bfff  12        000061e4  000061e4  00000000  0000bfff  sw      t6, 108(s0)
2181      00000500  00000504  ffff8f37  3         31        0000bfff  31        0000bfff  30        ffff8000  ffff8000  00000000  0000bfff  lui     t5, 0xffff8
2182      00000504  00000508  ffff0f13  3         30        ffffbfff  31        0000bfff  30        ffff7fff  ffff7fff  00000000  0000bfff  addi    t5, t5, -1
2183      00000508  0000050c  00010eb7  3         2         feffffff  0         00000000  29        00010000  00010000  00000000  00000000  lui     t4, 0x10
2184      0000050c  0000050c  03df7fb3  3         30        ffff8000  29        00010000  31        00000000  00000000  00000000  00010000  remu    t6, t5, t4
2220      00000510  00000514  07f42823  3         8         00006178  31        00007fff  16        000061e8  000061e8  00000000  00007fff  sw      t6, 112(s0)
2221      00000514  00000518  ffff0f37  3         30        ffff7fff  31        00007fff  30        ffff0000  ffff0000  00000000  00007fff  lui     t5, 0xffff0
2222      00000518  0000051c  ffff0f13  3         30        ffff7fff  31        00007fff  30        fffeffff  fffeffff  00000000  00007fff  addi    t5, t5, -1
2223      0000051c  00000520  00010eb7  3         2         feffffff  0         00000000  29        00010000  00010000  00000000  00000000  lui     t4, 0x10
2224      00000520  00000520  03df7fb3  3         30        ffff0000  29        00010000  31        00000000  00000000  00000000  00010000  remu    t6, t5, t4
2260      00000524  00000528  07f42a23  3         8         00006178  31        0000ffff  20        000061ec  000061ec  00000000  0000ffff  sw      t6, 116(s0)
2261      00000528  0000052c  fffe0f37  3         28        00010000  31        0000ffff  30        fffe0000  fffe0000  00000000  0000ffff  lui     t5, 0xfffe0
2262      0000052c  00000530  ffff0f13  3         30        fffeffff  31        0000ffff  30        fffdffff  fffdffff  00000000  0000ffff  addi    t5, t5, -1
2263      00000530  00000534  00010eb7  3         2         feffffff  0         00000000  29        00010000  00010000  00000000  00000000  lui     t4, 0x10
2264      00000534  00000534  03df7fb3  3         30        fffe0000  29        00010000  31        00000000  00000000  00000000  00010000  remu    t6, t5, t4
2300      00000538  0000053c  07f42c23  3         8         00006178  31        0000ffff  24        000061f0  000061f0  00000000  0000ffff  sw      t6, 120(s0)
2301      0000053c  00000540  fffc0f37  3         24        fffffffb  31        0000ffff  30        fffc0000  fffc0000  00000000  0000ffff  lui     t5, 0xfffc0
2302      00000540  00000544  ffff0f13  3         30        fffdffff  31        0000ffff  30        fffbffff  fffbffff  00000000  0000ffff  addi    t5, t5, -1
2303      00000544  00000548  00010eb7  3         2         feffffff  0         00000000  29        00010000  00010000  00000000  00000000  lui     t4, 0x10
2304      00000548  00000548  03df7fb3  3         30        fffc0000  29        00010000  31        00000000  00000000  00000000  00010000  remu    t6, t5, t4
2340      0000054c  00000550  07f42e23  3         8         00006178  31        0000ffff  28        000061f4  000061f4  00000000  0000ffff  sw      t6, 124(s0)
2341      00000550  00000554  fff80f37  3         16        fffffbff  31        0000ffff  30        fff80000  fff80000  00000000  0000ffff  lui     t5, 0xfff80
2342      00000554  00000558  ffff0f13  3         30        fffbffff  31        0000ffff  30        fff7ffff  fff7ffff  00000000  0000ffff  addi    t5, t5, -1
2343      00000558  0000055c  00010eb7  3         2         feffffff  0         00000000  29        00010000  00010000  00000000  00000000  lui     t4, 0x10
2344      0000055c  0000055c  03df7fb3  3         30        fff80000  29        00010000  31        00000000  00000000  00000000  00010000  remu    t6, t5, t4
2380      00000560  00000564  09f42023  3         8         00006178  31        0000ffff  0         000061f8  000061f8  00000000  0000ffff  sw      t6, 128(s0)
2381      00000564  00000568  fff00f37  3         0         00000000  31        0000ffff  30        fff00000  fff00000  00000000  0000ffff  lui     t5, 0xfff00
2382      00000568  0000056c  ffff0f13  3         30        fff7ffff  31        0000ffff  30        ffefffff  ffefffff  00000000  0000ffff  addi    t5, t5, -1
2383      0000056c  00000570  00010eb7  3         2         feffffff  0         00000000  29        00010000  00010000  00000000  00000000  lui     t4, 0x10
2384      00000570  00000570  03df7fb3  3         30        fff00000  29        00010000  31        00000000  00000000  00000000  00010000  remu    t6, t5, t4
2420      00000574  00000578  09f42223  3         8         00006178  31        0000ffff  4         000061fc  000061fc  00000000  0000ffff  sw      t6, 132(s0)
2421      00000578  0000057c  ffe00f37  3         0         00000000  30        ffefffff  30        ffe00000  ffe00000  00000000  ffefffff  lui     t5, 0xffe00
2422      0000057c  00000580  ffff0f13  3         30        ffefffff  31        0000ffff  30        ffdfffff  ffdfffff  00000000  0000ffff  addi    t5, t5, -1
2423      00000580  00000584  00010eb7  3         2         feffffff  0         00000000  29        00010000  00010000  00000000  00000000  lui     t4, 0x10
2424      00000584  00000584  03df7fb3  3         30        ffe00000  29        00010000  31        00000000  00000000  00000000  00010000  remu    t6, t5, t4
2460      00000588  0000058c  09f42423  3         8         00006178  31        0000ffff  8         00006200  00006200  00000000  0000ffff  sw      t6, 136(s0)
2461      0000058c  00000590  ffc00f37  3         0         00000000  28        00010000  30        ffc00000  ffc00000  00000000  00010000  lui     t5, 0xffc00
2462      00000590  00000594  ffff0f13  3         30        ffdfffff  31        0000ffff  30        ffbfffff  ffbfffff  00000000  0000ffff  addi    t5, t5, -1
2463      00000594  00000598  00010eb7  3         2         feffffff  0         00000000  29        00010000  00010000  00000000  00000000  lui     t4, 0x10
2464      00000598  00000598  03df7fb3  3         30        ffc00000  29        00010000  31        00000000  00000000  00000000  00010000  remu    t6, t5, t4
2500      0000059c  000005a0  09f42623  3         8         00006178  31        0000ffff  12        00006204  00006204  00000000  0000ffff  sw      t6, 140(s0)
2501      000005a0  000005a4  ff800f37  3         0         00000000  24        fffffffb  30        ff800000  ff800000  00000000  fffffffb  lui     t5, 0xff800
2502      000005a4  000005a8  ffff0f13  3         30        ffbfffff  31        0000ffff  30        ff7fffff  ff7fffff  00000000  0000ffff  addi    t5, t5, -1
2503      000005a8  000005ac  00010eb7  3         2         feffffff  0         00000000  29        00010000  00010000  00000000  00000000  lui     t4, 0x10
2504      000005ac  000005ac  03df7fb3  3         30        ff800000  29        00010000  31        00000000  00000000  00000000  00010000  remu    t6, t5, t4
2540      000005b0  000005b4  09f42823  3         8         00006178  31        0000ffff  16        00006208  00006208  00000000  0000ffff  sw      t6, 144(s0)
2541      000005b4  000005b8  ff000f37  3         0         00000000  16        fffffbff  30        ff000000  ff000000  00000000  fffffbff  lui     t5, 0xff000
2542      000005b8  000005bc  ffff0f13  3         30        ff7fffff  31        0000ffff  30        feffffff  feffffff  00000000  0000ffff  addi    t5, t5, -1
2543      000005bc  000005c0  00010eb7  3         2         feffffff  0         00000000  29        00010000  00010000  00000000  00000000  lui     t4, 0x10
2544      000005c0  000005c0  03df7fb3  3         30        ff000000  29        00010000  31        00000000  00000000  00000000  00010000  remu    t6, t5, t4
2580      000005c4  000005c8  09f42a23  3         8         00006178  31        0000ffff  20        0000620c  0000620c  00000000  0000ffff  sw      t6, 148(s0)
2581      000005c8  000005cc  fe000f37  3         0         00000000  0         00000000  30        fe000000  fe000000  00000000  00000000  lui     t5, 0xfe000
2582      000005cc  000005d0  ffff0f13  3         30        feffffff  31        0000ffff  30        fdffffff  fdffffff  00000000  0000ffff  addi    t5, t5, -1
2583      000005d0  000005d4  00010eb7  3         2         feffffff  0         00000000  29        00010000  00010000  00000000  00000000  lui     t4, 0x10
2584      000005d4  000005d4  03df7fb3  3         30        fe000000  29        00010000  31        00000000  00000000  00000000  00010000  remu    t6, t5, t4
2620      000005d8  000005dc  09f42c23  3         8         00006178  31        0000ffff  24        00006210  00006210  00000000  0000ffff  sw      t6, 152(s0)
2621      000005dc  000005e0  fc000f37  3         0         00000000  0         00000000  30        fc000000  fc000000  00000000  00000000  lui     t5, 0xfc000
2622      000005e0  000005e4  ffff0f13  3         30        fdffffff  31        0000ffff  30        fbffffff  fbffffff  00000000  0000ffff  addi    t5, t5, -1
2623      000005e4  000005e8  00010eb7  3         2         feffffff  0         00000000  29        00010000  00010000  00000000  00000000  lui     t4, 0x10
2624      000005e8  000005e8  03df7fb3  3         30        fc000000  29        00010000  31        00000000  00000000  00000000  00010000  remu    t6, t5, t4
2660      000005ec  000005f0  09f42e23  3         8         00006178  31        0000ffff  28        00006214  00006214  00000000  0000ffff  sw      t6, 156(s0)
2661      000005f0  000005f4  f8000f37  3         0         00000000  0         00000000  30        f8000000  f8000000  00000000  00000000  lui     t5, 0xf8000
2662      000005f4  000005f8  ffff0f13  3         30        fbffffff  31        0000ffff  30        f7ffffff  f7ffffff  00000000  0000ffff  addi    t5, t5, -1
2663      000005f8  000005fc  00010eb7  3         2         feffffff  0         00000000  29        00010000  00010000  00000000  00000000  lui     t4, 0x10
2664      000005fc  000005fc  03df7fb3  3         30        f8000000  29        00010000  31        00000000  00000000  00000000  00010000  remu    t6, t5, t4
2700      00000600  00000604  0bf42023  3         8         00006178  31        0000ffff  0         00006218  00006218  00000000  0000ffff  sw      t6, 160(s0)
2701      00000604  00000608  f0000f37  3         0         00000000  0         00000000  30        f0000000  f0000000  00000000  00000000  lui     t5, 0xf0000
2702      00000608  0000060c  ffff0f13  3         30        f7ffffff  31        0000ffff  30        efffffff  efffffff  00000000  0000ffff  addi    t5, t5, -1
2703      0000060c  00000610  00010eb7  3         2         feffffff  0         00000000  29        00010000  00010000  00000000  00000000  lui     t4, 0x10
2704      00000610  00000610  03df7fb3  3         30        f0000000  29        00010000  31        00000000  00000000  00000000  00010000  remu    t6, t5, t4
2740      00000614  00000618  0bf42223  3         8         00006178  31        0000ffff  4         0000621c  0000621c  00000000  0000ffff  sw      t6, 164(s0)
2741      00000618  0000061c  e0000f37  3         0         00000000  0         00000000  30        e0000000  e0000000  00000000  00000000  lui     t5, 0xe0000
2742      0000061c  00000620  ffff0f13  3         30        efffffff  31        0000ffff  30        dfffffff  dfffffff  00000000  0000ffff  addi    t5, t5, -1
2743      00000620  00000624  00010eb7  3         2         feffffff  0         00000000  29        00010000  00010000  00000000  00000000  lui     t4, 0x10
2744      00000624  00000624  03df7fb3  3         30        e0000000  29        00010000  31        00000000  00000000  00000000  00010000  remu    t6, t5, t4
2780      00000628  0000062c  0bf42423  3         8         00006178  31        0000ffff  8         00006220  00006220  00000000  0000ffff  sw      t6, 168(s0)
2781      0000062c  00000630  c0000f37  3         0         00000000  0         00000000  30        c0000000  c0000000  00000000  00000000  lui     t5, 0xc0000
2782      00000630  00000634  ffff0f13  3         30        dfffffff  31        0000ffff  30        bfffffff  bfffffff  00000000  0000ffff  addi    t5, t5, -1
2783      00000634  00000638  00010eb7  3         2         feffffff  0         00000000  29        00010000  00010000  00000000  00000000  lui     t4, 0x10
2784      00000638  00000638  03df7fb3  3         30        c0000000  29        00010000  31        00000000  00000000  00000000  00010000  remu    t6, t5, t4
2820      0000063c  00000640  0bf42623  3         8         00006178  31        0000ffff  12        00006224  00006224  00000000  0000ffff  sw      t6, 172(s0)
2821      00000640  00000644  80000f37  3         0         00000000  0         00000000  30        80000000  80000000  00000000  00000000  lui     t5, 0x80000
2822      00000644  00000648  ffff0f13  3         30        bfffffff  31        0000ffff  30        7fffffff  7fffffff  00000000  0000ffff  addi    t5, t5, -1
2823      00000648  0000064c  00010eb7  3         2         feffffff  0         00000000  29        00010000  00010000  00000000  00000000  lui     t4, 0x10
2824      0000064c  0000064c  03df7fb3  3         30        80000000  29        00010000  31        00000000  00000000  00000000  00010000  remu    t6, t5, t4
2860      00000650  00000654  0bf42823  3         8         00006178  31        0000ffff  16        00006228  00006228  00000000  0000ffff  sw      t6, 176(s0)
2861      00000654  00000658  00010f37  3         2         feffffff  0         00000000  30        00010000  00010000  00000000  00000000  lui     t5, 0x10
2862      00000658  0000065c  00200e93  3         0         00000000  2         feffffff  29        00000002  00000002  00000000  feffffff  li      t4, 2
2863      0000065c  0000065c  03df7fb3  3         30        7fffffff  29        00010000  31        00000000  00000000  00000000  00000002  remu    t6, t5, t4
2899      00000660  00000664  0bf42a23  3         8         00006178  31        00000000  20        0000622c  0000622c  00000000  00000000  sw      t6, 180(s0)
2900      00000664  00000668  00010f37  3         2         feffffff  0         00000000  30        00010000  00010000  00000000  00000000  lui     t5, 0x10
2901      00000668  0000066c  00400e93  3         0         00000000  4         ffbfffff  29        00000004  00000004  00000000  ffbfffff  li      t4, 4
2902      0000066c  0000066c  03df7fb3  3         30        00010000  29        00000002  31        00000000  00000000  00000000  00000004  remu    t6, t5, t4
2938      00000670  00000674  0bf42c23  3         8         00006178  31        00000000  24        00006230  00006230  00000000  00000000  sw      t6, 184(s0)
2939      00000674  00000678  00010f37  3         2         feffffff  0         00000000  30        00010000  00010000  00000000  00000000  lui     t5, 0x10
2940      00000678  0000067c  00800e93  3         0         00000000  8         00006178  29        00000008  00000008  00000000  00006178  li      t4, 8
2941      0000067c  0000067c  03df7fb3  3         30        00010000  29        00000004  31        00000000  00000000  00000000  00000008  remu    t6, t5, t4
2977      00000680  00000684  0bf42e23  3         8         00006178  31        00000000  28        00006234  00006234  00000000  00000000  sw      t6, 188(s0)
2978      00000684  00000688  00010f37  3         2         feffffff  0         00000000  30        00010000  00010000  00000000  00000000  lui     t5, 0x10
2979      00000688  0000068c  01000e93  3         0         00000000  16        fffffbff  29        00000010  00000010  00000000  fffffbff  li      t4, 16
2980      0000068c  0000068c  03df7fb3  3         30        00010000  29        00000008  31        00000000  00000000  00000000  00000010  remu    t6, t5, t4
3016      00000690  00000694  0df42023  3         8         00006178  31        00000000  0         00006238  00006238  00000000  00000000  sw      t6, 192(s0)
3017      00000694  00000698  00010f37  3         2         feffffff  0         00000000  30        00010000  00010000  00000000  00000000  lui     t5, 0x10
3018      00000698  0000069c  02000e93  3         0         00000000  0         00000000  29        00000020  00000020  00000000  00000000  li      t4, 32
3019      0000069c  0000069c  03df7fb3  3         30        00010000  29        00000010  31        00000000  00000000  00000000  00000020  remu    t6, t5, t4
3055      000006a0  000006a4  0df42223  3         8         00006178  31        00000000  4         0000623c  0000623c  00000000  00000000  sw      t6, 196(s0)
3056      000006a4  000006a8  00010f37  3         2         feffffff  0         00000000  30        00010000  00010000  00000000  00000000  lui     t5, 0x10
3057      000006a8  000006ac  04000e93  3         0         00000000  0         00000000  29        00000040  00000040  00000000  00000000  li      t4, 64
3058      000006ac  000006ac  03df7fb3  3         30        00010000  29        00000020  31        00000000  00000000  00000000  00000040  remu    t6, t5, t4
3094      000006b0  000006b4  0df42423  3         8         00006178  31        00000000  8         00006240  00006240  00000000  00000000  sw      t6, 200(s0)
3095      000006b4  000006b8  00010f37  3         2         feffffff  0         00000000  30        00010000  00010000  00000000  00000000  lui     t5, 0x10
3096      000006b8  000006bc  08000e93  3         0         00000000  0         00000000  29        00000080  00000080  00000000  00000000  li      t4, 128
3097      000006bc  000006bc  03df7fb3  3         30        00010000  29        00000040  31        00000000  00000000  00000000  00000080  remu    t6, t5, t4
3133      000006c0  000006c4  0df42623  3         8         00006178  31        00000000  12        00006244  00006244  00000000  00000000  sw      t6, 204(s0)
3134      000006c4  000006c8  00010f37  3         2         feffffff  0         00000000  30        00010000  00010000  00000000  00000000  lui     t5, 0x10
3135      000006c8  000006cc  10000e93  3         0         00000000  0         00000000  29        00000100  00000100  00000000  00000000  li      t4, 256
3136      000006cc  000006cc  03df7fb3  3         30        00010000  29        00000080  31        00000000  00000000  00000000  00000100  remu    t6, t5, t4
3172      000006d0  000006d4  0df42823  3         8         00006178  31        00000000  16        00006248  00006248  00000000  00000000  sw      t6, 208(s0)
3173      000006d4  000006d8  00010f37  3         2         feffffff  0         00000000  30        00010000  00010000  00000000  00000000  lui     t5, 0x10
3174      000006d8  000006dc  20000e93  3         0         00000000  0         00000000  29        00000200  00000200  00000000  00000000  li      t4, 512
3175      000006dc  000006dc  03df7fb3  3         30        00010000  29        00000100  31        00000000  00000000  00000000  00000200  remu    t6, t5, t4
3211      000006e0  000006e4  0df42a23  3         8         00006178  31        00000000  20        0000624c  0000624c  00000000  00000000  sw      t6, 212(s0)
3212      000006e4  000006e8  00010f37  3         2         feffffff  0         00000000  30        00010000  00010000  00000000  00000000  lui     t5, 0x10
3213      000006e8  000006ec  40000e93  3         0         00000000  0         00000000  29        00000400  00000400  00000000  00000000  li      t4, 1024
3214      000006ec  000006ec  03df7fb3  3         30        00010000  29        00000200  31        00000000  00000000  00000000  00000400  remu    t6, t5, t4
3250      000006f0  000006f4  0df42c23  3         8         00006178  31        00000000  24        00006250  00006250  00000000  00000000  sw      t6, 216(s0)
3251      000006f4  000006f8  00010f37  3         2         feffffff  0         00000000  30        00010000  00010000  00000000  00000000  lui     t5, 0x10
3252      000006f8  000006fc  00001eb7  3         0         00000000  0         00000000  29        00001000  00001000  00000000  00000000  lui     t4, 0x1
3253      000006fc  00000700  800e8e93  3         29        00000400  0         00000000  29        00000800  00000800  00000000  00000000  addi    t4, t4, -2048
3254      00000700  00000700  03df7fb3  3         30        00010000  29        00000400  31        00000000  00000000  00000000  00000800  remu    t6, t5, t4
3290      00000704  00000708  0df42e23  3         8         00006178  31        00000000  28        00006254  00006254  00000000  00000000  sw      t6, 220(s0)
3291      00000708  0000070c  00010f37  3         2         feffffff  0         00000000  30        00010000  00010000  00000000  00000000  lui     t5, 0x10
3292      0000070c  00000710  00001eb7  3         0         00000000  0         00000000  29        00001000  00001000  00000000  00000000  lui     t4, 0x1
3293      00000710  00000710  03df7fb3  3         30        00010000  29        00000800  31        00000000  00000000  00000000  00001000  remu    t6, t5, t4
3329      00000714  00000718  0ff42023  3         8         00006178  31        00000000  0         00006258  00006258  00000000  00000000  sw      t6, 224(s0)
3330      00000718  0000071c  00010f37  3         2         feffffff  0         00000000  30        00010000  00010000  00000000  00000000  lui     t5, 0x10
3331      0000071c  00000720  00002eb7  3         0         00000000  0         00000000  29        00002000  00002000  00000000  00000000  lui     t4, 0x2
3332      00000720  00000720  03df7fb3  3         30        00010000  29        00001000  31        00000000  00000000  00000000  00002000  remu    t6, t5, t4
3368      00000724  00000728  0ff42223  3         8         00006178  31        00000000  4         0000625c  0000625c  00000000  00000000  sw      t6, 228(s0)
3369      00000728  0000072c  00010f37  3         2         feffffff  0         00000000  30        00010000  00010000  00000000  00000000  lui     t5, 0x10
3370      0000072c  00000730  00004eb7  3         0         00000000  0         00000000  29        00004000  00004000  00000000  00000000  lui     t4, 0x4
3371      00000730  00000730  03df7fb3  3         30        00010000  29        00002000  31        00000000  00000000  00000000  00004000  remu    t6, t5, t4
3407      00000734  00000738  0ff42423  3         8         00006178  31        00000000  8         00006260  00006260  00000000  00000000  sw      t6, 232(s0)
3408      00000738  0000073c  00010f37  3         2         feffffff  0         00000000  30        00010000  00010000  00000000  00000000  lui     t5, 0x10
3409      0000073c  00000740  00008eb7  3         1         00010000  0         00000000  29        00008000  00008000  00000000  00000000  lui     t4, 0x8
3410      00000740  00000740  03df7fb3  3         30        00010000  29        00004000  31        00000000  00000000  00000000  00008000  remu    t6, t5, t4
3446      00000744  00000748  0ff42623  3         8         00006178  31        00000000  12        00006264  00006264  00000000  00000000  sw      t6, 236(s0)
3447      00000748  0000074c  00010f37  3         2         feffffff  0         00000000  30        00010000  00010000  00000000  00000000  lui     t5, 0x10
3448      0000074c  00000750  00020eb7  3         4         ffbfffff  0         00000000  29        00020000  00020000  00000000  00000000  lui     t4, 0x20
3449      00000750  00000750  03df7fb3  3         30        00010000  29        00008000  31        00000000  00000000  00000000  00020000  remu    t6, t5, t4
3485      00000754  00000758  0ff42823  3         8         00006178  31        00010000  16        00006268  00006268  00000000  00010000  sw      t6, 240(s0)
3486      00000758  0000075c  00010f37  3         2         feffffff  0         00000000  30        00010000  00010000  00000000  00000000  lui     t5, 0x10
3487      0000075c  00000760  00040eb7  3         8         00006178  0         00000000  29        00040000  00040000  00000000  00000000  lui     t4, 0x40
3488      00000760  00000760  03df7fb3  3         30        00010000  29        00020000  31        00000000  00000000  00000000  00040000  remu    t6, t5, t4
3524      00000764  00000768  0ff42a23  3         8         00006178  31        00010000  20        0000626c  0000626c  00000000  00010000  sw      t6, 244(s0)
3525      00000768  0000076c  00010f37  3         2         feffffff  0         00000000  30        00010000  00010000  00000000  00000000  lui     t5, 0x10
3526      0000076c  00000770  00080eb7  3         16        fffffbff  0         00000000  29        00080000  00080000  00000000  00000000  lui     t4, 0x80
3527      00000770  00000770  03df7fb3  3         30        00010000  29        00040000  31        00000000  00000000  00000000  00080000  remu    t6, t5, t4
3563      00000774  00000778  0ff42c23  3         8         00006178  31        00010000  24        00006270  00006270  00000000  00010000  sw      t6, 248(s0)
3564      00000778  0000077c  00010f37  3         2         feffffff  0         00000000  30        00010000  00010000  00000000  00000000  lui     t5, 0x10
3565      0000077c  00000780  00100eb7  3         0         00000000  1         00010000  29        00100000  00100000  00000000  00010000  lui     t4, 0x100
3566      00000780  00000780  03df7fb3  3         30        00010000  29        00080000  31        00000000  00000000  00000000  00100000  remu    t6, t5, t4
3602      00000784  00000788  0ff42e23  3         8         00006178  31        00010000  28        00006274  00006274  00000000  00010000  sw      t6, 252(s0)
3603      00000788  0000078c  00010f37  3         2         feffffff  0         00000000  30        00010000  00010000  00000000  00000000  lui     t5, 0x10
3604      0000078c  00000790  00200eb7  3         0         00000000  2         feffffff  29        00200000  00200000  00000000  feffffff  lui     t4, 0x200
3605      00000790  00000790  03df7fb3  3         30        00010000  29        00100000  31        00000000  00000000  00000000  00200000  remu    t6, t5, t4
3641      00000794  00000798  11f42023  3         8         00006178  31        00010000  0         00006278  00006278  00000000  00010000  sw      t6, 256(s0)
3642      00000798  0000079c  00010f37  3         2         feffffff  0         00000000  30        00010000  00010000  00000000  00000000  lui     t5, 0x10
3643      0000079c  000007a0  00400eb7  3         0         00000000  4         ffbfffff  29        00400000  00400000  00000000  ffbfffff  lui     t4, 0x400
3644      000007a0  000007a0  03df7fb3  3         30        00010000  29        00200000  31        00000000  00000000  00000000  00400000  remu    t6, t5, t4
3680      000007a4  000007a8  11f42223  3         8         00006178  31        00010000  4         0000627c  0000627c  00000000  00010000  sw      t6, 260(s0)
3681      000007a8  000007ac  00010f37  3         2         feffffff  0         00000000  30        00010000  00010000  00000000  00000000  lui     t5, 0x10
3682      000007ac  000007b0  00800eb7  3         0         00000000  8         00006178  29        00800000  00800000  00000000  00006178  lui     t4, 0x800
3683      000007b0  000007b0  03df7fb3  3         30        00010000  29        00400000  31        00000000  00000000  00000000  00800000  remu    t6, t5, t4
3719      000007b4  000007b8  11f42423  3         8         00006178  31        00010000  8         00006280  00006280  00000000  00010000  sw      t6, 264(s0)
3720      000007b8  000007bc  00010f37  3         2         feffffff  0         00000000  30        00010000  00010000  00000000  00000000  lui     t5, 0x10
3721      000007bc  000007c0  01000eb7  3         0         00000000  16        fffffbff  29        01000000  01000000  00000000  fffffbff  lui     t4, 0x1000
3722      000007c0  000007c0  03df7fb3  3         30        00010000  29        00800000  31        00000000  00000000  00000000  01000000  remu    t6, t5, t4
3758      000007c4  000007c8  11f42623  3         8         00006178  31        00010000  12        00006284  00006284  00000000  00010000  sw      t6, 268(s0)
3759      000007c8  000007cc  00010f37  3         2         feffffff  0         00000000  30        00010000  00010000  00000000  00000000  lui     t5, 0x10
3760      000007cc  000007d0  02000eb7  3         0         00000000  0         00000000  29        02000000  02000000  00000000  00000000  lui     t4, 0x2000
3761      000007d0  000007d0  03df7fb3  3         30        00010000  29        01000000  31        00000000  00000000  00000000  02000000  remu    t6, t5, t4
3797      000007d4  000007d8  11f42823  3         8         00006178  31        00010000  16        00006288  00006288  00000000  00010000  sw      t6, 272(s0)
3798      000007d8  000007dc  00010f37  3         2         feffffff  0         00000000  30        00010000  00010000  00000000  00000000  lui     t5, 0x10
3799      000007dc  000007e0  04000eb7  3         0         00000000  0         00000000  29        04000000  04000000  00000000  00000000  lui     t4, 0x4000
3800      000007e0  000007e0  03df7fb3  3         30        00010000  29        02000000  31        00000000  00000000  00000000  04000000  remu    t6, t5, t4
3836      000007e4  000007e8  11f42a23  3         8         00006178  31        00010000  20        0000628c  0000628c  00000000  00010000  sw      t6, 276(s0)
3837      000007e8  000007ec  00010f37  3         2         feffffff  0         00000000  30        00010000  00010000  00000000  00000000  lui     t5, 0x10
3838      000007ec  000007f0  08000eb7  3         0         00000000  0         00000000  29        08000000  08000000  00000000  00000000  lui     t4, 0x8000
3839      000007f0  000007f0  03df7fb3  3         30        00010000  29        04000000  31        00000000  00000000  00000000  08000000  remu    t6, t5, t4
3875      000007f4  000007f8  11f42c23  3         8         00006178  31        00010000  24        00006290  00006290  00000000  00010000  sw      t6, 280(s0)
3876      000007f8  000007fc  00010f37  3         2         feffffff  0         00000000  30        00010000  00010000  00000000  00000000  lui     t5, 0x10
3877      000007fc  00000800  10000eb7  3         0         00000000  0         00000000  29        10000000  10000000  00000000  00000000  lui     t4, 0x10000
3878      00000800  00000800  03df7fb3  3         30        00010000  29        08000000  31        00000000  00000000  00000000  10000000  remu    t6, t5, t4
3914      00000804  00000808  11f42e23  3         8         00006178  31        00010000  28        00006294  00006294  00000000  00010000  sw      t6, 284(s0)
3915      00000808  0000080c  00010f37  3         2         feffffff  0         00000000  30        00010000  00010000  00000000  00000000  lui     t5, 0x10
3916      0000080c  00000810  20000eb7  3         0         00000000  0         00000000  29        20000000  20000000  00000000  00000000  lui     t4, 0x20000
3917      00000810  00000810  03df7fb3  3         30        00010000  29        10000000  31        00000000  00000000  00000000  20000000  remu    t6, t5, t4
3953      00000814  00000818  13f42023  3         8         00006178  31        00010000  0         00006298  00006298  00000000  00010000  sw      t6, 288(s0)
3954      00000818  0000081c  00010f37  3         2         feffffff  0         00000000  30        00010000  00010000  00000000  00000000  lui     t5, 0x10
3955      0000081c  00000820  40000eb7  3         0         00000000  0         00000000  29        40000000  40000000  00000000  00000000  lui     t4, 0x40000
3956      00000820  00000820  03df7fb3  3         30        00010000  29        20000000  31        00000000  00000000  00000000  40000000  remu    t6, t5, t4
3992      00000824  00000828  13f42223  3         8         00006178  31        00010000  4         0000629c  0000629c  00000000  00010000  sw      t6, 292(s0)
3993      00000828  0000082c  00010f37  3         2         feffffff  0         00000000  30        00010000  00010000  00000000  00000000  lui     t5, 0x10
3994      0000082c  00000830  80000eb7  3         0         00000000  0         00000000  29        80000000  80000000  00000000  00000000  lui     t4, 0x80000
3995      00000830  00000830  03df7fb3  3         30        00010000  29        40000000  31        00000000  00000000  00000000  80000000  remu    t6, t5, t4
4031      00000834  00000838  13f42423  3         8         00006178  31        00010000  8         000062a0  000062a0  00000000  00010000  sw      t6, 296(s0)
4032      00000838  0000083c  00100f13  3         0         00000000  1         00010000  30        00000001  00000001  00000000  00010000  li      t5, 1
4033      0000083c  00000840  00010eb7  3         2         feffffff  0         00000000  29        00010000  00010000  00000000  00000000  lui     t4, 0x10
4034      00000840  00000840  03df7fb3  3         30        00010000  29        80000000  31        00000000  00000000  00000000  00010000  remu    t6, t5, t4
4070      00000844  00000848  13f42623  3         8         00006178  31        00000001  12        000062a4  000062a4  00000000  00000001  sw      t6, 300(s0)
4071      00000848  0000084c  00200f13  3         0         00000000  2         feffffff  30        00000002  00000002  00000000  feffffff  li      t5, 2
4072      0000084c  00000850  00010eb7  3         2         feffffff  0         00000000  29        00010000  00010000  00000000  00000000  lui     t4, 0x10
4073      00000850  00000850  03df7fb3  3         30        00000001  29        00010000  31        00000000  00000000  00000000  00010000  remu    t6, t5, t4
4109      00000854  00000858  13f42823  3         8         00006178  31        00000002  16        000062a8  000062a8  00000000  00000002  sw      t6, 304(s0)
4110      00000858  0000085c  00400f13  3         0         00000000  4         ffbfffff  30        00000004  00000004  00000000  ffbfffff  li      t5, 4
4111      0000085c  00000860  00010eb7  3         2         feffffff  0         00000000  29        00010000  00010000  00000000  00000000  lui     t4, 0x10
4112      00000860  00000860  03df7fb3  3         30        00000002  29        00010000  31        00000000  00000000  00000000  00010000  remu    t6, t5, t4
4148      00000864  00000868  13f42a23  3         8         00006178  31        00000004  20        000062ac  000062ac  00000000  00000004  sw      t6, 308(s0)
4149      00000868  0000086c  00800f13  3         0         00000000  8         00006178  30        00000008  00000008  00000000  00006178  li      t5, 8
4150      0000086c  00000870  00010eb7  3         2         feffffff  0         00000000  29        00010000  00010000  00000000  00000000  lui     t4, 0x10
4151      00000870  00000870  03df7fb3  3         30        00000004  29        00010000  31        00000000  00000000  00000000  00010000  remu    t6, t5, t4
4187      00000874  00000878  13f42c23  3         8         00006178  31        00000008  24        000062b0  000062b0  00000000  00000008  sw      t6, 312(s0)
4188      00000878  0000087c  01000f13  3         0         00000000  16        fffffbff  30        00000010  00000010  00000000  fffffbff  li      t5, 16
4189      0000087c  00000880  00010eb7  3         2         feffffff  0         00000000  29        00010000  00010000  00000000  00000000  lui     t4, 0x10
4190      00000880  00000880  03df7fb3  3         30        00000008  29        00010000  31        00000000  00000000  00000000  00010000  remu    t6, t5, t4
4226      00000884  00000888  13f42e23  3         8         00006178  31        00000010  28        000062b4  000062b4  00000000  00000010  sw      t6, 316(s0)
4227      00000888  0000088c  02000f13  3         0         00000000  0         00000000  30        00000020  00000020  00000000  00000000  li      t5, 32
4228      0000088c  00000890  00010eb7  3         2         feffffff  0         00000000  29        00010000  00010000  00000000  00000000  lui     t4, 0x10
4229      00000890  00000890  03df7fb3  3         30        00000010  29        00010000  31        00000000  00000000  00000000  00010000  remu    t6, t5, t4
4265      00000894  00000898  15f42023  3         8         00006178  31        00000020  0         000062b8  000062b8  00000000  00000020  sw      t6, 320(s0)
4266      00000898  0000089c  04000f13  3         0         00000000  0         00000000  30        00000040  00000040  00000000  00000000  li      t5, 64
4267      0000089c  000008a0  00010eb7  3         2         feffffff  0         00000000  29        00010000  00010000  00000000  00000000  lui     t4, 0x10
4268      000008a0  000008a0  03df7fb3  3         30        00000020  29        00010000  31        00000000  00000000  00000000  00010000  remu    t6, t5, t4
4304      000008a4  000008a8  15f42223  3         8         00006178  31        00000040  4         000062bc  000062bc  00000000  00000040  sw      t6, 324(s0)
4305      000008a8  000008ac  08000f13  3         0         00000000  0         00000000  30        00000080  00000080  00000000  00000000  li      t5, 128
4306      000008ac  000008b0  00010eb7  3         2         feffffff  0         00000000  29        00010000  00010000  00000000  00000000  lui     t4, 0x10
4307      000008b0  000008b0  03df7fb3  3         30        00000040  29        00010000  31        00000000  00000000  00000000  00010000  remu    t6, t5, t4
4343      000008b4  000008b8  15f42423  3         8         00006178  31        00000080  8         000062c0  000062c0  00000000  00000080  sw      t6, 328(s0)
4344      000008b8  000008bc  10000f13  3         0         00000000  0         00000000  30        00000100  00000100  00000000  00000000  li      t5, 256
4345      000008bc  000008c0  00010eb7  3         2         feffffff  0         00000000  29        00010000  00010000  00000000  00000000  lui     t4, 0x10
4346      000008c0  000008c0  03df7fb3  3         30        00000080  29        00010000  31        00000000  00000000  00000000  00010000  remu    t6, t5, t4
4382      000008c4  000008c8  15f42623  3         8         00006178  31        00000100  12        000062c4  000062c4  00000000  00000100  sw      t6, 332(s0)
4383      000008c8  000008cc  20000f13  3         0         00000000  0         00000000  30        00000200  00000200  00000000  00000000  li      t5, 512
4384      000008cc  000008d0  00010eb7  3         2         feffffff  0         00000000  29        00010000  00010000  00000000  00000000  lui     t4, 0x10
4385      000008d0  000008d0  03df7fb3  3         30        00000100  29        00010000  31        00000000  00000000  00000000  00010000  remu    t6, t5, t4
4421      000008d4  000008d8  15f42823  3         8         00006178  31        00000200  16        000062c8  000062c8  00000000  00000200  sw      t6, 336(s0)
4422      000008d8  000008dc  40000f13  3         0         00000000  0         00000000  30        00000400  00000400  00000000  00000000  li      t5, 1024
4423      000008dc  000008e0  00010eb7  3         2         feffffff  0         00000000  29        00010000  00010000  00000000  00000000  lui     t4, 0x10
4424      000008e0  000008e0  03df7fb3  3         30        00000200  29        00010000  31        00000000  00000000  00000000  00010000  remu    t6, t5, t4
4460      000008e4  000008e8  15f42a23  3         8         00006178  31        00000400  20        000062cc  000062cc  00000000  00000400  sw      t6, 340(s0)
4461      000008e8  000008ec  00001f37  3         0         00000000  0         00000000  30        00001000  00001000  00000000  00000000  lui     t5, 0x1
4462      000008ec  000008f0  800f0f13  3         30        00000400  0         00000000  30        00000800  00000800  00000000  00000000  addi    t5, t5, -2048
4463      000008f0  000008f4  00010eb7  3         2         feffffff  0         00000000  29        00010000  00010000  00000000  00000000  lui     t4, 0x10
4464      000008f4  000008f4  03df7fb3  3         30        00001000  29        00010000  31        00000000  00000000  00000000  00010000  remu    t6, t5, t4
4500      000008f8  000008fc  15f42c23  3         8         00006178  31        00000800  24        000062d0  000062d0  00000000  00000800  sw      t6, 344(s0)
4501      000008fc  00000900  00001f37  3         0         00000000  0         00000000  30        00001000  00001000  00000000  00000000  lui     t5, 0x1
4502      00000900  00000904  00010eb7  3         2         feffffff  0         00000000  29        00010000  00010000  00000000  00000000  lui     t4, 0x10
4503      00000904  00000904  03df7fb3  3         30        00000800  29        00010000  31        00000000  00000000  00000000  00010000  remu    t6, t5, t4
4539      00000908  0000090c  15f42e23  3         8         00006178  31        00001000  28        000062d4  000062d4  00000000  00001000  sw      t6, 348(s0)
4540      0000090c  00000910  00002f37  3         0         00000000  0         00000000  30        00002000  00002000  00000000  00000000  lui     t5, 0x2
4541      00000910  00000914  00010eb7  3         2         feffffff  0         00000000  29        00010000  00010000  00000000  00000000  lui     t4, 0x10
4542      00000914  00000914  03df7fb3  3         30        00001000  29        00010000  31        00000000  00000000  00000000  00010000  remu    t6, t5, t4
4578      00000918  0000091c  17f42023  3         8         00006178  31        00002000  0         000062d8  000062d8  00000000  00002000  sw      t6, 352(s0)
4579      0000091c  00000920  00004f37  3         0         00000000  0         00000000  30        00004000  00004000  00000000  00000000  lui     t5, 0x4
4580      00000920  00000924  00010eb7  3         2         feffffff  0         00000000  29        00010000  00010000  00000000  00000000  lui     t4, 0x10
4581      00000924  00000924  03df7fb3  3         30        00002000  29        00010000  31        00000000  00000000  00000000  00010000  remu    t6, t5, t4
4617      00000928  0000092c  17f42223  3         8         00006178  31        00004000  4         000062dc  000062dc  00000000  00004000  sw      t6, 356(s0)
4618      0000092c  00000930  00008f37  3         1         00010000  0         00000000  30        00008000  00008000  00000000  00000000  lui     t5, 0x8
4619      00000930  00000934  00010eb7  3         2         feffffff  0         00000000  29        00010000  00010000  00000000  00000000  lui     t4, 0x10
4620      00000934  00000934  03df7fb3  3         30        00004000  29        00010000  31        00000000  00000000  00000000  00010000  remu    t6, t5, t4
4656      00000938  0000093c  17f42423  3         8         00006178  31        00008000  8         000062e0  000062e0  00000000  00008000  sw      t6, 360(s0)
4657      0000093c  00000940  00020f37  3         4         ffbfffff  0         00000000  30        00020000  00020000  00000000  00000000  lui     t5, 0x20
4658      00000940  00000944  00010eb7  3         2         feffffff  0         00000000  29        00010000  00010000  00000000  00000000  lui     t4, 0x10
4659      00000944  00000944  03df7fb3  3         30        00008000  29        00010000  31        00000000  00000000  00000000  00010000  remu    t6, t5, t4
4695      00000948  0000094c  17f42623  3         8         00006178  31        00000000  12        000062e4  000062e4  00000000  00000000  sw      t6, 364(s0)
4696      0000094c  00000950  00040f37  3         8         00006178  0         00000000  30        00040000  00040000  00000000  00000000  lui     t5, 0x40
4697      00000950  00000954  00010eb7  3         2         feffffff  0         00000000  29        00010000  00010000  00000000  00000000  lui     t4, 0x10
4698      00000954  00000954  03df7fb3  3         30        00020000  29        00010000  31        00000000  00000000  00000000  00010000  remu    t6, t5, t4
4734      00000958  0000095c  17f42823  3         8         00006178  31        00000000  16        000062e8  000062e8  00000000  00000000  sw      t6, 368(s0)
4735      0000095c  00000960  00080f37  3         16        fffffbff  0         00000000  30        00080000  00080000  00000000  00000000  lui     t5, 0x80
4736      00000960  00000964  00010eb7  3         2         feffffff  0         00000000  29        00010000  00010000  00000000  00000000  lui     t4, 0x10
4737      00000964  00000964  03df7fb3  3         30        00040000  29        00010000  31        00000000  00000000  00000000  00010000  remu    t6, t5, t4
4773      00000968  0000096c  17f42a23  3         8         00006178  31        00000000  20        000062ec  000062ec  00000000  00000000  sw      t6, 372(s0)
4774      0000096c  00000970  00100f37  3         0         00000000  1         00010000  30        00100000  00100000  00000000  00010000  lui     t5, 0x100
4775      00000970  00000974  00010eb7  3         2         feffffff  0         00000000  29        00010000  00010000  00000000  00000000  lui     t4, 0x10
4776      00000974  00000974  03df7fb3  3         30        00080000  29        00010000  31        00000000  00000000  00000000  00010000  remu    t6, t5, t4
4812      00000978  0000097c  17f42c23  3         8         00006178  31        00000000  24        000062f0  000062f0  00000000  00000000  sw      t6, 376(s0)
4813      0000097c  00000980  00200f37  3         0         00000000  2         feffffff  30        00200000  00200000  00000000  feffffff  lui     t5, 0x200
4814      00000980  00000984  00010eb7  3         2         feffffff  0         00000000  29        00010000  00010000  00000000  00000000  lui     t4, 0x10
4815      00000984  00000984  03df7fb3  3         30        00100000  29        00010000  31        00000000  00000000  00000000  00010000  remu    t6, t5, t4
4851      00000988  0000098c  17f42e23  3         8         00006178  31        00000000  28        000062f4  000062f4  00000000  00000000  sw      t6, 380(s0)
4852      0000098c  00000990  00400f37  3         0         00000000  4         ffbfffff  30        00400000  00400000  00000000  ffbfffff  lui     t5, 0x400
4853      00000990  00000994  00010eb7  3         2         feffffff  0         00000000  29        00010000  00010000  00000000  00000000  lui     t4, 0x10
4854      00000994  00000994  03df7fb3  3         30        00200000  29        00010000  31        00000000  00000000  00000000  00010000  remu    t6, t5, t4
4890      00000998  0000099c  19f42023  3         8         00006178  31        00000000  0         000062f8  000062f8  00000000  00000000  sw      t6, 384(s0)
4891      0000099c  000009a0  00800f37  3         0         00000000  8         00006178  30        00800000  00800000  00000000  00006178  lui     t5, 0x800
4892      000009a0  000009a4  00010eb7  3         2         feffffff  0         00000000  29        00010000  00010000  00000000  00000000  lui     t4, 0x10
4893      000009a4  000009a4  03df7fb3  3         30        00400000  29        00010000  31        00000000  00000000  00000000  00010000  remu    t6, t5, t4
4929      000009a8  000009ac  19f42223  3         8         00006178  31        00000000  4         000062fc  000062fc  00000000  00000000  sw      t6, 388(s0)
4930      000009ac  000009b0  01000f37  3         0         00000000  16        fffffbff  30        01000000  01000000  00000000  fffffbff  lui     t5, 0x1000
4931      000009b0  000009b4  00010eb7  3         2         feffffff  0         00000000  29        00010000  00010000  00000000  00000000  lui     t4, 0x10
4932      000009b4  000009b4  03df7fb3  3         30        00800000  29        00010000  31        00000000  00000000  00000000  00010000  remu    t6, t5, t4
4968      000009b8  000009bc  19f42423  3         8         00006178  31        00000000  8         00006300  00006300  00000000  00000000  sw      t6, 392(s0)
4969      000009bc  000009c0  02000f37  3         0         00000000  0         00000000  30        02000000  02000000  00000000  00000000  lui     t5, 0x2000
4970      000009c0  000009c4  00010eb7  3         2         feffffff  0         00000000  29        00010000  00010000  00000000  00000000  lui     t4, 0x10
4971      000009c4  000009c4  03df7fb3  3         30        01000000  29        00010000  31        00000000  00000000  00000000  00010000  remu    t6, t5, t4
