ClkCycle  pc_rdata  pc_wdata  insn      mode      rs1_addr  rs1_rdata rs2_addr  rs2_rdata rd_addr   rd_wdata  mem_addr  mem_rdata mem_wdata inst_str
6         00000000  00000004  feedc0b7  3         27        00000000  14        00000000  1         feedc000  feedc000  00000000  00000000  lui     ra, 0xfeedc
7         00000004  00000008  ead08093  3         1         00000000  13        00000000  1         feedbead  feedbead  00000000  00000000  addi    ra, ra, -339
8         00000008  0000000c  ff76e137  3         13        00000000  23        00000000  2         ff76e000  ff76e000  00000000  00000000  lui     sp, 0xff76e
9         0000000c  00000010  f5610113  3         2         00000000  22        00000000  2         ff76df56  ff76df56  00000000  00000000  addi    sp, sp, -170
10        00000010  00000014  7fbb71b7  3         22        00000000  27        00000000  3         7fbb7000  7fbb7000  00000000  00000000  lui     gp, 0x7fbb7
11        00000014  00000018  fab18193  3         3         00000000  11        00000000  3         7fbb6fab  7fbb6fab  00000000  00000000  addi    gp, gp, -85
12        00000018  0000001c  bfddb237  3         27        00000000  29        00000000  4         bfddb000  bfddb000  00000000  00000000  lui     tp, 0xbfddb
13        0000001c  00000020  7d520213  3         4         00000000  21        00000000  4         bfddb7d5  bfddb7d5  00000000  00000000  addi    tp, tp, 2005
14        00000020  00000024  dfeee2b7  3         29        00000000  30        00000000  5         dfeee000  dfeee000  00000000  00000000  lui     t0, 0xdfeee
15        00000024  00000028  bea28293  3         5         00000000  10        00000000  5         dfeedbea  dfeedbea  00000000  00000000  addi    t0, t0, -1046
16        00000028  0000002c  6ff77337  3         14        00000000  31        00000000  6         6ff77000  6ff77000  00000000  00000000  lui     t1, 0x6ff77
17        0000002c  00000030  df530313  3         6         00000000  21        00000000  6         6ff76df5  6ff76df5  00000000  00000000  addi    t1, t1, -523
18        00000030  00000034  b7fbb3b7  3         23        00000000  31        00000000  7         b7fbb000  b7fbb000  00000000  00000000  lui     t2, 0xb7fbb
19        00000034  00000038  6fa38393  3         7         00000000  26        00000000  7         b7fbb6fa  b7fbb6fa  00000000  00000000  addi    t2, t2, 1786
20        00000038  0000003c  5bfde437  3         27        00000000  31        00000000  8         5bfde000  5bfde000  00000000  00000000  lui     s0, 0x5bfde
21        0000003c  00000040  b7d40413  3         8         00000000  29        00000000  8         5bfddb7d  5bfddb7d  00000000  00000000  addi    s0, s0, -1155
22        00000040  00000044  adfef4b7  3         29        00000000  31        00000000  9         adfef000  adfef000  00000000  00000000  lui     s1, 0xadfef
23        00000044  00000048  dbe48493  3         9         00000000  30        00000000  9         adfeedbe  adfeedbe  00000000  00000000  addi    s1, s1, -578
24        00000048  0000004c  56ff7537  3         30        00000000  15        00000000  10        56ff7000  56ff7000  00000000  00000000  lui     a0, 0x56ff7
25        0000004c  00000050  6df50513  3         10        00000000  31        00000000  10        56ff76df  56ff76df  00000000  00000000  addi    a0, a0, 1759
26        00000050  00000054  ab7fc5b7  3         31        00000000  23        00000000  11        ab7fc000  ab7fc000  00000000  00000000  lui     a1, 0xab7fc
27        00000054  00000058  b6f58593  3         11        00000000  15        00000000  11        ab7fbb6f  ab7fbb6f  00000000  00000000  addi    a1, a1, -1169
28        00000058  0000005c  d5bfe637  3         31        00000000  27        00000000  12        d5bfe000  d5bfe000  00000000  00000000  lui     a2, 0xd5bfe
29        0000005c  00000060  db760613  3         12        00000000  23        00000000  12        d5bfddb7  d5bfddb7  00000000  00000000  addi    a2, a2, -585
30        00000060  00000064  eadff6b7  3         31        00000000  13        00000000  13        eadff000  eadff000  00000000  00000000  lui     a3, 0xeadff
31        00000064  00000068  edb68693  3         13        00000000  27        00000000  13        eadfeedb  eadfeedb  00000000  00000000  addi    a3, a3, -293
32        00000068  0000006c  f56ff737  3         31        00000000  22        00000000  14        f56ff000  f56ff000  00000000  00000000  lui     a4, 0xf56ff
33        0000006c  00000070  76d70713  3         14        00000000  13        eadff000  14        f56ff76d  f56ff76d  00000000  eadfeedb  addi    a4, a4, 1901
34        00000070  00000074  fab807b7  3         16        00000000  11        ab7fbb6f  15        fab80000  fab80000  00000000  ab7fbb6f  lui     a5, 0xfab80
35        00000074  00000078  bb678793  3         15        00000000  22        00000000  15        fab7fbb6  fab7fbb6  00000000  00000000  addi    a5, a5, -1098
36        00000078  0000007c  7d5c0837  3         24        00000000  21        00000000  16        7d5c0000  7d5c0000  00000000  00000000  lui     a6, 0x7d5c0
37        0000007c  00000080  ddb80813  3         16        00000000  27        00000000  16        7d5bfddb  7d5bfddb  00000000  00000000  addi    a6, a6, -549
38        00000080  00000084  beae08b7  3         28        00000000  10        56ff76df  17        beae0000  beae0000  00000000  56ff76df  lui     a7, 0xbeae0
39        00000084  00000088  eed88893  3         17        00000000  13        eadfeedb  17        beadfeed  beadfeed  00000000  eadfeedb  addi    a7, a7, -275
40        00000088  0000008c  df570937  3         14        f56ff76d  21        00000000  18        df570000  df570000  00000000  00000000  lui     s2, 0xdf570
41        0000008c  00000090  f7690913  3         18        00000000  22        00000000  18        df56ff76  df56ff76  00000000  00000000  addi    s2, s2, -138
42        00000090  00000094  6fab89b7  3         23        00000000  26        00000000  19        6fab8000  6fab8000  00000000  00000000  lui     s3, 0x6fab8
43        00000094  00000098  fbb98993  3         19        00000000  27        00000000  19        6fab7fbb  6fab7fbb  00000000  00000000  addi    s3, s3, -69
44        00000098  0000009c  b7d5ca37  3         11        ab7fbb6f  29        00000000  20        b7d5c000  b7d5c000  00000000  00000000  lui     s4, 0xb7d5c
45        0000009c  000000a0  fdda0a13  3         20        00000000  29        00000000  20        b7d5bfdd  b7d5bfdd  00000000  00000000  addi    s4, s4, -35
46        000000a0  000000a4  dbeaeab7  3         21        00000000  30        00000000  21        dbeae000  dbeae000  00000000  00000000  lui     s5, 0xdbeae
47        000000a4  000000a8  feea8a93  3         21        00000000  14        f56ff76d  21        dbeadfee  dbeadfee  00000000  f56ff76d  addi    s5, s5, -18
48        000000a8  000000ac  6df57b37  3         10        56ff76df  31        00000000  22        6df57000  6df57000  00000000  00000000  lui     s6, 0x6df57
49        000000ac  000000b0  ff7b0b13  3         22        00000000  23        00000000  22        6df56ff7  6df56ff7  00000000  00000000  addi    s6, s6, -9
50        000000b0  000000b4  b6fabbb7  3         21        dbeadfee  15        fab7fbb6  23        b6fab000  b6fab000  00000000  fab7fbb6  lui     s7, 0xb6fab
51        000000b4  000000b8  7fbb8b93  3         23        00000000  27        00000000  23        b6fab7fb  b6fab7fb  00000000  00000000  addi    s7, s7, 2043
52        000000b8  000000bc  db7d6c37  3         26        00000000  23        00000000  24        db7d6000  db7d6000  00000000  b6fab7fb  lui     s8, 0xdb7d6
53        000000bc  000000c0  bfdc0c13  3         24        00000000  29        00000000  24        db7d5bfd  db7d5bfd  00000000  00000000  addi    s8, s8, -1027
54        000000c0  000000c4  edbebcb7  3         29        00000000  27        00000000  25        edbeb000  edbeb000  00000000  00000000  lui     s9, 0xedbeb
55        000000c4  000000c8  dfec8c93  3         25        00000000  30        00000000  25        edbeadfe  edbeadfe  00000000  00000000  addi    s9, s9, -514
56        000000c8  000000cc  76df5d37  3         30        00000000  13        eadfeedb  26        76df5000  76df5000  00000000  eadfeedb  lui     s10, 0x76df5
57        000000cc  000000d0  6ffd0d13  3         26        00000000  31        00000000  26        76df56ff  76df56ff  00000000  00000000  addi    s10, s10, 1791
58        000000d0  000000d4  bb6fbdb7  3         31        00000000  22        6df56ff7  27        bb6fb000  bb6fb000  00000000  6df56ff7  lui     s11, 0xbb6fb
59        000000d4  000000d8  b7fd8d93  3         27        00000000  31        00000000  27        bb6fab7f  bb6fab7f  00000000  00000000  addi    s11, s11, -1153
60        000000d8  000000dc  ddb7de37  3         15        fab7fbb6  27        00000000  28        ddb7d000  ddb7d000  00000000  bb6fab7f  lui     t3, 0xddb7d
61        000000dc  000000e0  5bfe0e13  3         28        00000000  31        00000000  28        ddb7d5bf  ddb7d5bf  00000000  00000000  addi    t3, t3, 1471
62        000000e0  000000e4  eedbfeb7  3         23        b6fab7fb  13        eadfeedb  29        eedbf000  eedbf000  00000000  eadfeedb  lui     t4, 0xeedbf
63        000000e4  000000e8  adfe8e93  3         29        00000000  31        00000000  29        eedbeadf  eedbeadf  00000000  00000000  addi    t4, t4, -1313
64        000000e8  000000ec  f76dff37  3         27        bb6fab7f  22        6df56ff7  30        f76df000  f76df000  00000000  6df56ff7  lui     t5, 0xf76df
65        000000ec  000000f0  56ff0f13  3         30        00000000  15        fab7fbb6  30        f76df56f  f76df56f  00000000  fab7fbb6  addi    t5, t5, 1391
66        000000f0  000000f4  fbb70fb7  3         14        f56ff76d  27        bb6fab7f  31        fbb70000  fbb70000  00000000  bb6fab7f  lui     t6, 0xfbb70
67        000000f4  000000f8  ab7f8f93  3         31        00000000  23        b6fab7fb  31        fbb6fab7  fbb6fab7  00000000  b6fab7fb  addi    t6, t6, -1353
68        000000f8  000000fc  00000013  3         0         00000000  0         00000000  0         00000000  00000000  00000000  00000000  nop
69        000000fc  00000100  00000013  3         0         00000000  0         00000000  0         00000000  00000000  00000000  00000000  nop
70        00000100  00000104  00003497  3         0         00000000  0         00000000  9         00003100  00003100  00000000  00000000  auipc   s1, 0x3
71        00000104  00000108  01448493  3         9         adfeedbe  20        b7d5bfdd  9         00003114  00003114  00000000  b7d5bfdd  addi    s1, s1, 20
72        00000108  0000010c  00000013  3         0         00000000  0         00000000  0         00000000  00000000  00000000  00000000  nop
73        0000010c  00000110  00000013  3         0         00000000  0         00000000  0         00000000  00000000  00000000  00000000  nop
74        00000110  00000114  00000013  3         0         00000000  0         00000000  0         00000000  00000000  00000000  00000000  nop
75        00000114  00000118  00000013  3         0         00000000  0         00000000  0         00000000  00000000  00000000  00000000  nop
76        00000118  0000011c  00000013  3         0         00000000  0         00000000  0         00000000  00000000  00000000  00000000  nop
77        0000011c  00000120  00000013  3         0         00000000  0         00000000  0         00000000  00000000  00000000  00000000  nop
78        00000120  00000124  00000437  3         0         00000000  0         00000000  8         00000000  00000000  00000000  00000000  lui     s0, 0x0
79        00000124  00000128  0084a023  3         9         00003114  8         5bfddb7d  0         00003114  00003114  00000000  00000000  sw      s0, 0(s1)
80        00000128  0000012c  000052b7  3         0         00000000  0         00000000  5         00005000  00005000  00000000  00000000  lui     t0, 0x5
81        0000012c  00000130  0054a223  3         9         00003114  5         dfeedbea  4         00003118  00003118  00000000  00005000  sw      t0, 4(s1)
82        00000130  00000134  fffff9b7  3         31        fbb6fab7  31        fbb6fab7  19        fffff000  fffff000  00000000  fbb6fab7  lui     s3, 0xfffff
83        00000134  00000138  0134a423  3         9         00003114  19        6fab7fbb  8         0000311c  0000311c  00000000  fffff000  sw      s3, 8(s1)
84        00000138  0000013c  000036b7  3         0         00000000  0         00000000  13        00003000  00003000  00000000  00000000  lui     a3, 0x3
85        0000013c  00000140  00d4a623  3         9         00003114  13        eadfeedb  12        00003120  00003120  00000000  00003000  sw      a3, 12(s1)
86        00000140  00000144  55555037  3         10        56ff76df  21        dbeadfee  0         55555000  55555000  00000000  dbeadfee  lui     zero, 0x55555
87        00000144  00000148  0004a823  3         9         00003114  0         00000000  16        00003124  00003124  00000000  00000000  sw      zero, 16(s1)
88        00000148  0000014c  aaaaa237  3         21        dbeadfee  10        56ff76df  4         aaaaa000  aaaaa000  00000000  56ff76df  lui     tp, 0xaaaaa
89        0000014c  00000150  0044aa23  3         9         00003114  4         bfddb7d5  20        00003128  00003128  00000000  aaaaa000  sw      tp, 20(s1)
90        00000150  00000154  33333b37  3         6         6ff76df5  19        fffff000  22        33333000  33333000  00000000  fffff000  lui     s6, 0x33333
91        00000154  00000158  0164ac23  3         9         00003114  22        6df56ff7  24        0000312c  0000312c  00000000  33333000  sw      s6, 24(s1)
92        00000158  0000015c  66666d37  3         12        d5bfddb7  6         6ff76df5  26        66666000  66666000  00000000  6ff76df5  lui     s10, 0x66666
93        0000015c  00000160  01a4ae23  3         9         00003114  26        76df56ff  28        00003130  00003130  00000000  66666000  sw      s10, 28(s1)
94        00000160  00000164  002d4eb7  3         26        76df56ff  2         ff76df56  29        002d4000  002d4000  00000000  ff76df56  lui     t4, 0x2d4
95        00000164  00000168  03d4a023  3         9         00003114  29        eedbeadf  0         00003134  00003134  00000000  002d4000  sw      t4, 32(s1)
96        00000168  0000016c  003ff1b7  3         31        fbb6fab7  3         7fbb6fab  3         003ff000  003ff000  00000000  7fbb6fab  lui     gp, 0x3ff
97        0000016c  00000170  0234a223  3         9         00003114  3         7fbb6fab  4         00003138  00003138  00000000  003ff000  sw      gp, 36(s1)
98        00000170  00000174  00002f37  3         0         00000000  0         00000000  30        00002000  00002000  00000000  00000000  lui     t5, 0x2
99        00000174  00000178  03e4a423  3         9         00003114  30        f76df56f  8         0000313c  0000313c  00000000  00002000  sw      t5, 40(s1)
100       00000178  0000017c  55554837  3         10        56ff76df  21        dbeadfee  16        55554000  55554000  00000000  dbeadfee  lui     a6, 0x55554
101       0000017c  00000180  0304a623  3         9         00003114  16        7d5bfddb  12        00003140  00003140  00000000  55554000  sw      a6, 44(s1)
102       00000180  00000184  aaaa9137  3         21        dbeadfee  10        56ff76df  2         aaaa9000  aaaa9000  00000000  56ff76df  lui     sp, 0xaaaa9
103       00000184  00000188  0224a823  3         9         00003114  2         ff76df56  16        00003144  00003144  00000000  aaaa9000  sw      sp, 48(s1)
104       00000188  0000018c  00004c37  3         0         00000000  0         00000000  24        00004000  00004000  00000000  00000000  lui     s8, 0x4
105       0000018c  00000190  0384aa23  3         9         00003114  24        db7d5bfd  20        00003148  00003148  00000000  00004000  sw      s8, 52(s1)
106       00000190  00000194  33332db7  3         6         6ff76df5  19        fffff000  27        33332000  33332000  00000000  fffff000  lui     s11, 0x33332
107       00000194  00000198  03b4ac23  3         9         00003114  27        bb6fab7f  24        0000314c  0000314c  00000000  33332000  sw      s11, 56(s1)
108       00000198  0000019c  66665a37  3         12        d5bfddb7  6         6ff76df5  20        66665000  66665000  00000000  6ff76df5  lui     s4, 0x66665
109       0000019c  000001a0  0344ae23  3         9         00003114  20        b7d5bfdd  28        00003150  00003150  00000000  66665000  sw      s4, 60(s1)
110       000001a0  000001a4  002d3e37  3         26        66666000  2         aaaa9000  28        002d3000  002d3000  00000000  aaaa9000  lui     t3, 0x2d3
111       000001a4  000001a8  05c4a023  3         9         00003114  28        ddb7d5bf  0         00003154  00003154  00000000  002d3000  sw      t3, 64(s1)
112       000001a8  000001ac  003fe337  3         31        fbb6fab7  3         003ff000  6         003fe000  003fe000  00000000  003ff000  lui     t1, 0x3fe
113       000001ac  000001b0  0464a223  3         9         00003114  6         6ff76df5  4         00003158  00003158  00000000  003fe000  sw      t1, 68(s1)
114       000001b0  000001b4  55556537  3         10        56ff76df  21        dbeadfee  10        55556000  55556000  00000000  dbeadfee  lui     a0, 0x55556
115       000001b4  000001b8  04a4a423  3         9         00003114  10        56ff76df  8         0000315c  0000315c  00000000  55556000  sw      a0, 72(s1)
116       000001b8  000001bc  aaaab637  3         21        dbeadfee  10        56ff76df  12        aaaab000  aaaab000  00000000  55556000  lui     a2, 0xaaaab
117       000001bc  000001c0  04c4a623  3         9         00003114  12        d5bfddb7  12        00003160  00003160  00000000  aaaab000  sw      a2, 76(s1)
118       000001c0  000001c4  000067b7  3         0         00000000  0         00000000  15        00006000  00006000  00000000  00000000  lui     a5, 0x6
119       000001c4  000001c8  04f4a823  3         9         00003114  15        fab7fbb6  16        00003164  00003164  00000000  00006000  sw      a5, 80(s1)
120       000001c8  000001cc  33334bb7  3         6         003fe000  19        fffff000  23        33334000  33334000  00000000  fffff000  lui     s7, 0x33334
121       000001cc  000001d0  0574aa23  3         9         00003114  23        b6fab7fb  20        00003168  00003168  00000000  33334000  sw      s7, 84(s1)
122       000001d0  000001d4  666670b7  3         12        aaaab000  6         003fe000  1         66667000  66667000  00000000  003fe000  lui     ra, 0x66667
123       000001d4  000001d8  0414ac23  3         9         00003114  1         feedbead  24        0000316c  0000316c  00000000  66667000  sw      ra, 88(s1)
124       000001d8  000001dc  002d5937  3         26        66666000  2         aaaa9000  18        002d5000  002d5000  00000000  aaaa9000  lui     s2, 0x2d5
125       000001dc  000001e0  0524ae23  3         9         00003114  18        df56ff76  28        00003170  00003170  00000000  002d5000  sw      s2, 92(s1)
126       000001e0  000001e4  000015b7  3         0         00000000  0         00000000  11        00001000  00001000  00000000  00000000  lui     a1, 0x1
127       000001e4  000001e8  06b4a023  3         9         00003114  11        ab7fbb6f  0         00003174  00003174  00000000  00001000  sw      a1, 96(s1)
128       000001e8  000001ec  00400ab7  3         0         00000000  4         aaaaa000  21        00400000  00400000  00000000  aaaaa000  lui     s5, 0x400
129       000001ec  000001f0  0754a223  3         9         00003114  21        dbeadfee  4         00003178  00003178  00000000  00400000  sw      s5, 100(s1)
130       000001f0  000001f4  000088b7  3         1         66667000  0         00000000  17        00008000  00008000  00000000  00000000  lui     a7, 0x8
131       000001f4  000001f8  0714a423  3         9         00003114  17        beadfeed  8         0000317c  0000317c  00000000  00008000  sw      a7, 104(s1)
132       000001f8  000001fc  00010cb7  3         2         aaaa9000  0         00000000  25        00010000  00010000  00000000  00000000  lui     s9, 0x10
133       000001fc  00000200  0794a623  3         9         00003114  25        edbeadfe  12        00003180  00003180  00000000  00010000  sw      s9, 108(s1)
134       00000200  00000204  000203b7  3         4         aaaaa000  0         00000000  7         00020000  00020000  00000000  00000000  lui     t2, 0x20
135       00000204  00000208  0674a823  3         9         00003114  7         b7fbb6fa  16        00003184  00003184  00000000  00020000  sw      t2, 112(s1)
136       00000208  0000020c  00000013  3         0         00000000  0         00000000  0         00000000  00000000  00000000  00000000  nop
137       0000020c  00000210  00000013  3         0         00000000  0         00000000  0         00000000  00000000  00000000  00000000  nop
138       00000210  00000214  00000013  3         0         00000000  0         00000000  0         00000000  00000000  00000000  00000000  nop
139       00000214  00000218  00000013  3         0         00000000  0         00000000  0         00000000  00000000  00000000  00000000  nop
140       00000218  0000021c  00000013  3         0         00000000  0         00000000  0         00000000  00000000  00000000  00000000  nop
141       0000021c  00000220  00000013  3         0         00000000  0         00000000  0         00000000  00000000  00000000  00000000  nop
142       00000220  00000224  00003097  3         0         00000000  0         00000000  1         00003220  00003220  00000000  00000000  auipc   ra, 0x3
143       00000224  00000228  f6808093  3         1         66667000  8         00000000  1         00003188  00003188  00000000  00000000  addi    ra, ra, -152
144       00000228  0000022c  00000013  3         0         00000000  0         00000000  0         00000000  00000000  00000000  00000000  nop
145       0000022c  00000230  00000013  3         0         00000000  0         00000000  0         00000000  00000000  00000000  00000000  nop
146       00000230  00000234  00000013  3         0         00000000  0         00000000  0         00000000  00000000  00000000  00000000  nop
147       00000234  00000238  00000013  3         0         00000000  0         00000000  0         00000000  00000000  00000000  00000000  nop
148       00000238  0000023c  00000013  3         0         00000000  0         00000000  0         00000000  00000000  00000000  00000000  nop
149       0000023c  00000240  00000013  3         0         00000000  0         00000000  0         00000000  00000000  00000000  00000000  nop
150       00000240  00000244  00040737  3         8         00000000  0         00000000  14        00040000  00040000  00000000  00000000  lui     a4, 0x40
151       00000244  00000248  00e0a023  3         1         00003188  14        f56ff76d  0         00003188  00003188  00000000  00040000  sw      a4, 0(ra)
152       00000248  0000024c  000804b7  3         16        55554000  0         00000000  9         00080000  00080000  00000000  00000000  lui     s1, 0x80
153       0000024c  00000250  0090a223  3         1         00003188  9         00003114  4         0000318c  0000318c  00000000  00080000  sw      s1, 4(ra)
154       00000250  00000254  efffffb7  3         31        fbb6fab7  31        fbb6fab7  31        effff000  effff000  00000000  fbb6fab7  lui     t6, 0xeffff
155       00000254  00000258  01f0a423  3         1         00003188  31        fbb6fab7  8         00003190  00003190  00000000  effff000  sw      t6, 8(ra)
156       00000258  0000025c  dffff537  3         31        fbb6fab7  31        fbb6fab7  10        dffff000  dffff000  00000000  effff000  lui     a0, 0xdffff
157       0000025c  00000260  00a0a623  3         1         00003188  10        55556000  12        00003194  00003194  00000000  dffff000  sw      a0, 12(ra)
158       00000260  00000264  bffff537  3         31        effff000  31        effff000  10        bffff000  bffff000  00000000  effff000  lui     a0, 0xbffff
159       00000264  00000268  00a0a823  3         1         00003188  10        dffff000  16        00003198  00003198  00000000  bffff000  sw      a0, 16(ra)
160       00000268  0000026c  7ffff537  3         31        effff000  31        effff000  10        7ffff000  7ffff000  00000000  effff000  lui     a0, 0x7ffff
161       0000026c  00000270  00a0aa23  3         1         00003188  10        bffff000  20        0000319c  0000319c  00000000  7ffff000  sw      a0, 20(ra)
162       00000270  00000274  00100537  3         0         00000000  1         00003188  10        00100000  00100000  00000000  00003188  lui     a0, 0x100
163       00000274  00000278  00a0ac23  3         1         00003188  10        7ffff000  24        000031a0  000031a0  00000000  00100000  sw      a0, 24(ra)
164       00000278  0000027c  00200537  3         0         00000000  2         aaaa9000  10        00200000  00200000  00000000  aaaa9000  lui     a0, 0x200
165       0000027c  00000280  00a0ae23  3         1         00003188  10        00100000  28        000031a4  000031a4  00000000  00200000  sw      a0, 28(ra)
166       00000280  00000284  00800537  3         0         00000000  8         00000000  10        00800000  00800000  00000000  00000000  lui     a0, 0x800
167       00000284  00000288  02a0a023  3         1         00003188  10        00200000  0         000031a8  000031a8  00000000  00800000  sw      a0, 32(ra)
168       00000288  0000028c  01000537  3         0         00000000  16        55554000  10        01000000  01000000  00000000  55554000  lui     a0, 0x1000
169       0000028c  00000290  02a0a223  3         1         00003188  10        00800000  4         000031ac  000031ac  00000000  01000000  sw      a0, 36(ra)
170       00000290  00000294  02000537  3         0         00000000  0         00000000  10        02000000  02000000  00000000  00000000  lui     a0, 0x2000
171       00000294  00000298  02a0a423  3         1         00003188  10        01000000  8         000031b0  000031b0  00000000  02000000  sw      a0, 40(ra)
172       00000298  0000029c  04000537  3         0         00000000  0         00000000  10        04000000  04000000  00000000  00000000  lui     a0, 0x4000
173       0000029c  000002a0  02a0a623  3         1         00003188  10        02000000  12        000031b4  000031b4  00000000  04000000  sw      a0, 44(ra)
174       000002a0  000002a4  08000537  3         0         00000000  0         00000000  10        08000000  08000000  00000000  00000000  lui     a0, 0x8000
175       000002a4  000002a8  02a0a823  3         1         00003188  10        04000000  16        000031b8  000031b8  00000000  08000000  sw      a0, 48(ra)
176       000002a8  000002ac  10000537  3         0         00000000  0         00000000  10        10000000  10000000  00000000  00000000  lui     a0, 0x10000
177       000002ac  000002b0  02a0aa23  3         1         00003188  10        08000000  20        000031bc  000031bc  00000000  10000000  sw      a0, 52(ra)
178       000002b0  000002b4  20000537  3         0         00000000  0         00000000  10        20000000  20000000  00000000  00000000  lui     a0, 0x20000
179       000002b4  000002b8  02a0ac23  3         1         00003188  10        10000000  24        000031c0  000031c0  00000000  20000000  sw      a0, 56(ra)
180       000002b8  000002bc  40000537  3         0         00000000  0         00000000  10        40000000  40000000  00000000  00000000  lui     a0, 0x40000
181       000002bc  000002c0  02a0ae23  3         1         00003188  10        20000000  28        000031c4  000031c4  00000000  40000000  sw      a0, 60(ra)
182       000002c0  000002c4  80000537  3         0         00000000  0         00000000  10        80000000  80000000  00000000  00000000  lui     a0, 0x80000
183       000002c4  000002c8  04a0a023  3         1         00003188  10        40000000  0         000031c8  000031c8  00000000  80000000  sw      a0, 64(ra)
184       000002c8  000002cc  ffffe537  3         31        effff000  31        effff000  10        ffffe000  ffffe000  00000000  effff000  lui     a0, 0xffffe
185       000002cc  000002d0  04a0a223  3         1         00003188  10        80000000  4         000031cc  000031cc  00000000  ffffe000  sw      a0, 68(ra)
186       000002d0  000002d4  ffffd537  3         31        effff000  31        effff000  10        ffffd000  ffffd000  00000000  effff000  lui     a0, 0xffffd
187       000002d4  000002d8  04a0a423  3         1         00003188  10        ffffe000  8         000031d0  000031d0  00000000  ffffd000  sw      a0, 72(ra)
188       000002d8  000002dc  ffffb537  3         31        effff000  31        effff000  10        ffffb000  ffffb000  00000000  effff000  lui     a0, 0xffffb
189       000002dc  000002e0  04a0a623  3         1         00003188  10        ffffd000  12        000031d4  000031d4  00000000  ffffb000  sw      a0, 76(ra)
190       000002e0  000002e4  ffff7537  3         30        00002000  31        effff000  10        ffff7000  ffff7000  00000000  effff000  lui     a0, 0xffff7
191       000002e4  000002e8  04a0a823  3         1         00003188  10        ffffb000  16        000031d8  000031d8  00000000  ffff7000  sw      a0, 80(ra)
192       000002e8  000002ec  fffef537  3         29        002d4000  31        effff000  10        fffef000  fffef000  00000000  effff000  lui     a0, 0xfffef
193       000002ec  000002f0  04a0aa23  3         1         00003188  10        ffff7000  20        000031dc  000031dc  00000000  fffef000  sw      a0, 84(ra)
194       000002f0  000002f4  fffdf537  3         27        33332000  31        effff000  10        fffdf000  fffdf000  00000000  effff000  lui     a0, 0xfffdf
195       000002f4  000002f8  04a0ac23  3         1         00003188  10        fffef000  24        000031e0  000031e0  00000000  fffdf000  sw      a0, 88(ra)
196       000002f8  000002fc  fffbf537  3         23        33334000  31        effff000  10        fffbf000  fffbf000  00000000  effff000  lui     a0, 0xfffbf
197       000002fc  00000300  04a0ae23  3         1         00003188  10        fffdf000  28        000031e4  000031e4  00000000  fffbf000  sw      a0, 92(ra)
198       00000300  00000304  fff7f537  3         15        00006000  31        effff000  10        fff7f000  fff7f000  00000000  effff000  lui     a0, 0xfff7f
199       00000304  00000308  06a0a023  3         1         00003188  10        fffbf000  0         000031e8  000031e8  00000000  fff7f000  sw      a0, 96(ra)
200       00000308  0000030c  ffeff537  3         31        effff000  30        00002000  10        ffeff000  ffeff000  00000000  00002000  lui     a0, 0xffeff
201       0000030c  00000310  06a0a223  3         1         00003188  10        fff7f000  4         000031ec  000031ec  00000000  ffeff000  sw      a0, 100(ra)
202       00000310  00000314  ffdff537  3         31        effff000  29        002d4000  10        ffdff000  ffdff000  00000000  002d4000  lui     a0, 0xffdff
203       00000314  00000318  06a0a423  3         1         00003188  10        ffeff000  8         000031f0  000031f0  00000000  ffdff000  sw      a0, 104(ra)
204       00000318  0000031c  ffbff537  3         31        effff000  27        33332000  10        ffbff000  ffbff000  00000000  33332000  lui     a0, 0xffbff
205       0000031c  00000320  06a0a623  3         1         00003188  10        ffdff000  12        000031f4  000031f4  00000000  ffbff000  sw      a0, 108(ra)
206       00000320  00000324  ff7ff537  3         31        effff000  23        33334000  10        ff7ff000  ff7ff000  00000000  33334000  lui     a0, 0xff7ff
207       00000324  00000328  06a0a823  3         1         00003188  10        ffbff000  16        000031f8  000031f8  00000000  ff7ff000  sw      a0, 112(ra)
208       00000328  0000032c  fefff537  3         31        effff000  15        00006000  10        fefff000  fefff000  00000000  00006000  lui     a0, 0xfefff
209       0000032c  00000330  06a0aa23  3         1         00003188  10        ff7ff000  20        000031fc  000031fc  00000000  fefff000  sw      a0, 116(ra)
210       00000330  00000334  fdfff537  3         31        effff000  31        effff000  10        fdfff000  fdfff000  00000000  effff000  lui     a0, 0xfdfff
211       00000334  00000338  06a0ac23  3         1         00003188  10        fefff000  24        00003200  00003200  00000000  fdfff000  sw      a0, 120(ra)
212       00000338  0000033c  fbfff537  3         31        effff000  31        effff000  10        fbfff000  fbfff000  00000000  effff000  lui     a0, 0xfbfff
213       0000033c  00000340  06a0ae23  3         1         00003188  10        fdfff000  28        00003204  00003204  00000000  fbfff000  sw      a0, 124(ra)
214       00000340  00000344  f7fff537  3         31        effff000  31        effff000  10        f7fff000  f7fff000  00000000  effff000  lui     a0, 0xf7fff
215       00000344  00000348  08a0a023  3         1         00003188  10        fbfff000  0         00003208  00003208  00000000  f7fff000  sw      a0, 128(ra)
216       00000348  0000034c  55555537  3         10        fbfff000  21        00400000  10        55555000  55555000  00000000  00400000  lui     a0, 0x55555
217       0000034c  00000350  08a0a223  3         1         00003188  10        f7fff000  4         0000320c  0000320c  00000000  55555000  sw      a0, 132(ra)
218       00000350  00000354  0200006f  3         0         00000000  0         00000000  0         00000354  00000020  00000000  00000000  j       80000370
220       00000370  00000374  00100093  3         0         00000000  1         00003188  1         00000001  00000001  00000000  00003188  li      ra, 1
221       00000374  00000378  00001f17  3         0         00000000  0         00000000  30        00001374  00001374  00000000  00000000  auipc   t5, 0x1
222       00000378  0000037c  c81f2623  3         30        00002000  1         00003188  12        00001000  00001000  00000000  00000001  sw      ra, -884(t5)
4096      00004000  00004004  feedc0b7  3         27        33332000  14        00040000  1         feedc000  feedc000  00000000  00040000  lui     ra, 0xfeedc
4097      00004004  00004008  ead08093  3         1         00000001  13        00003000  1         feedbead  feedbead  00000000  00003000  addi    ra, ra, -339
4098      00004008  0000400c  ff76e137  3         13        00003000  23        33334000  2         ff76e000  ff76e000  00000000  33334000  lui     sp, 0xff76e
4099      0000400c  00004010  f5610113  3         2         aaaa9000  22        33333000  2         ff76df56  ff76df56  00000000  33333000  addi    sp, sp, -170
4100      00004010  00004014  7fbb71b7  3         22        33333000  27        33332000  3         7fbb7000  7fbb7000  00000000  33332000  lui     gp, 0x7fbb7
4101      00004014  00004018  fab18193  3         3         003ff000  11        00001000  3         7fbb6fab  7fbb6fab  00000000  00001000  addi    gp, gp, -85
4102      00004018  0000401c  bfddb237  3         27        33332000  29        002d4000  4         bfddb000  bfddb000  00000000  002d4000  lui     tp, 0xbfddb
4103      0000401c  00004020  7d520213  3         4         aaaaa000  21        00400000  4         bfddb7d5  bfddb7d5  00000000  00400000  addi    tp, tp, 2005
4104      00004020  00004024  dfeee2b7  3         29        002d4000  30        00001374  5         dfeee000  dfeee000  00000000  00001374  lui     t0, 0xdfeee
4105      00004024  00004028  bea28293  3         5         00005000  10        55555000  5         dfeedbea  dfeedbea  00000000  55555000  addi    t0, t0, -1046
4106      00004028  0000402c  6ff77337  3         14        00040000  31        effff000  6         6ff77000  6ff77000  00000000  effff000  lui     t1, 0x6ff77
4107      0000402c  00004030  df530313  3         6         003fe000  21        00400000  6         6ff76df5  6ff76df5  00000000  00400000  addi    t1, t1, -523
4108      00004030  00004034  b7fbb3b7  3         23        33334000  31        effff000  7         b7fbb000  b7fbb000  00000000  effff000  lui     t2, 0xb7fbb
4109      00004034  00004038  6fa38393  3         7         00020000  26        66666000  7         b7fbb6fa  b7fbb6fa  00000000  66666000  addi    t2, t2, 1786
4110      00004038  0000403c  5bfde437  3         27        33332000  31        effff000  8         5bfde000  5bfde000  00000000  effff000  lui     s0, 0x5bfde
4111      0000403c  00004040  b7d40413  3         8         00000000  29        002d4000  8         5bfddb7d  5bfddb7d  00000000  002d4000  addi    s0, s0, -1155
4112      00004040  00004044  adfef4b7  3         29        002d4000  31        effff000  9         adfef000  adfef000  00000000  effff000  lui     s1, 0xadfef
4113      00004044  00004048  dbe48493  3         9         00080000  30        00001374  9         adfeedbe  adfeedbe  00000000  00001374  addi    s1, s1, -578
4114      00004048  0000404c  56ff7537  3         30        00001374  15        00006000  10        56ff7000  56ff7000  00000000  00006000  lui     a0, 0x56ff7
4115      0000404c  00004050  6df50513  3         10        55555000  31        effff000  10        56ff76df  56ff76df  00000000  effff000  addi    a0, a0, 1759
4116      00004050  00004054  ab7fc5b7  3         31        effff000  23        33334000  11        ab7fc000  ab7fc000  00000000  33334000  lui     a1, 0xab7fc
4117      00004054  00004058  b6f58593  3         11        00001000  15        00006000  11        ab7fbb6f  ab7fbb6f  00000000  00006000  addi    a1, a1, -1169
4118      00004058  0000405c  d5bfe637  3         31        effff000  27        33332000  12        d5bfe000  d5bfe000  00000000  33332000  lui     a2, 0xd5bfe
4119      0000405c  00004060  db760613  3         12        aaaab000  23        33334000  12        d5bfddb7  d5bfddb7  00000000  33334000  addi    a2, a2, -585
4120      00004060  00004064  eadff6b7  3         31        effff000  13        00003000  13        eadff000  eadff000  00000000  00003000  lui     a3, 0xeadff
4121      00004064  00004068  edb68693  3         13        00003000  27        33332000  13        eadfeedb  eadfeedb  00000000  33332000  addi    a3, a3, -293
4122      00004068  0000406c  f56ff737  3         31        effff000  22        33333000  14        f56ff000  f56ff000  00000000  33333000  lui     a4, 0xf56ff
4123      0000406c  00004070  76d70713  3         14        00040000  13        eadff000  14        f56ff76d  f56ff76d  00000000  eadfeedb  addi    a4, a4, 1901
4124      00004070  00004074  fab807b7  3         16        55554000  11        ab7fbb6f  15        fab80000  fab80000  00000000  ab7fbb6f  lui     a5, 0xfab80
4125      00004074  00004078  bb678793  3         15        00006000  22        33333000  15        fab7fbb6  fab7fbb6  00000000  33333000  addi    a5, a5, -1098
4126      00004078  0000407c  7d5c0837  3         24        00004000  21        00400000  16        7d5c0000  7d5c0000  00000000  00400000  lui     a6, 0x7d5c0
4127      0000407c  00004080  ddb80813  3         16        55554000  27        33332000  16        7d5bfddb  7d5bfddb  00000000  33332000  addi    a6, a6, -549
4128      00004080  00004084  beae08b7  3         28        002d3000  10        56ff76df  17        beae0000  beae0000  00000000  56ff76df  lui     a7, 0xbeae0
4129      00004084  00004088  eed88893  3         17        00008000  13        eadfeedb  17        beadfeed  beadfeed  00000000  eadfeedb  addi    a7, a7, -275
4130      00004088  0000408c  df570937  3         14        f56ff76d  21        00400000  18        df570000  df570000  00000000  00400000  lui     s2, 0xdf570
4131      0000408c  00004090  f7690913  3         18        002d5000  22        33333000  18        df56ff76  df56ff76  00000000  33333000  addi    s2, s2, -138
4132      00004090  00004094  6fab89b7  3         23        33334000  26        66666000  19        6fab8000  6fab8000  00000000  66666000  lui     s3, 0x6fab8
4133      00004094  00004098  fbb98993  3         19        fffff000  27        33332000  19        6fab7fbb  6fab7fbb  00000000  33332000  addi    s3, s3, -69
4134      00004098  0000409c  b7d5ca37  3         11        ab7fbb6f  29        002d4000  20        b7d5c000  b7d5c000  00000000  002d4000  lui     s4, 0xb7d5c
4135      0000409c  000040a0  fdda0a13  3         20        66665000  29        002d4000  20        b7d5bfdd  b7d5bfdd  00000000  002d4000  addi    s4, s4, -35
4136      000040a0  000040a4  dbeaeab7  3         21        00400000  30        00001374  21        dbeae000  dbeae000  00000000  00001374  lui     s5, 0xdbeae
4137      000040a4  000040a8  feea8a93  3         21        00400000  14        f56ff76d  21        dbeadfee  dbeadfee  00000000  f56ff76d  addi    s5, s5, -18
4138      000040a8  000040ac  6df57b37  3         10        56ff76df  31        effff000  22        6df57000  6df57000  00000000  effff000  lui     s6, 0x6df57
4139      000040ac  000040b0  ff7b0b13  3         22        33333000  23        33334000  22        6df56ff7  6df56ff7  00000000  33334000  addi    s6, s6, -9
4140      000040b0  000040b4  b6fabbb7  3         21        dbeadfee  15        fab7fbb6  23        b6fab000  b6fab000  00000000  fab7fbb6  lui     s7, 0xb6fab
4141      000040b4  000040b8  7fbb8b93  3         23        33334000  27        33332000  23        b6fab7fb  b6fab7fb  00000000  33332000  addi    s7, s7, 2043
4142      000040b8  000040bc  db7d6c37  3         26        66666000  23        33334000  24        db7d6000  db7d6000  00000000  b6fab7fb  lui     s8, 0xdb7d6
4143      000040bc  000040c0  bfdc0c13  3         24        00004000  29        002d4000  24        db7d5bfd  db7d5bfd  00000000  002d4000  addi    s8, s8, -1027
4144      000040c0  000040c4  edbebcb7  3         29        002d4000  27        33332000  25        edbeb000  edbeb000  00000000  33332000  lui     s9, 0xedbeb
4145      000040c4  000040c8  dfec8c93  3         25        00010000  30        00001374  25        edbeadfe  edbeadfe  00000000  00001374  addi    s9, s9, -514
4146      000040c8  000040cc  76df5d37  3         30        00001374  13        eadfeedb  26        76df5000  76df5000  00000000  eadfeedb  lui     s10, 0x76df5
4147      000040cc  000040d0  6ffd0d13  3         26        66666000  31        effff000  26        76df56ff  76df56ff  00000000  effff000  addi    s10, s10, 1791
4148      000040d0  000040d4  bb6fbdb7  3         31        effff000  22        6df56ff7  27        bb6fb000  bb6fb000  00000000  6df56ff7  lui     s11, 0xbb6fb
4149      000040d4  000040d8  b7fd8d93  3         27        33332000  31        effff000  27        bb6fab7f  bb6fab7f  00000000  effff000  addi    s11, s11, -1153
4150      000040d8  000040dc  ddb7de37  3         15        fab7fbb6  27        33332000  28        ddb7d000  ddb7d000  00000000  bb6fab7f  lui     t3, 0xddb7d
4151      000040dc  000040e0  5bfe0e13  3         28        002d3000  31        effff000  28        ddb7d5bf  ddb7d5bf  00000000  effff000  addi    t3, t3, 1471
4152      000040e0  000040e4  eedbfeb7  3         23        b6fab7fb  13        eadfeedb  29        eedbf000  eedbf000  00000000  eadfeedb  lui     t4, 0xeedbf
4153      000040e4  000040e8  adfe8e93  3         29        002d4000  31        effff000  29        eedbeadf  eedbeadf  00000000  effff000  addi    t4, t4, -1313
4154      000040e8  000040ec  f76dff37  3         27        bb6fab7f  22        6df56ff7  30        f76df000  f76df000  00000000  6df56ff7  lui     t5, 0xf76df
4155      000040ec  000040f0  56ff0f13  3         30        00001374  15        fab7fbb6  30        f76df56f  f76df56f  00000000  fab7fbb6  addi    t5, t5, 1391
4156      000040f0  000040f4  fbb70fb7  3         14        f56ff76d  27        bb6fab7f  31        fbb70000  fbb70000  00000000  bb6fab7f  lui     t6, 0xfbb70
4157      000040f4  000040f8  ab7f8f93  3         31        effff000  23        b6fab7fb  31        fbb6fab7  fbb6fab7  00000000  b6fab7fb  addi    t6, t6, -1353
4158      000040f8  000040fc  00000013  3         0         00000000  0         00000000  0         00000000  00000000  00000000  00000000  nop
4159      000040fc  00004100  00000013  3         0         00000000  0         00000000  0         00000000  00000000  00000000  00000000  nop
4160      00004100  00004104  00003497  3         0         00000000  0         00000000  9         00007100  00007100  00000000  00000000  auipc   s1, 0x3
4161      00004104  00004108  01448493  3         9         adfeedbe  20        b7d5bfdd  9         00007114  00007114  00000000  b7d5bfdd  addi    s1, s1, 20
4162      00004108  0000410c  00000013  3         0         00000000  0         00000000  0         00000000  00000000  00000000  00000000  nop
4163      0000410c  00004110  00000013  3         0         00000000  0         00000000  0         00000000  00000000  00000000  00000000  nop
4164      00004110  00004114  00000013  3         0         00000000  0         00000000  0         00000000  00000000  00000000  00000000  nop
4165      00004114  00004118  00000013  3         0         00000000  0         00000000  0         00000000  00000000  00000000  00000000  nop
4166      00004118  0000411c  00000013  3         0         00000000  0         00000000  0         00000000  00000000  00000000  00000000  nop
4167      0000411c  00004120  00000013  3         0         00000000  0         00000000  0         00000000  00000000  00000000  00000000  nop
4168      00004120  00004124  00000437  3         0         00000000  0         00000000  8         00000000  00000000  00000000  00000000  lui     s0, 0x0
4169      00004124  00004128  0084a023  3         9         00007114  8         5bfddb7d  0         00007114  00007114  00000000  00000000  sw      s0, 0(s1)
4170      00004128  0000412c  000052b7  3         0         00000000  0         00000000  5         00005000  00005000  00000000  00000000  lui     t0, 0x5
4171      0000412c  00004130  0054a223  3         9         00007114  5         dfeedbea  4         00007118  00007118  00000000  00005000  sw      t0, 4(s1)
4172      00004130  00004134  fffff9b7  3         31        fbb6fab7  31        fbb6fab7  19        fffff000  fffff000  00000000  fbb6fab7  lui     s3, 0xfffff
4173      00004134  00004138  0134a423  3         9         00007114  19        6fab7fbb  8         0000711c  0000711c  00000000  fffff000  sw      s3, 8(s1)
4174      00004138  0000413c  000036b7  3         0         00000000  0         00000000  13        00003000  00003000  00000000  00000000  lui     a3, 0x3
4175      0000413c  00004140  00d4a623  3         9         00007114  13        eadfeedb  12        00007120  00007120  00000000  00003000  sw      a3, 12(s1)
4176      00004140  00004144  55555037  3         10        56ff76df  21        dbeadfee  0         55555000  55555000  00000000  dbeadfee  lui     zero, 0x55555
4177      00004144  00004148  0004a823  3         9         00007114  0         00000000  16        00007124  00007124  00000000  00000000  sw      zero, 16(s1)
4178      00004148  0000414c  aaaaa237  3         21        dbeadfee  10        56ff76df  4         aaaaa000  aaaaa000  00000000  56ff76df  lui     tp, 0xaaaaa
4179      0000414c  00004150  0044aa23  3         9         00007114  4         bfddb7d5  20        00007128  00007128  00000000  aaaaa000  sw      tp, 20(s1)
4180      00004150  00004154  33333b37  3         6         6ff76df5  19        fffff000  22        33333000  33333000  00000000  fffff000  lui     s6, 0x33333
4181      00004154  00004158  0164ac23  3         9         00007114  22        6df56ff7  24        0000712c  0000712c  00000000  33333000  sw      s6, 24(s1)
4182      00004158  0000415c  66666d37  3         12        d5bfddb7  6         6ff76df5  26        66666000  66666000  00000000  6ff76df5  lui     s10, 0x66666
4183      0000415c  00004160  01a4ae23  3         9         00007114  26        76df56ff  28        00007130  00007130  00000000  66666000  sw      s10, 28(s1)
4184      00004160  00004164  002d4eb7  3         26        76df56ff  2         ff76df56  29        002d4000  002d4000  00000000  ff76df56  lui     t4, 0x2d4
4185      00004164  00004168  03d4a023  3         9         00007114  29        eedbeadf  0         00007134  00007134  00000000  002d4000  sw      t4, 32(s1)
4186      00004168  0000416c  003ff1b7  3         31        fbb6fab7  3         7fbb6fab  3         003ff000  003ff000  00000000  7fbb6fab  lui     gp, 0x3ff
4187      0000416c  00004170  0234a223  3         9         00007114  3         7fbb6fab  4         00007138  00007138  00000000  003ff000  sw      gp, 36(s1)
4188      00004170  00004174  00002f37  3         0         00000000  0         00000000  30        00002000  00002000  00000000  00000000  lui     t5, 0x2
4189      00004174  00004178  03e4a423  3         9         00007114  30        f76df56f  8         0000713c  0000713c  00000000  00002000  sw      t5, 40(s1)
4190      00004178  0000417c  55554837  3         10        56ff76df  21        dbeadfee  16        55554000  55554000  00000000  dbeadfee  lui     a6, 0x55554
4191      0000417c  00004180  0304a623  3         9         00007114  16        7d5bfddb  12        00007140  00007140  00000000  55554000  sw      a6, 44(s1)
4192      00004180  00004184  aaaa9137  3         21        dbeadfee  10        56ff76df  2         aaaa9000  aaaa9000  00000000  56ff76df  lui     sp, 0xaaaa9
4193      00004184  00004188  0224a823  3         9         00007114  2         ff76df56  16        00007144  00007144  00000000  aaaa9000  sw      sp, 48(s1)
4194      00004188  0000418c  00004c37  3         0         00000000  0         00000000  24        00004000  00004000  00000000  00000000  lui     s8, 0x4
4195      0000418c  00004190  0384aa23  3         9         00007114  24        db7d5bfd  20        00007148  00007148  00000000  00004000  sw      s8, 52(s1)
4196      00004190  00004194  33332db7  3         6         6ff76df5  19        fffff000  27        33332000  33332000  00000000  fffff000  lui     s11, 0x33332
4197      00004194  00004198  03b4ac23  3         9         00007114  27        bb6fab7f  24        0000714c  0000714c  00000000  33332000  sw      s11, 56(s1)
4198      00004198  0000419c  66665a37  3         12        d5bfddb7  6         6ff76df5  20        66665000  66665000  00000000  6ff76df5  lui     s4, 0x66665
4199      0000419c  000041a0  0344ae23  3         9         00007114  20        b7d5bfdd  28        00007150  00007150  00000000  66665000  sw      s4, 60(s1)
4200      000041a0  000041a4  002d3e37  3         26        66666000  2         aaaa9000  28        002d3000  002d3000  00000000  aaaa9000  lui     t3, 0x2d3
4201      000041a4  000041a8  05c4a023  3         9         00007114  28        ddb7d5bf  0         00007154  00007154  00000000  002d3000  sw      t3, 64(s1)
4202      000041a8  000041ac  003fe337  3         31        fbb6fab7  3         003ff000  6         003fe000  003fe000  00000000  003ff000  lui     t1, 0x3fe
4203      000041ac  000041b0  0464a223  3         9         00007114  6         6ff76df5  4         00007158  00007158  00000000  003fe000  sw      t1, 68(s1)
4204      000041b0  000041b4  55556537  3         10        56ff76df  21        dbeadfee  10        55556000  55556000  00000000  dbeadfee  lui     a0, 0x55556
4205      000041b4  000041b8  04a4a423  3         9         00007114  10        56ff76df  8         0000715c  0000715c  00000000  55556000  sw      a0, 72(s1)
4206      000041b8  000041bc  aaaab637  3         21        dbeadfee  10        56ff76df  12        aaaab000  aaaab000  00000000  55556000  lui     a2, 0xaaaab
4207      000041bc  000041c0  04c4a623  3         9         00007114  12        d5bfddb7  12        00007160  00007160  00000000  aaaab000  sw      a2, 76(s1)
4208      000041c0  000041c4  000067b7  3         0         00000000  0         00000000  15        00006000  00006000  00000000  00000000  lui     a5, 0x6
4209      000041c4  000041c8  04f4a823  3         9         00007114  15        fab7fbb6  16        00007164  00007164  00000000  00006000  sw      a5, 80(s1)
4210      000041c8  000041cc  33334bb7  3         6         003fe000  19        fffff000  23        33334000  33334000  00000000  fffff000  lui     s7, 0x33334
4211      000041cc  000041d0  0574aa23  3         9         00007114  23        b6fab7fb  20        00007168  00007168  00000000  33334000  sw      s7, 84(s1)
4212      000041d0  000041d4  666670b7  3         12        aaaab000  6         003fe000  1         66667000  66667000  00000000  003fe000  lui     ra, 0x66667
4213      000041d4  000041d8  0414ac23  3         9         00007114  1         feedbead  24        0000716c  0000716c  00000000  66667000  sw      ra, 88(s1)
4214      000041d8  000041dc  002d5937  3         26        66666000  2         aaaa9000  18        002d5000  002d5000  00000000  aaaa9000  lui     s2, 0x2d5
4215      000041dc  000041e0  0524ae23  3         9         00007114  18        df56ff76  28        00007170  00007170  00000000  002d5000  sw      s2, 92(s1)
4216      000041e0  000041e4  000015b7  3         0         00000000  0         00000000  11        00001000  00001000  00000000  00000000  lui     a1, 0x1
4217      000041e4  000041e8  06b4a023  3         9         00007114  11        ab7fbb6f  0         00007174  00007174  00000000  00001000  sw      a1, 96(s1)
4218      000041e8  000041ec  00400ab7  3         0         00000000  4         aaaaa000  21        00400000  00400000  00000000  aaaaa000  lui     s5, 0x400
4219      000041ec  000041f0  0754a223  3         9         00007114  21        dbeadfee  4         00007178  00007178  00000000  00400000  sw      s5, 100(s1)
4220      000041f0  000041f4  000088b7  3         1         66667000  0         00000000  17        00008000  00008000  00000000  00000000  lui     a7, 0x8
4221      000041f4  000041f8  0714a423  3         9         00007114  17        beadfeed  8         0000717c  0000717c  00000000  00008000  sw      a7, 104(s1)
4222      000041f8  000041fc  00010cb7  3         2         aaaa9000  0         00000000  25        00010000  00010000  00000000  00000000  lui     s9, 0x10
4223      000041fc  00004200  0794a623  3         9         00007114  25        edbeadfe  12        00007180  00007180  00000000  00010000  sw      s9, 108(s1)
4224      00004200  00004204  000203b7  3         4         aaaaa000  0         00000000  7         00020000  00020000  00000000  00000000  lui     t2, 0x20
4225      00004204  00004208  0674a823  3         9         00007114  7         b7fbb6fa  16        00007184  00007184  00000000  00020000  sw      t2, 112(s1)
4226      00004208  0000420c  00000013  3         0         00000000  0         00000000  0         00000000  00000000  00000000  00000000  nop
4227      0000420c  00004210  00000013  3         0         00000000  0         00000000  0         00000000  00000000  00000000  00000000  nop
4228      00004210  00004214  00000013  3         0         00000000  0         00000000  0         00000000  00000000  00000000  00000000  nop
4229      00004214  00004218  00000013  3         0         00000000  0         00000000  0         00000000  00000000  00000000  00000000  nop
4230      00004218  0000421c  00000013  3         0         00000000  0         00000000  0         00000000  00000000  00000000  00000000  nop
4231      0000421c  00004220  00000013  3         0         00000000  0         00000000  0         00000000  00000000  00000000  00000000  nop
4232      00004220  00004224  00003097  3         0         00000000  0         00000000  1         00007220  00007220  00000000  00000000  auipc   ra, 0x3
4233      00004224  00004228  f6808093  3         1         66667000  8         00000000  1         00007188  00007188  00000000  00000000  addi    ra, ra, -152
4234      00004228  0000422c  00000013  3         0         00000000  0         00000000  0         00000000  00000000  00000000  00000000  nop
4235      0000422c  00004230  00000013  3         0         00000000  0         00000000  0         00000000  00000000  00000000  00000000  nop
4236      00004230  00004234  00000013  3         0         00000000  0         00000000  0         00000000  00000000  00000000  00000000  nop
4237      00004234  00004238  00000013  3         0         00000000  0         00000000  0         00000000  00000000  00000000  00000000  nop
4238      00004238  0000423c  00000013  3         0         00000000  0         00000000  0         00000000  00000000  00000000  00000000  nop
4239      0000423c  00004240  00000013  3         0         00000000  0         00000000  0         00000000  00000000  00000000  00000000  nop
4240      00004240  00004244  00040737  3         8         00000000  0         00000000  14        00040000  00040000  00000000  00000000  lui     a4, 0x40
4241      00004244  00004248  00e0a023  3         1         00007188  14        f56ff76d  0         00007188  00007188  00000000  00040000  sw      a4, 0(ra)
4242      00004248  0000424c  000804b7  3         16        55554000  0         00000000  9         00080000  00080000  00000000  00000000  lui     s1, 0x80
4243      0000424c  00004250  0090a223  3         1         00007188  9         00007114  4         0000718c  0000718c  00000000  00080000  sw      s1, 4(ra)
4244      00004250  00004254  efffffb7  3         31        fbb6fab7  31        fbb6fab7  31        effff000  effff000  00000000  fbb6fab7  lui     t6, 0xeffff
4245      00004254  00004258  01f0a423  3         1         00007188  31        fbb6fab7  8         00007190  00007190  00000000  effff000  sw      t6, 8(ra)
4246      00004258  0000425c  dffff537  3         31        fbb6fab7  31        fbb6fab7  10        dffff000  dffff000  00000000  effff000  lui     a0, 0xdffff
4247      0000425c  00004260  00a0a623  3         1         00007188  10        55556000  12        00007194  00007194  00000000  dffff000  sw      a0, 12(ra)
4248      00004260  00004264  bffff537  3         31        effff000  31        effff000  10        bffff000  bffff000  00000000  effff000  lui     a0, 0xbffff
4249      00004264  00004268  00a0a823  3         1         00007188  10        dffff000  16        00007198  00007198  00000000  bffff000  sw      a0, 16(ra)
4250      00004268  0000426c  7ffff537  3         31        effff000  31        effff000  10        7ffff000  7ffff000  00000000  effff000  lui     a0, 0x7ffff
4251      0000426c  00004270  00a0aa23  3         1         00007188  10        bffff000  20        0000719c  0000719c  00000000  7ffff000  sw      a0, 20(ra)
4252      00004270  00004274  00100537  3         0         00000000  1         00007188  10        00100000  00100000  00000000  00007188  lui     a0, 0x100
4253      00004274  00004278  00a0ac23  3         1         00007188  10        7ffff000  24        000071a0  000071a0  00000000  00100000  sw      a0, 24(ra)
4254      00004278  0000427c  00200537  3         0         00000000  2         aaaa9000  10        00200000  00200000  00000000  aaaa9000  lui     a0, 0x200
4255      0000427c  00004280  00a0ae23  3         1         00007188  10        00100000  28        000071a4  000071a4  00000000  00200000  sw      a0, 28(ra)
4256      00004280  00004284  00800537  3         0         00000000  8         00000000  10        00800000  00800000  00000000  00000000  lui     a0, 0x800
4257      00004284  00004288  02a0a023  3         1         00007188  10        00200000  0         000071a8  000071a8  00000000  00800000  sw      a0, 32(ra)
4258      00004288  0000428c  01000537  3         0         00000000  16        55554000  10        01000000  01000000  00000000  55554000  lui     a0, 0x1000
4259      0000428c  00004290  02a0a223  3         1         00007188  10        00800000  4         000071ac  000071ac  00000000  01000000  sw      a0, 36(ra)
4260      00004290  00004294  02000537  3         0         00000000  0         00000000  10        02000000  02000000  00000000  00000000  lui     a0, 0x2000
4261      00004294  00004298  02a0a423  3         1         00007188  10        01000000  8         000071b0  000071b0  00000000  02000000  sw      a0, 40(ra)
4262      00004298  0000429c  04000537  3         0         00000000  0         00000000  10        04000000  04000000  00000000  00000000  lui     a0, 0x4000
4263      0000429c  000042a0  02a0a623  3         1         00007188  10        02000000  12        000071b4  000071b4  00000000  04000000  sw      a0, 44(ra)
4264      000042a0  000042a4  08000537  3         0         00000000  0         00000000  10        08000000  08000000  00000000  00000000  lui     a0, 0x8000
4265      000042a4  000042a8  02a0a823  3         1         00007188  10        04000000  16        000071b8  000071b8  00000000  08000000  sw      a0, 48(ra)
4266      000042a8  000042ac  10000537  3         0         00000000  0         00000000  10        10000000  10000000  00000000  00000000  lui     a0, 0x10000
4267      000042ac  000042b0  02a0aa23  3         1         00007188  10        08000000  20        000071bc  000071bc  00000000  10000000  sw      a0, 52(ra)
4268      000042b0  000042b4  20000537  3         0         00000000  0         00000000  10        20000000  20000000  00000000  00000000  lui     a0, 0x20000
4269      000042b4  000042b8  02a0ac23  3         1         00007188  10        10000000  24        000071c0  000071c0  00000000  20000000  sw      a0, 56(ra)
4270      000042b8  000042bc  40000537  3         0         00000000  0         00000000  10        40000000  40000000  00000000  00000000  lui     a0, 0x40000
4271      000042bc  000042c0  02a0ae23  3         1         00007188  10        20000000  28        000071c4  000071c4  00000000  40000000  sw      a0, 60(ra)
4272      000042c0  000042c4  80000537  3         0         00000000  0         00000000  10        80000000  80000000  00000000  00000000  lui     a0, 0x80000
4273      000042c4  000042c8  04a0a023  3         1         00007188  10        40000000  0         000071c8  000071c8  00000000  80000000  sw      a0, 64(ra)
4274      000042c8  000042cc  ffffe537  3         31        effff000  31        effff000  10        ffffe000  ffffe000  00000000  effff000  lui     a0, 0xffffe
4275      000042cc  000042d0  04a0a223  3         1         00007188  10        80000000  4         000071cc  000071cc  00000000  ffffe000  sw      a0, 68(ra)
4276      000042d0  000042d4  ffffd537  3         31        effff000  31        effff000  10        ffffd000  ffffd000  00000000  effff000  lui     a0, 0xffffd
4277      000042d4  000042d8  04a0a423  3         1         00007188  10        ffffe000  8         000071d0  000071d0  00000000  ffffd000  sw      a0, 72(ra)
4278      000042d8  000042dc  ffffb537  3         31        effff000  31        effff000  10        ffffb000  ffffb000  00000000  effff000  lui     a0, 0xffffb
4279      000042dc  000042e0  04a0a623  3         1         00007188  10        ffffd000  12        000071d4  000071d4  00000000  ffffb000  sw      a0, 76(ra)
4280      000042e0  000042e4  ffff7537  3         30        00002000  31        effff000  10        ffff7000  ffff7000  00000000  effff000  lui     a0, 0xffff7
4281      000042e4  000042e8  04a0a823  3         1         00007188  10        ffffb000  16        000071d8  000071d8  00000000  ffff7000  sw      a0, 80(ra)
4282      000042e8  000042ec  fffef537  3         29        002d4000  31        effff000  10        fffef000  fffef000  00000000  effff000  lui     a0, 0xfffef
4283      000042ec  000042f0  04a0aa23  3         1         00007188  10        ffff7000  20        000071dc  000071dc  00000000  fffef000  sw      a0, 84(ra)
4284      000042f0  000042f4  fffdf537  3         27        33332000  31        effff000  10        fffdf000  fffdf000  00000000  effff000  lui     a0, 0xfffdf
4285      000042f4  000042f8  04a0ac23  3         1         00007188  10        fffef000  24        000071e0  000071e0  00000000  fffdf000  sw      a0, 88(ra)
4286      000042f8  000042fc  fffbf537  3         23        33334000  31        effff000  10        fffbf000  fffbf000  00000000  effff000  lui     a0, 0xfffbf
4287      000042fc  00004300  04a0ae23  3         1         00007188  10        fffdf000  28        000071e4  000071e4  00000000  fffbf000  sw      a0, 92(ra)
4288      00004300  00004304  fff7f537  3         15        00006000  31        effff000  10        fff7f000  fff7f000  00000000  effff000  lui     a0, 0xfff7f
4289      00004304  00004308  06a0a023  3         1         00007188  10        fffbf000  0         000071e8  000071e8  00000000  fff7f000  sw      a0, 96(ra)
4290      00004308  0000430c  ffeff537  3         31        effff000  30        00002000  10        ffeff000  ffeff000  00000000  00002000  lui     a0, 0xffeff
4291      0000430c  00004310  06a0a223  3         1         00007188  10        fff7f000  4         000071ec  000071ec  00000000  ffeff000  sw      a0, 100(ra)
4292      00004310  00004314  ffdff537  3         31        effff000  29        002d4000  10        ffdff000  ffdff000  00000000  002d4000  lui     a0, 0xffdff
4293      00004314  00004318  06a0a423  3         1         00007188  10        ffeff000  8         000071f0  000071f0  00000000  ffdff000  sw      a0, 104(ra)
4294      00004318  0000431c  ffbff537  3         31        effff000  27        33332000  10        ffbff000  ffbff000  00000000  33332000  lui     a0, 0xffbff
4295      0000431c  00004320  06a0a623  3         1         00007188  10        ffdff000  12        000071f4  000071f4  00000000  ffbff000  sw      a0, 108(ra)
4296      00004320  00004324  ff7ff537  3         31        effff000  23        33334000  10        ff7ff000  ff7ff000  00000000  33334000  lui     a0, 0xff7ff
4297      00004324  00004328  06a0a823  3         1         00007188  10        ffbff000  16        000071f8  000071f8  00000000  ff7ff000  sw      a0, 112(ra)
4298      00004328  0000432c  fefff537  3         31        effff000  15        00006000  10        fefff000  fefff000  00000000  00006000  lui     a0, 0xfefff
4299      0000432c  00004330  06a0aa23  3         1         00007188  10        ff7ff000  20        000071fc  000071fc  00000000  fefff000  sw      a0, 116(ra)
4300      00004330  00004334  fdfff537  3         31        effff000  31        effff000  10        fdfff000  fdfff000  00000000  effff000  lui     a0, 0xfdfff
4301      00004334  00004338  06a0ac23  3         1         00007188  10        fefff000  24        00007200  00007200  00000000  fdfff000  sw      a0, 120(ra)
4302      00004338  0000433c  fbfff537  3         31        effff000  31        effff000  10        fbfff000  fbfff000  00000000  effff000  lui     a0, 0xfbfff
4303      0000433c  00004340  06a0ae23  3         1         00007188  10        fdfff000  28        00007204  00007204  00000000  fbfff000  sw      a0, 124(ra)
4304      00004340  00004344  f7fff537  3         31        effff000  31        effff000  10        f7fff000  f7fff000  00000000  effff000  lui     a0, 0xf7fff
4305      00004344  00004348  08a0a023  3         1         00007188  10        fbfff000  0         00007208  00007208  00000000  f7fff000  sw      a0, 128(ra)
4306      00004348  0000434c  55555537  3         10        fbfff000  21        00400000  10        55555000  55555000  00000000  00400000  lui     a0, 0x55555
4307      0000434c  00004350  08a0a223  3         1         00007188  10        f7fff000  4         0000720c  0000720c  00000000  55555000  sw      a0, 132(ra)
4308      00004350  00004354  0200006f  3         0         00000000  0         00000000  0         00004354  00000020  00000000  00000000  j       80000370
4310      00004370  00004374  00100093  3         0         00000000  1         00007188  1         00000001  00000001  00000000  00007188  li      ra, 1
4311      00004374  00004378  00001f17  3         0         00000000  0         00000000  30        00005374  00005374  00000000  00000000  auipc   t5, 0x1
4312      00004378  0000437c  c81f2623  3         30        00002000  1         00007188  12        00005000  00005000  00000000  00000001  sw      ra, -884(t5)
