java.io.IOException: Could not create directory /target/global-logging: java.nio.file.AccessDeniedException: /target
	at sbt.io.IO$.createDirectory(IO.scala:335)
	at sbt.StandardMain$.$anonfun$initialGlobalLogging$2(Main.scala:243)
	at sbt.StandardMain$.$anonfun$initialGlobalLogging$2$adapted(Main.scala:243)
	at scala.Option.foreach(Option.scala:407)
	at sbt.StandardMain$.$anonfun$initialGlobalLogging$1(Main.scala:243)
	at sbt.internal.io.Retry$.apply(Retry.scala:47)
	at sbt.internal.io.Retry$.apply(Retry.scala:29)
	at sbt.internal.io.Retry$.apply(Retry.scala:24)
	at sbt.StandardMain$.createTemp$1(Main.scala:242)
	at sbt.StandardMain$.$anonfun$initialGlobalLogging$3(Main.scala:248)
	at sbt.internal.util.GlobalLogBacking$.apply(GlobalLogging.scala:62)
	at sbt.internal.util.GlobalLogging$.initial(GlobalLogging.scala:89)
	at sbt.StandardMain$.initialGlobalLogging(Main.scala:249)
	at sbt.StandardMain$.initialGlobalLogging(Main.scala:252)
	at sbt.StandardMain$.initialState(Main.scala:282)
	at sbt.xMain$.$anonfun$run$11(Main.scala:128)
	at scala.util.DynamicVariable.withValue(DynamicVariable.scala:62)
	at scala.Console$.withIn(Console.scala:230)
	at sbt.internal.util.Terminal$.withIn(Terminal.scala:610)
	at sbt.internal.util.Terminal$.$anonfun$withStreams$1(Terminal.scala:390)
	at scala.util.DynamicVariable.withValue(DynamicVariable.scala:62)
	at scala.Console$.withOut(Console.scala:167)
	at sbt.internal.util.Terminal$.$anonfun$withOut$2(Terminal.scala:600)
	at scala.util.DynamicVariable.withValue(DynamicVariable.scala:62)
	at scala.Console$.withErr(Console.scala:196)
	at sbt.internal.util.Terminal$.withOut(Terminal.scala:600)
	at sbt.internal.util.Terminal$.withStreams(Terminal.scala:390)
	at sbt.xMain$.withStreams$1(Main.scala:88)
	at sbt.xMain$.run(Main.scala:123)
	at java.base/jdk.internal.reflect.DirectMethodHandleAccessor.invoke(DirectMethodHandleAccessor.java:103)
	at java.base/java.lang.reflect.Method.invoke(Method.java:580)
	at sbt.internal.XMainConfiguration.run(XMainConfiguration.java:59)
	at sbt.xMain.run(Main.scala:47)
	at xsbt.boot.Launch$.$anonfun$run$1(Launch.scala:149)
	at xsbt.boot.Launch$.withContextLoader(Launch.scala:176)
	at xsbt.boot.Launch$.run(Launch.scala:149)
	at xsbt.boot.Launch$.$anonfun$apply$1(Launch.scala:44)
	at xsbt.boot.Launch$.launch(Launch.scala:159)
	at xsbt.boot.Launch$.apply(Launch.scala:44)
	at xsbt.boot.Launch$.apply(Launch.scala:21)
	at xsbt.boot.Boot$.runImpl(Boot.scala:78)
	at xsbt.boot.Boot$.run(Boot.scala:73)
	at xsbt.boot.Boot$.main(Boot.scala:21)
	at xsbt.boot.Boot.main(Boot.scala)
Caused by: java.nio.file.AccessDeniedException: /target
	at java.base/sun.nio.fs.UnixException.translateToIOException(UnixException.java:90)
	at java.base/sun.nio.fs.UnixException.rethrowAsIOException(UnixException.java:106)
	at java.base/sun.nio.fs.UnixException.rethrowAsIOException(UnixException.java:111)
	at java.base/sun.nio.fs.UnixFileSystemProvider.createDirectory(UnixFileSystemProvider.java:438)
	at java.base/java.nio.file.Files.createDirectory(Files.java:699)
	at java.base/java.nio.file.Files.createAndCheckIsDirectory(Files.java:807)
	at java.base/java.nio.file.Files.createDirectories(Files.java:793)
	at sbt.io.IO$.$anonfun$createDirectory$1(IO.scala:331)
	at sbt.internal.io.Retry$.apply(Retry.scala:47)
	at sbt.internal.io.Retry$.apply(Retry.scala:29)
	at sbt.internal.io.Retry$.apply(Retry.scala:24)
	at sbt.io.IO$.createDirectory(IO.scala:333)
	... 43 more
[error] [launcher] error during sbt launcher: java.io.IOException: Could not create directory /target/global-logging: java.nio.file.AccessDeniedException: /target
